#
# An unexpected error has been detected by HotSpot Virtual Machine:
#
#  SIGSEGV (0xb) at pc=0x00002b2f9242b4a4, pid=27010, tid=47483246697184
#
# Java VM: Java HotSpot(TM) 64-Bit Server VM (1.5.0_08-b03 mixed mode)
# Problematic frame:
# j  org.gnu.gtk.StatusIcon.gtk_status_icon_new_from_pixbuf(Lorg/gnu/glib/Handle;)Lorg/gnu/glib/Handle;+0
#

---------------  T H R E A D  ---------------

Current thread (0x0000000040116640):  JavaThread "main" [_thread_in_Java, id=27010]

siginfo:si_signo=11, si_errno=0, si_code=1, si_addr=0xffffffffaab61000

Registers:
RAX=0xffffffffaab61000, RBX=0x00002b2f95b35b20, RCX=0x00002b2f8e92efc0, RDX=0x00002b2f8e932870
RSP=0x00007fff1cf46bc8, RBP=0x00007fff1cf46c10, RSI=0x00002b2f8e92efb8, RDI=0x00000000401187a0
R8 =0x00002b2f8e91e668, R9 =0x0000000000000cc8, R10=0x00002b2f8ea4c000, R11=0x0000000000000cc8
R12=0x00002b2f9242b49b, R13=0x00002b2f95b35b20, R14=0x00007fff1cf46c30, R15=0x0000000040116640
RIP=0x00002b2f9242b4a4, EFL=0x0000000000010286, CSGSFS=0x0000000000000033, ERR=0x0000000000000005
  TRAPNO=0x000000000000000e

Top of Stack: (sp=0x00007fff1cf46bc8)
0x00007fff1cf46bc8:   00002b2f9242ea4e 0000000040116640
0x00007fff1cf46bd8:   00007fff1cf46bd8 00002b2f95b35b20
0x00007fff1cf46be8:   00007fff1cf46c30 00002b2f95b37658
0x00007fff1cf46bf8:   0000000000000000 00002b2f95b35b20
0x00007fff1cf46c08:   00007fff1cf46c30 00007fff1cf46c78
0x00007fff1cf46c18:   00002b2f92424de1 00002b2f95b36ec8
0x00007fff1cf46c28:   00002b2f9242b49b 00002b2fafd43c20
0x00007fff1cf46c38:   00002b2fafd43ae0 00007fff1cf46c40
0x00007fff1cf46c48:   00002b2f95b3431d 00007fff1cf46c90
0x00007fff1cf46c58:   00002b2f95b37658 0000000000000000
0x00007fff1cf46c68:   00002b2f95b34338 00007fff1cf46c88
0x00007fff1cf46c78:   00007fff1cf46cd8 00002b2f92424efe
0x00007fff1cf46c88:   00002b2fafd43c40 00002b2fafd43ae0
0x00007fff1cf46c98:   00002b2fafd43ae0 00007fff1cf46ca0
0x00007fff1cf46ca8:   00002b2f95747daa 00007fff1cf46cf8
0x00007fff1cf46cb8:   00002b2f957b6320 0000000000000000
0x00007fff1cf46cc8:   00002b2f95747df8 00007fff1cf46cf8
0x00007fff1cf46cd8:   00007fff1cf46d38 00002b2f92424efe
0x00007fff1cf46ce8:   0000000000000000 00002b2fafd35570
0x00007fff1cf46cf8:   00002b2fafb9c848 00007fff1cf46d00
0x00007fff1cf46d08:   00002b2f95747c5d 00007fff1cf46d60
0x00007fff1cf46d18:   00002b2f957b6320 0000000000000000
0x00007fff1cf46d28:   00002b2f95747ce0 00007fff1cf46d60
0x00007fff1cf46d38:   00007fff1cf46da8 00002b2f92424efe
0x00007fff1cf46d48:   0000000000000000 00002b2fafcb7980
0x00007fff1cf46d58:   00002b2fafb9d988 00002b2fafb9c848
0x00007fff1cf46d68:   00002b2fafb9c848 00007fff1cf46d70
0x00007fff1cf46d78:   00002b2f95747fd8 00007fff1cf46dc8
0x00007fff1cf46d88:   00002b2f957b6320 0000000000000000
0x00007fff1cf46d98:   00002b2f95748038 00007fff1cf46dc8
0x00007fff1cf46da8:   00007fff1cf46e30 00002b2f9242232d
0x00007fff1cf46db8:   0000000000000000 0000000000000000 

Instructions: (pc=0x00002b2f9242b4a4)
0x00002b2f9242b494:   c0 c3 c3 c3 c3 c3 c3 48 85 c0 0f 84 03 00 00 00
0x00002b2f9242b4a4:   48 8b 00 c3 00 00 00 00 00 00 00 00 00 00 00 00 

Stack: [0x00007fff1cd4c000,0x00007fff1cf4c000),  sp=0x00007fff1cf46bc8,  free space=2026k
Native frames: (J=compiled Java code, j=interpreted, Vv=VM code, C=native code)
j  org.gnu.gtk.StatusIcon.gtk_status_icon_new_from_pixbuf(Lorg/gnu/glib/Handle;)Lorg/gnu/glib/Handle;+0
j  org.gnu.gtk.StatusIcon.<init>(Lorg/gnu/gdk/Pixbuf;)V+5
j  org.jindex.client.JIndexClient.registerTrayIcon()V+26
j  org.jindex.client.JIndexClient.<init>()V+141
j  org.jindex.client.JIndexClient.main([Ljava/lang/String;)V+8
v  ~StubRoutines::call_stub
V  [libjvm.so+0x3848e5]
V  [libjvm.so+0x55eae9]
V  [libjvm.so+0x3846f5]
V  [libjvm.so+0x3b1d55]
V  [libjvm.so+0x3a2c65]
C  [java+0x1fd6]  strcmp+0x796


---------------  P R O C E S S  ---------------

Java Threads: ( => current thread )
  0x00002aaaaab7fa70 JavaThread "Low Memory Detector" daemon [_thread_blocked, id=27029]
  0x00002aaaaab7de50 JavaThread "CompilerThread1" daemon [_thread_blocked, id=27028]
  0x00002aaaaab7c8b0 JavaThread "CompilerThread0" daemon [_thread_blocked, id=27027]
  0x00002aaaaab7b160 JavaThread "AdapterThread" daemon [_thread_blocked, id=27026]
  0x00002aaaaab79e70 JavaThread "Signal Dispatcher" daemon [_thread_blocked, id=27025]
  0x00002aaaaab652f0 JavaThread "Finalizer" daemon [_thread_blocked, id=27023]
  0x00002aaaaab64ad0 JavaThread "Reference Handler" daemon [_thread_blocked, id=27022]
=>0x0000000040116640 JavaThread "main" [_thread_in_Java, id=27010]

Other Threads:
  0x00002aaaaab605e0 VMThread [id=27021]
  0x00002aaaaab816b0 WatcherThread [id=27030]

VM state:not at safepoint (normal execution)

VM Mutex/Monitor currently owned by a thread: None

Heap
 PSYoungGen      total 9408K, used 6531K [0x00002b2faf6f0000, 0x00002b2fb0160000, 0x00002b2fb9ef0000)
  eden space 8128K, 80% used [0x00002b2faf6f0000,0x00002b2fafd50f70,0x00002b2fafee0000)
  from space 1280K, 0% used [0x00002b2fb0020000,0x00002b2fb0020000,0x00002b2fb0160000)
  to   space 1280K, 0% used [0x00002b2fafee0000,0x00002b2fafee0000,0x00002b2fb0020000)
 PSOldGen        total 21504K, used 0K [0x00002b2f9a6f0000, 0x00002b2f9bbf0000, 0x00002b2faf6f0000)
  object space 21504K, 0% used [0x00002b2f9a6f0000,0x00002b2f9a6f0000,0x00002b2f9bbf0000)
 PSPermGen       total 21248K, used 6433K [0x00002b2f954f0000, 0x00002b2f969b0000, 0x00002b2f9a6f0000)
  object space 21248K, 30% used [0x00002b2f954f0000,0x00002b2f95b387c0,0x00002b2f969b0000)

Dynamic libraries:
40000000-4000e000 r-xp 00000000 08:02 8159238                            /home/sorenm/jdk1.5.0_08/jre/bin/java
4010d000-40110000 rwxp 0000d000 08:02 8159238                            /home/sorenm/jdk1.5.0_08/jre/bin/java
40110000-40154000 rwxp 40110000 00:00 0                                  [heap]
40154000-40155000 ---p 40154000 00:00 0 
40155000-40255000 rwxp 40155000 00:00 0 
40255000-40256000 ---p 40255000 00:00 0 
40256000-40356000 rwxp 40256000 00:00 0 
40356000-40357000 ---p 40356000 00:00 0 
40357000-40457000 rwxp 40357000 00:00 0 
40457000-4045a000 ---p 40457000 00:00 0 
4045a000-40558000 rwxp 4045a000 00:00 0 
40558000-4055b000 ---p 40558000 00:00 0 
4055b000-40659000 rwxp 4055b000 00:00 0 
40659000-4065c000 ---p 40659000 00:00 0 
4065c000-4075a000 rwxp 4065c000 00:00 0 
4075a000-4075d000 ---p 4075a000 00:00 0 
4075d000-4085b000 rwxp 4075d000 00:00 0 
4085b000-4085e000 ---p 4085b000 00:00 0 
4085e000-4095c000 rwxp 4085e000 00:00 0 
4095c000-4095f000 ---p 4095c000 00:00 0 
4095f000-40a5d000 rwxp 4095f000 00:00 0 
40a5d000-40a60000 ---p 40a5d000 00:00 0 
40a60000-40b5e000 rwxp 40a60000 00:00 0 
40b5e000-40b5f000 ---p 40b5e000 00:00 0 
40b5f000-40c5f000 rwxp 40b5f000 00:00 0 
2aaaaaaab000-2aaaaabd3000 rwxp 2aaaaaaab000 00:00 0 
2aaaaabd3000-2aaaaac06000 r-xp 00000000 08:01 6284                       /usr/lib/locale/en_AU.utf8/LC_CTYPE
2aaaaac06000-2aaaaac0d000 r-xs 00000000 08:01 15026                      /usr/lib/gconv/gconv-modules.cache
2aaaaac0d000-2aaaaac0f000 r-xs 00000000 08:02 7962626                    /home/sorenm/jdk1.5.0_08/jre/lib/ext/dnsns.jar
2aaaaac0f000-2aaaaac36000 r-xs 00000000 08:02 9535490                    /home/sorenm/jdk1.5.0_08/jre/lib/ext/sunjce_provider.jar
2aaaaac36000-2aaaaacfa000 r-xs 00000000 08:02 9535494                    /home/sorenm/jdk1.5.0_08/jre/lib/ext/localedata.jar
2aaaaacfa000-2aaaaad06000 r-xs 00000000 08:02 11681970                   /home/sorenm/JIndex/libs/commons-codec.jar
2aaaaad06000-2aaaaad8d000 r-xs 00000000 08:02 11681971                   /home/sorenm/JIndex/libs/commons-collections.jar
2aaaaad8d000-2aaaaadb1000 r-xs 00000000 08:02 11681972                   /home/sorenm/JIndex/libs/commons-lang.jar
2aaaaadb1000-2aaaaaec9000 r-xs 00000000 08:02 11681975                   /home/sorenm/JIndex/libs/itext-1.3.jar
2aaaaaec9000-2aaaaaed9000 r-xs 00000000 08:02 11681976                   /home/sorenm/JIndex/libs/jakarta-oro.jar
2aaaaaed9000-2aaaaaeda000 r-xs 00000000 08:02 11681977                   /home/sorenm/JIndex/libs/java-fam.jar
2aaaaaeda000-2aaaab096000 r-xs 00000000 08:02 11682036                   /home/sorenm/JIndex/libs/jmf.jar
2aaaab096000-2aaaab196000 rwxp 2aaaab096000 00:00 0 
2aaaab196000-2aaaab1a7000 r-xs 00000000 08:02 11682037                   /home/sorenm/JIndex/libs/junit-3.8.1.1.jar
2aaaab1a7000-2aaaab23d000 r-xs 00000000 08:02 11682038                   /home/sorenm/JIndex/libs/jxl.jar
2aaaab23d000-2aaaab292000 r-xs 00000000 08:02 11682042                   /home/sorenm/JIndex/libs/log4j.jar
2aaaab292000-2aaaab2c5000 r-xs 00000000 08:02 11682039                   /home/sorenm/JIndex/libs/libdb4.4-java-4.4.20.jar
2aaaab2c5000-2aaaab315000 r-xs 00000000 08:02 11682043                   /home/sorenm/JIndex/libs/lucene-1.4.3.jar
2aaaab315000-2aaaab626000 r-xs 00000000 08:02 11681969                   /home/sorenm/JIndex/libs/PDFBox-0.7.1.jar
2aaaab626000-2aaaab634000 r-xs 00000000 08:02 11682045                   /home/sorenm/JIndex/libs/poi-contrib.jar
2aaaab634000-2aaaab663000 r-xs 00000000 08:02 11682046                   /home/sorenm/JIndex/libs/poi-scratchpad.jar
2aaaab663000-2aaaab725000 r-xs 00000000 08:02 11682047                   /home/sorenm/JIndex/libs/poi.jar
2aaaab725000-2aaaab728000 r-xs 00000000 08:02 11682048                   /home/sorenm/JIndex/libs/sabercat.jar
2aaaab728000-2aaaaba1a000 r-xs 00000000 08:02 11682049                   /home/sorenm/JIndex/libs/xalan.jar
2aaaaba1a000-2aaaabb0d000 r-xs 00000000 08:02 11682050                   /home/sorenm/JIndex/libs/xercesImpl.jar
2aaaabb0d000-2aaaabb28000 r-xs 00000000 08:02 11682044                   /home/sorenm/JIndex/libs/xml-apis.jar
2aaaabb28000-2aaaabb65000 r-xs 00000000 08:02 11682053                   /home/sorenm/JIndex/libs/xstream-1.1.2.jar
2aaaabb65000-2aaaabb71000 r-xs 00000000 08:02 11845969                   /home/sorenm/JIndex/libs/mail/activation.jar
2aaaabb71000-2aaaabb87000 r-xs 00000000 08:02 11845970                   /home/sorenm/JIndex/libs/mail/gnumail-providers.jar
2aaaabb87000-2aaaabbb1000 r-xs 00000000 08:02 11845971                   /home/sorenm/JIndex/libs/mail/gnumail.jar
2aaaabbb1000-2aaaabbde000 r-xs 00000000 08:02 11845972                   /home/sorenm/JIndex/libs/mail/inetlib.jar
2aaaabbde000-2aaaabbe4000 r-xs 00000000 08:02 11747591                   /home/sorenm/JIndex/libs/gnome-libs/amd64/glib0.4.jar
2aaaabbe4000-2aaaabbfb000 r-xs 00000000 08:02 11747592                   /home/sorenm/JIndex/libs/gnome-libs/amd64/gnome2.12-2.12.1.jar
2aaaabbfb000-2aaaabcfb000 rwxp 2aaaabbfb000 00:00 0 
2aaaabcfb000-2aaaabd9e000 r-xs 00000000 08:02 11747594                   /home/sorenm/JIndex/libs/gnome-libs/amd64/gtk2.10.jar
2aaaabd9e000-2aaaabda6000 r-xs 00000000 08:02 11747596                   /home/sorenm/JIndex/libs/gnome-libs/amd64/libglade-java-2.12.1.jar
2aaaabe00000-2aaaabef4000 rwxp 2aaaabe00000 00:00 0 
2aaaabef4000-2aaaabf00000 ---p 2aaaabef4000 00:00 0 
2aaaabf00000-2aaaac300000 rwxp 2aaaabf00000 00:00 0 
2aaaac300000-2aaaac3d0000 r-xp 00000000 08:02 11911232                   /home/sorenm/JIndex/libs/native/amd64/libgtkjni-2.10.so
2aaaac3d0000-2aaaac4cf000 ---p 000d0000 08:02 11911232                   /home/sorenm/JIndex/libs/native/amd64/libgtkjni-2.10.so
2aaaac4cf000-2aaaac4d5000 rwxp 000cf000 08:02 11911232                   /home/sorenm/JIndex/libs/native/amd64/libgtkjni-2.10.so
2aaaac4e7000-2aaaac4eb000 r-xp 00000000 08:01 65034                      /usr/lib/libgthread-2.0.so.0.1200.4
2aaaac4eb000-2aaaac5ea000 ---p 00004000 08:01 65034                      /usr/lib/libgthread-2.0.so.0.1200.4
2aaaac5ea000-2aaaac5eb000 rwxp 00003000 08:01 65034                      /usr/lib/libgthread-2.0.so.0.1200.4
2aaaac5eb000-2aaaac971000 r-xp 00000000 08:01 67317                      /usr/lib/libgtk-x11-2.0.so.0.1000.6
2aaaac971000-2aaaaca71000 ---p 00386000 08:01 67317                      /usr/lib/libgtk-x11-2.0.so.0.1000.6
2aaaaca71000-2aaaaca7c000 rwxp 00386000 08:01 67317                      /usr/lib/libgtk-x11-2.0.so.0.1000.6
2aaaaca7c000-2aaaaca7e000 rwxp 2aaaaca7c000 00:00 0 
2aaaaca7e000-2aaaacb11000 r-xp 00000000 08:01 67316                      /usr/lib/libgdk-x11-2.0.so.0.1000.6
2aaaacb11000-2aaaacc11000 ---p 00093000 08:01 67316                      /usr/lib/libgdk-x11-2.0.so.0.1000.6
2aaaacc11000-2aaaacc16000 rwxp 00093000 08:01 67316                      /usr/lib/libgdk-x11-2.0.so.0.1000.6
2aaaacc16000-2aaaacc33000 r-xp 00000000 08:01 66901                      /usr/lib/libatk-1.0.so.0.1213.0
2aaaacc33000-2aaaacd33000 ---p 0001d000 08:01 66901                      /usr/lib/libatk-1.0.so.0.1213.0
2aaaacd33000-2aaaacd36000 rwxp 0001d000 08:01 66901                      /usr/lib/libatk-1.0.so.0.1213.0
2aaaacd36000-2aaaacd4d000 r-xp 00000000 08:01 67315                      /usr/lib/libgdk_pixbuf-2.0.so.0.1000.6
2aaaacd4d000-2aaaace4d000 ---p 00017000 08:01 67315                      /usr/lib/libgdk_pixbuf-2.0.so.0.1000.6
2aaaace4d000-2aaaace4e000 rwxp 00017000 08:01 67315                      /usr/lib/libgdk_pixbuf-2.0.so.0.1000.6
2aaaace4e000-2aaaace56000 r-xp 00000000 08:01 13339                      /usr/lib/libpangocairo-1.0.so.0.1400.5
2aaaace56000-2aaaacf56000 ---p 00008000 08:01 13339                      /usr/lib/libpangocairo-1.0.so.0.1400.5
2aaaacf56000-2aaaacf57000 rwxp 00008000 08:01 13339                      /usr/lib/libpangocairo-1.0.so.0.1400.5
2aaaacf57000-2aaaacf8d000 r-xp 00000000 08:01 13300                      /usr/lib/libfontconfig.so.1.0.4
2aaaacf8d000-2aaaad08c000 ---p 00036000 08:01 13300                      /usr/lib/libfontconfig.so.1.0.4
2aaaad08c000-2aaaad094000 rwxp 00035000 08:01 13300                      /usr/lib/libfontconfig.so.1.0.4
2aaaad094000-2aaaad096000 rwxp 2aaaad094000 00:00 0 
2aaaad096000-2aaaad0a6000 r-xp 00000000 08:01 84246                      /usr/lib/libXext.so.6.4.0
2aaaad0a6000-2aaaad1a6000 ---p 00010000 08:01 84246                      /usr/lib/libXext.so.6.4.0
2aaaad1a6000-2aaaad1a7000 rwxp 00010000 08:01 84246                      /usr/lib/libXext.so.6.4.0
2aaaad1a7000-2aaaad1b0000 r-xp 00000000 08:01 79523                      /usr/lib/libXrender.so.1.3.0
2aaaad1b0000-2aaaad2af000 ---p 00009000 08:01 79523                      /usr/lib/libXrender.so.1.3.0
2aaaad2af000-2aaaad2b0000 rwxp 00008000 08:01 79523                      /usr/lib/libXrender.so.1.3.0
2aaaad2b0000-2aaaad2b2000 r-xp 00000000 08:01 84566                      /usr/lib/libXinerama.so.1.0.0
2aaaad2b2000-2aaaad3b1000 ---p 00002000 08:01 84566                      /usr/lib/libXinerama.so.1.0.0
2aaaad3b1000-2aaaad3b2000 rwxp 00001000 08:01 84566                      /usr/lib/libXinerama.so.1.0.0
2aaaad3b2000-2aaaad3ba000 r-xp 00000000 08:01 84490                      /usr/lib/libXi.so.6.0.0
2aaaad3ba000-2aaaad4b9000 ---p 00008000 08:01 84490                      /usr/lib/libXi.so.6.0.0
2aaaad4b9000-2aaaad4ba000 rwxp 00007000 08:01 84490                      /usr/lib/libXi.so.6.0.0
2aaaad4ba000-2aaaad4bd000 r-xp 00000000 08:01 89972                      /usr/lib/libXrandr.so.2.0.0
2aaaad4bd000-2aaaad5bc000 ---p 00003000 08:01 89972                      /usr/lib/libXrandr.so.2.0.0
2aaaad5bc000-2aaaad5bd000 rwxp 00002000 08:01 89972                      /usr/lib/libXrandr.so.2.0.0
2aaaad5bd000-2aaaad5c7000 r-xp 00000000 08:01 83981                      /usr/lib/libXcursor.so.1.0.2
2aaaad5c7000-2aaaad6c6000 ---p 0000a000 08:01 83981                      /usr/lib/libXcursor.so.1.0.2
2aaaad6c6000-2aaaad6c7000 rwxp 00009000 08:01 83981                      /usr/lib/libXcursor.so.1.0.2
2aaaad6c7000-2aaaad6cc000 r-xp 00000000 08:01 82917                      /usr/lib/libXfixes.so.3.1.0
2aaaad6cc000-2aaaad7cb000 ---p 00005000 08:01 82917                      /usr/lib/libXfixes.so.3.1.0
2aaaad7cb000-2aaaad7cc000 rwxp 00004000 08:01 82917                      /usr/lib/libXfixes.so.3.1.0
2aaaad7cc000-2aaaad80a000 r-xp 00000000 08:01 13310                      /usr/lib/libpango-1.0.so.0.1400.5
2aaaad80a000-2aaaad909000 ---p 0003e000 08:01 13310                      /usr/lib/libpango-1.0.so.0.1400.5
2aaaad909000-2aaaad90c000 rwxp 0003d000 08:01 13310                      /usr/lib/libpango-1.0.so.0.1400.5
2aaaad90c000-2aaaad9e7000 r-xp 00000000 08:01 26902                      /usr/lib/libX11.so.6.2.0
2aaaad9e7000-2aaaadae6000 ---p 000db000 08:01 26902                      /usr/lib/libX11.so.6.2.0
2aaaadae6000-2aaaadaeb000 rwxp 000da000 08:01 26902                      /usr/lib/libX11.so.6.2.0
2aaaadaeb000-2aaaadb2a000 r-xp 00000000 08:01 65029                      /usr/lib/libgobject-2.0.so.0.1200.4
2aaaadb2a000-2aaaadc2a000 ---p 0003f000 08:01 65029                      /usr/lib/libgobject-2.0.so.0.1200.4
2aaaadc2a000-2aaaadc2c000 rwxp 0003f000 08:01 65029                      /usr/lib/libgobject-2.0.so.0.1200.4
2aaaadc2c000-2aaaadc2f000 r-xp 00000000 08:01 65033                      /usr/lib/libgmodule-2.0.so.0.1200.4
2aaaadc2f000-2aaaadd2e000 ---p 00003000 08:01 65033                      /usr/lib/libgmodule-2.0.so.0.1200.4
2aaaadd2e000-2aaaadd2f000 rwxp 00002000 08:01 65033                      /usr/lib/libgmodule-2.0.so.0.1200.4
2aaaadd2f000-2aaaaddcc000 r-xp 00000000 08:01 65023                      /usr/lib/libglib-2.0.so.0.1200.4
2aaaaddcc000-2aaaadecb000 ---p 0009d000 08:01 65023                      /usr/lib/libglib-2.0.so.0.1200.4
2aaaadecb000-2aaaadecc000 rwxp 0009c000 08:01 65023                      /usr/lib/libglib-2.0.so.0.1200.4
2aaaadecc000-2aaaadecd000 rwxp 2aaaadecc000 00:00 0 
2aaaadecd000-2aaaadf34000 r-xp 00000000 08:01 180144                     /usr/lib/libcairo.so.2.9.2
2aaaadf34000-2aaaae033000 ---p 00067000 08:01 180144                     /usr/lib/libcairo.so.2.9.2
2aaaae033000-2aaaae036000 rwxp 00066000 08:01 180144                     /usr/lib/libcairo.so.2.9.2
2aaaae036000-2aaaae045000 r-xp 00000000 08:01 2847                       /usr/local/lib/libglibjni-0.4.so
2aaaae045000-2aaaae144000 ---p 0000f000 08:01 2847                       /usr/local/lib/libglibjni-0.4.so
2aaaae144000-2aaaae145000 rwxp 0000e000 08:01 2847                       /usr/local/lib/libglibjni-0.4.so
2aaaae145000-2aaaae14d000 r-xp 00000000 08:01 177692                     /lib/librt-2.4.so
2aaaae14d000-2aaaae24c000 ---p 00008000 08:01 177692                     /lib/librt-2.4.so
2aaaae24c000-2aaaae24e000 rwxp 00007000 08:01 177692                     /lib/librt-2.4.so
2aaaae24e000-2aaaae27b000 r-xp 00000000 08:01 13325                      /usr/lib/libpangoft2-1.0.so.0.1400.5
2aaaae27b000-2aaaae37b000 ---p 0002d000 08:01 13325                      /usr/lib/libpangoft2-1.0.so.0.1400.5
2aaaae37b000-2aaaae37c000 rwxp 0002d000 08:01 13325                      /usr/lib/libpangoft2-1.0.so.0.1400.5
2aaaae37c000-2aaaae3f0000 r-xp 00000000 08:01 77953                      /usr/lib/libfreetype.so.6.3.10
2aaaae3f0000-2aaaae4f0000 ---p 00074000 08:01 77953                      /usr/lib/libfreetype.so.6.3.10
2aaaae4f0000-2aaaae4f5000 rwxp 00074000 08:01 77953                      /usr/lib/libfreetype.so.6.3.10
2aaaae4f5000-2aaaae50b000 r-xp 00000000 08:01 13019                      /usr/lib/libz.so.1.2.3
2aaaae50b000-2aaaae60a000 ---p 00016000 08:01 13019                      /usr/lib/libz.so.1.2.3
2aaaae60a000-2aaaae60b000 rwxp 00015000 08:01 13019                      /usr/lib/libz.so.1.2.3
2aaaae60b000-2aaaae62b000 r-xp 00000000 08:01 37913                      /usr/lib/libexpat.so.1.0.0
2aaaae62b000-2aaaae72b000 ---p 00020000 08:01 37913                      /usr/lib/libexpat.so.1.0.0
2aaaae72b000-2aaaae72d000 rwxp 00020000 08:01 37913                      /usr/lib/libexpat.so.1.0.0
2aaaae72d000-2aaaae72f000 r-xp 00000000 08:01 83996                      /usr/lib/libXau.so.6.0.0
2aaaae72f000-2aaaae82f000 ---p 00002000 08:01 83996                      /usr/lib/libXau.so.6.0.0
2aaaae82f000-2aaaae830000 rwxp 00002000 08:01 83996                      /usr/lib/libXau.so.6.0.0
2aaaae830000-2aaaae835000 r-xp 00000000 08:01 32334                      /usr/lib/libXdmcp.so.6.0.0
2aaaae835000-2aaaae934000 ---p 00005000 08:01 32334                      /usr/lib/libXdmcp.so.6.0.0
2aaaae934000-2aaaae935000 rwxp 00004000 08:01 32334                      /usr/lib/libXdmcp.so.6.0.0
2aaaae935000-2aaaae958000 r-xp 00000000 08:01 79517                      /usr/lib/libpng12.so.0.1.2.8
2aaaae958000-2aaaaea57000 ---p 00023000 08:01 79517                      /usr/lib/libpng12.so.0.1.2.8
2aaaaea57000-2aaaaea58000 rwxp 00022000 08:01 79517                      /usr/lib/libpng12.so.0.1.2.8
2aaaaea58000-2aaaaea59000 r-xp 00000000 08:01 8768                       /usr/lib/locale/en_AU.utf8/LC_IDENTIFICATION
2aaaaea59000-2aaaaea5a000 r-xp 00000000 08:01 10167                      /usr/lib/locale/en_AU.utf8/LC_MEASUREMENT
2aaaaea5a000-2aaaaea5b000 r-xp 00000000 08:01 8766                       /usr/lib/locale/en_AU.utf8/LC_TELEPHONE
2aaaaea5b000-2aaaaea5c000 r-xp 00000000 08:01 8451                       /usr/lib/locale/en_AU.utf8/LC_ADDRESS
2aaaaea5c000-2aaaaea5d000 r-xp 00000000 08:01 10164                      /usr/lib/locale/en_AU.utf8/LC_NAME
2aaaaea5d000-2aaaaea5e000 r-xp 00000000 08:01 10163                      /usr/lib/locale/en_AU.utf8/LC_PAPER
2aaaaea5e000-2aaaaea5f000 r-xp 00000000 08:01 10162                      /usr/lib/locale/en_AU.utf8/LC_MESSAGES/SYS_LC_MESSAGES
2aaaaea5f000-2aaaaea60000 r-xp 00000000 08:01 2003                       /usr/lib/locale/en_AU.utf8/LC_MONETARY
2aaaaea60000-2aaaaeb37000 r-xp 00000000 08:01 10159                      /usr/lib/locale/en_AU.utf8/LC_COLLATE
2aaaaeb37000-2aaaaeb38000 r-xp 00000000 08:01 10158                      /usr/lib/locale/en_AU.utf8/LC_TIME
2aaaaeb38000-2aaaaeb39000 r-xp 00000000 08:01 10157                      /usr/lib/locale/en_AU.utf8/LC_NUMERIC
2aaaaeb39000-2aaaaeb3a000 r-xp 00000000 08:01 32537                      /usr/lib/X11/locale/common/xlcUTF8Load.so.2.0.0
2aaaaeb3a000-2aaaaec39000 ---p 00001000 08:01 32537                      /usr/lib/X11/locale/common/xlcUTF8Load.so.2.0.0
2aaaaec39000-2aaaaec3a000 rwxp 00000000 08:01 32537                      /usr/lib/X11/locale/common/xlcUTF8Load.so.2.0.0
2aaaaec3a000-2aaaaec44000 r-xp 00000000 08:01 77682                      /usr/share/locale-langpack/en_AU/LC_MESSAGES/gtk20.mo
2aaaaec44000-2aaaaec49000 r-xp 00000000 08:01 78076                      /usr/share/locale-langpack/en_AU/LC_MESSAGES/gtk20-properties.mo
2aaaaec49000-2aaaaec4b000 r-xp 00000000 08:01 177878                     /usr/lib/gconv/ISO8859-1.so
2aaaaec4b000-2aaaaed4a000 ---p 00002000 08:01 177878                     /usr/lib/gconv/ISO8859-1.so
2aaaaed4a000-2aaaaed4c000 rwxp 00001000 08:01 177878                     /usr/lib/gconv/ISO8859-1.so
2aaaaed4c000-2aaaaed4e000 r-xp 00000000 08:02 11911229                   /home/sorenm/JIndex/libs/native/amd64/libgladejni-2.12.so
2aaaaed4e000-2aaaaee4d000 ---p 00002000 08:02 11911229                   /home/sorenm/JIndex/libs/native/amd64/libgladejni-2.12.so
2aaaaee4d000-2aaaaee4e000 rwxp 00001000 08:02 11911229                   /home/sorenm/JIndex/libs/native/amd64/libgladejni-2.12.so
2aaaaee60000-2aaaaee79000 r-xp 00000000 08:01 70591                      /usr/lib/libglade-2.0.so.0.0.7
2aaaaee79000-2aaaaef78000 ---p 00019000 08:01 70591                      /usr/lib/libglade-2.0.so.0.0.7
2aaaaef78000-2aaaaef7a000 rwxp 00018000 08:01 70591                      /usr/lib/libglade-2.0.so.0.0.7
2aaaaef7a000-2aaaaf0ad000 r-xp 00000000 08:01 18014                      /usr/lib/libxml2.so.2.6.26
2aaaaf0ad000-2aaaaf1ad000 ---p 00133000 08:01 18014                      /usr/lib/libxml2.so.2.6.26
2aaaaf1ad000-2aaaaf1b6000 rwxp 00133000 08:01 18014                      /usr/lib/libxml2.so.2.6.26
2aaaaf1b6000-2aaaaf1b7000 rwxp 2aaaaf1b6000 00:00 0 
2aaaaf200000-2aaaaf300000 rwxp 2aaaaf200000 00:00 0 
2aaaaf300000-2aaaaf308000 r-xp 00000000 08:01 21310                      /usr/lib/libglade/2.0/libgnome.so
2aaaaf308000-2aaaaf407000 ---p 00008000 08:01 21310                      /usr/lib/libglade/2.0/libgnome.so
2aaaaf407000-2aaaaf409000 rwxp 00007000 08:01 21310                      /usr/lib/libglade/2.0/libgnome.so
2aaaaf409000-2aaaaf49d000 r-xp 00000000 08:01 17286                      /usr/lib/libgnomeui-2.so.0.1600.1
2aaaaf49d000-2aaaaf59d000 ---p 00094000 08:01 17286                      /usr/lib/libgnomeui-2.so.0.1600.1
2aaaaf59d000-2aaaaf5a3000 rwxp 00094000 08:01 17286                      /usr/lib/libgnomeui-2.so.0.1600.1
2aaaaf5a3000-2aaaaf60d000 r-xp 00000000 08:01 63491                      /usr/lib/libbonoboui-2.so.0.0.0
2aaaaf60d000-2aaaaf70d000 ---p 0006a000 08:01 63491                      /usr/lib/libbonoboui-2.so.0.0.0
2aaaaf70d000-2aaaaf712000 rwxp 0006a000 08:01 63491                      /usr/lib/libbonoboui-2.so.0.0.0
2aaaaf712000-2aaaaf73f000 r-xp 00000000 08:01 41185                      /usr/lib/libgnomecanvas-2.so.0.1400.0
2aaaaf73f000-2aaaaf83e000 ---p 0002d000 08:01 41185                      /usr/lib/libgnomecanvas-2.so.0.1400.0
2aaaaf83e000-2aaaaf840000 rwxp 0002c000 08:01 41185                      /usr/lib/libgnomecanvas-2.so.0.1400.0
2aaaaf840000-2aaaaf856000 r-xp 00000000 08:01 61274                      /usr/lib/libgnome-2.so.0.1600.0
2aaaaf856000-2aaaaf956000 ---p 00016000 08:01 61274                      /usr/lib/libgnome-2.so.0.1600.0
2aaaaf956000-2aaaaf958000 rwxp 00016000 08:01 61274                      /usr/lib/libgnome-2.so.0.1600.0
2aaaaf958000-2aaaaf96d000 r-xp 00000000 08:01 7362                       /usr/lib/libart_lgpl_2.so.2.3.17
2aaaaf96d000-2aaaafa6c000 ---p 00015000 08:01 7362                       /usr/lib/libart_lgpl_2.so.2.3.17
2aaaafa6c000-2aaaafa6f000 rwxp 00014000 08:01 7362                       /usr/lib/libart_lgpl_2.so.2.3.17
2aaaafa6f000-2aaaafad3000 r-xp 00000000 08:01 23186                      /usr/lib/libbonobo-2.so.0.0.0
2aaaafad3000-2aaaafbd2000 ---p 00064000 08:01 23186                      /usr/lib/libbonobo-2.so.0.0.0
2aaaafbd2000-2aaaafbe3000 rwxp 00063000 08:01 23186                      /usr/lib/libbonobo-2.so.0.0.0
2aaaafbe3000-2aaaafbfa000 r-xp 00000000 08:01 23187                      /usr/lib/libbonobo-activation.so.4.0.0
2aaaafbfa000-2aaaafcfa000 ---p 00017000 08:01 23187                      /usr/lib/libbonobo-activation.so.4.0.0
2aaaafcfa000-2aaaafcfe000 rwxp 00017000 08:01 23187                      /usr/lib/libbonobo-activation.so.4.0.0
2aaaafcfe000-2aaaafd5f000 r-xp 00000000 08:01 24544                      /usr/lib/libgnomevfs-2.so.0.1600.1
2aaaafd5f000-2aaaafe5f000 ---p 00061000 08:01 24544                      /usr/lib/libgnomevfs-2.so.0.1600.1
2aaaafe5f000-2aaaafe64000 rwxp 00061000 08:01 24544                      /usr/lib/libgnomevfs-2.so.0.1600.1
2aaaafe64000-2aaaafe9c000 r-xp 00000000 08:01 24552                      /usr/lib/libgconf-2.so.4.1.0
2aaaafe9c000-2aaaaff9b000 ---p 00038000 08:01 24552                      /usr/lib/libgconf-2.so.4.1.0
2aaaaff9b000-2aaaaffa0000 rwxp 00037000 08:01 24552                      /usr/lib/libgconf-2.so.4.1.0
2aaaaffa0000-2aaaafffb000 r-xp 00000000 08:01 34885                      /usr/lib/libORBit-2.so.0.1.0
2aaaafffb000-2aaab00fa000 ---p 0005b000 08:01 34885                      /usr/lib/libORBit-2.so.0.1.0
2aaab00fa000-2aaab010d000 rwxp 0005a000 08:01 34885                      /usr/lib/libORBit-2.so.0.1.0
2aaab010d000-2aaab011a000 r-xp 00000000 08:01 42914                      /usr/lib/libgnome-keyring.so.0.0.1
2aaab011a000-2aaab0219000 ---p 0000d000 08:01 42914                      /usr/lib/libgnome-keyring.so.0.0.1
2aaab0219000-2aaab021a000 rwxp 0000c000 08:01 42914                      /usr/lib/libgnome-keyring.so.0.0.1
2aaab022c000-2aaab0233000 r-xp 00000000 08:01 34007                      /lib/libpopt.so.0.0.0
2aaab0233000-2aaab0333000 ---p 00007000 08:01 34007                      /lib/libpopt.so.0.0.0
2aaab0333000-2aaab0334000 rwxp 00007000 08:01 34007                      /lib/libpopt.so.0.0.0
2aaab0334000-2aaab0355000 r-xp 00000000 08:01 30742                      /usr/lib/libjpeg.so.62.0.0
2aaab0355000-2aaab0455000 ---p 00021000 08:01 30742                      /usr/lib/libjpeg.so.62.0.0
2aaab0455000-2aaab0456000 rwxp 00021000 08:01 30742                      /usr/lib/libjpeg.so.62.0.0
2aaab0456000-2aaab045f000 r-xp 00000000 08:01 79569                      /usr/lib/libSM.so.6.0.0
2aaab045f000-2aaab055f000 ---p 00009000 08:01 79569                      /usr/lib/libSM.so.6.0.0
2aaab055f000-2aaab0560000 rwxp 00009000 08:01 79569                      /usr/lib/libSM.so.6.0.0
2aaab0560000-2aaab0577000 r-xp 00000000 08:01 79557                      /usr/lib/libICE.so.6.3.0
2aaab0577000-2aaab0676000 ---p 00017000 08:01 79557                      /usr/lib/libICE.so.6.3.0
2aaab0676000-2aaab0677000 rwxp 00016000 08:01 79557                      /usr/lib/libICE.so.6.3.0
2aaab0677000-2aaab067b000 rwxp 2aaab0677000 00:00 0 
2aaab067b000-2aaab0685000 r-xp 00000000 08:01 7470                       /usr/lib/libesd.so.0.2.36
2aaab0685000-2aaab0785000 ---p 0000a000 08:01 7470                       /usr/lib/libesd.so.0.2.36
2aaab0785000-2aaab0786000 rwxp 0000a000 08:01 7470                       /usr/lib/libesd.so.0.2.36
2aaab0786000-2aaab07ab000 r-xp 00000000 08:01 7377                       /usr/lib/libaudiofile.so.0.0.2
2aaab07ab000-2aaab08aa000 ---p 00025000 08:01 7377                       /usr/lib/libaudiofile.so.0.0.2
2aaab08aa000-2aaab08ae000 rwxp 00024000 08:01 7377                       /usr/lib/libaudiofile.so.0.0.2
2aaab08ae000-2aaab08b3000 r-xp 00000000 08:01 34887                      /usr/lib/libORBitCosNaming-2.so.0.1.0
2aaab08b3000-2aaab09b3000 ---p 00005000 08:01 34887                      /usr/lib/libORBitCosNaming-2.so.0.1.0
2aaab09b3000-2aaab09b5000 rwxp 00005000 08:01 34887                      /usr/lib/libORBitCosNaming-2.so.0.1.0
2aaab09b5000-2aaab09d3000 r-xp 00000000 08:01 79929                      /usr/lib/libdbus-glib-1.so.2.0.0
2aaab09d3000-2aaab0ad2000 ---p 0001e000 08:01 79929                      /usr/lib/libdbus-glib-1.so.2.0.0
2aaab0ad2000-2aaab0ad4000 rwxp 0001d000 08:01 79929                      /usr/lib/libdbus-glib-1.so.2.0.0
2aaab0ad4000-2aaab0b09000 r-xp 00000000 08:01 24858                      /usr/lib/libdbus-1.so.3.0.0
2aaab0b09000-2aaab0c08000 ---p 00035000 08:01 24858                      /usr/lib/libdbus-1.so.3.0.0
2aaab0c08000-2aaab0c0a000 rwxp 00034000 08:01 24858                      /usr/lib/libdbus-1.so.3.0.0
2aaab0c0a000-2aaab0c7e000 r-xp 00000000 08:01 45755                      /usr/lib/libgnutls.so.13.0.5
2aaab0c7e000-2aaab0d7d000 ---p 00074000 08:01 45755                      /usr/lib/libgnutls.so.13.0.5
2aaab0d7d000-2aaab0d88000 rwxp 00073000 08:01 45755                      /usr/lib/libgnutls.so.13.0.5
2aaab0d88000-2aaab0d8b000 r-xp 00000000 08:01 63806                      /usr/lib/libavahi-glib.so.1.0.1
2aaab0d8b000-2aaab0e8a000 ---p 00003000 08:01 63806                      /usr/lib/libavahi-glib.so.1.0.1
2aaab0e8a000-2aaab0e8b000 rwxp 00002000 08:01 63806                      /usr/lib/libavahi-glib.so.1.0.1
2aaab0e8b000-2aaab0e96000 r-xp 00000000 08:01 29757                      /usr/lib/libavahi-common.so.3.4.2
2aaab0e96000-2aaab0f96000 ---p 0000b000 08:01 29757                      /usr/lib/libavahi-common.so.3.4.2
2aaab0f96000-2aaab0f97000 rwxp 0000b000 08:01 29757                      /usr/lib/libavahi-common.so.3.4.2
2aaab0f97000-2aaab0fa7000 r-xp 00000000 08:01 41243                      /usr/lib/libavahi-client.so.3.2.0
2aaab0fa7000-2aaab10a6000 ---p 00010000 08:01 41243                      /usr/lib/libavahi-client.so.3.2.0
2aaab10a6000-2aaab10a7000 rwxp 0000f000 08:01 41243                      /usr/lib/libavahi-client.so.3.2.0
2aaab10a7000-2aaab10b8000 r-xp 00000000 08:01 177691                     /lib/libresolv-2.4.so
2aaab10b8000-2aaab11b8000 ---p 00011000 08:01 177691                     /lib/libresolv-2.4.so
2aaab11b8000-2aaab11ba000 rwxp 00011000 08:01 177691                     /lib/libresolv-2.4.so
2aaab11ba000-2aaab11bc000 rwxp 2aaab11ba000 00:00 0 
2aaab11bc000-2aaab11d0000 r-xp 00000000 08:01 140212                     /lib/libselinux.so.1
2aaab11d0000-2aaab12cf000 ---p 00014000 08:01 140212                     /lib/libselinux.so.1
2aaab12cf000-2aaab12d1000 rwxp 00013000 08:01 140212                     /lib/libselinux.so.1
2aaab12d1000-2aaab12d2000 rwxp 2aaab12d1000 00:00 0 
2aaab12d2000-2aaab12d4000 r-xp 00000000 08:01 177695                     /lib/libutil-2.4.so
2aaab12d4000-2aaab13d3000 ---p 00002000 08:01 177695                     /lib/libutil-2.4.so
2aaab13d3000-2aaab13d5000 rwxp 00001000 08:01 177695                     /lib/libutil-2.4.so
2aaab13d5000-2aaab14a5000 r-xp 00000000 08:01 122077                     /usr/lib/libasound.so.2.0.0
2aaab14a5000-2aaab15a5000 ---p 000d0000 08:01 122077                     /usr/lib/libasound.so.2.0.0
2aaab15a5000-2aaab15ad000 rwxp 000d0000 08:01 122077                     /usr/lib/libasound.so.2.0.0
2aaab15ad000-2aaab15c1000 r-xp 00000000 08:01 79608                      /usr/lib/libtasn1.so.3.0.5
2aaab15c1000-2aaab16c0000 ---p 00014000 08:01 79608                      /usr/lib/libtasn1.so.3.0.5
2aaab16c0000-2aaab16c1000 rwxp 00013000 08:01 79608                      /usr/lib/libtasn1.so.3.0.5
2aaab16c1000-2aaab170b000 r-xp 00000000 08:01 7321                       /usr/lib/libgcrypt.so.11.2.1
2aaab170b000-2aaab180a000 ---p 0004a000 08:01 7321                       /usr/lib/libgcrypt.so.11.2.1
2aaab180a000-2aaab180d000 rwxp 00049000 08:01 7321                       /usr/lib/libgcrypt.so.11.2.1
2aaab180d000-2aaab1810000 r-xp 00000000 08:01 64224                      /usr/lib/libgpg-error.so.0.2.0
2aaab1810000-2aaab190f000 ---p 00003000 08:01 64224                      /usr/lib/libgpg-error.so.0.2.0
2aaab190f000-2aaab1910000 rwxp 00002000 08:01 64224                      /usr/lib/libgpg-error.so.0.2.0
2aaab1910000-2aaab1948000 r-xp 00000000 08:01 14819                      /lib/libsepol.so.1
2aaab1948000-2aaab1a48000 ---p 00038000 08:01 14819                      /lib/libsepol.so.1
2aaab1a48000-2aaab1a49000 rwxp 00038000 08:01 14819                      /lib/libsepol.so.1
2aaab1a49000-2aaab1a53000 rwxp 2aaab1a49000 00:00 0 
2aaab1a53000-2aaab1a56000 r-xp 00000000 08:01 63492                      /usr/lib/libglade/2.0/libbonobo.so
2aaab1a56000-2aaab1b55000 ---p 00003000 08:01 63492                      /usr/lib/libglade/2.0/libbonobo.so
2aaab1b55000-2aaab1b56000 rwxp 00002000 08:01 63492                      /usr/lib/libglade/2.0/libbonobo.so
2aaab1b56000-2aaab1b69000 r-xp 00000000 08:01 6342                       /usr/lib/gtk-2.0/2.10.0/engines/libubuntulooks.so
2aaab1b69000-2aaab1c69000 ---p 00013000 08:01 6342                       /usr/lib/gtk-2.0/2.10.0/engines/libubuntulooks.so
2aaab1c69000-2aaab1c6a000 rwxp 00013000 08:01 6342                       /usr/lib/gtk-2.0/2.10.0/engines/libubuntulooks.so
2aaab1c6a000-2aaab1cdb000 r-xp 00000000 08:01 28742                      /usr/share/fonts/truetype/ttf-dejavu/DejaVuSans.ttf
2aaab1d00000-2aaab1e00000 rwxp 2aaab1d00000 00:00 0 
2aaab1e00000-2aaab1e03000 r-xp 00000000 08:01 9136                       /usr/lib/pango/1.5.0/modules/pango-basic-fc.so
2aaab1e03000-2aaab1f02000 ---p 00003000 08:01 9136                       /usr/lib/pango/1.5.0/modules/pango-basic-fc.so
2aaab1f02000-2aaab1f03000 rwxp 00002000 08:01 9136                       /usr/lib/pango/1.5.0/modules/pango-basic-fc.so
2aaab1f03000-2aaab1f07000 r-xp 00000000 08:01 79620                      /usr/share/locale-langpack/en_AU/LC_MESSAGES/glib20.mo
2aaab2000000-2aaab2100000 rwxp 2aaab2000000 00:00 0 
2aaab2100000-2aaab225e000 r-xp 00000000 08:01 1789                       /usr/share/icons/Human/icon-theme.cache
2aaab225e000-2aaab22af000 r-xp 00000000 08:01 61107                      /usr/share/icons/Tangerine/icon-theme.cache
2aaab22af000-2aaab2507000 r-xp 00000000 08:01 34397                      /usr/share/icons/Tango/icon-theme.cache
2aaab2507000-2aaab2b66000 r-xp 00000000 08:01 37072                      /usr/share/icons/gnome/icon-theme.cache
2aaab2b66000-2aaab2d13000 r-xp 00000000 08:01 81313                      /usr/share/icons/hicolor/icon-theme.cache
2aaab2d13000-2aaab2d22000 r-xp 00000000 08:02 11911230                   /home/sorenm/JIndex/libs/native/amd64/libglibjni-0.4.so
2aaab2d22000-2aaab2e21000 ---p 0000f000 08:02 11911230                   /home/sorenm/JIndex/libs/native/amd64/libglibjni-0.4.so
2aaab2e21000-2aaab2e22000 rwxp 0000e000 08:02 11911230                   /home/sorenm/JIndex/libs/native/amd64/libglibjni-0.4.so
2aaab2e22000-2aaab2e26000 r-xp 00000000 08:01 13842                      /usr/lib/gtk-2.0/2.10.0/loaders/libpixbufloader-png.so
2aaab2e26000-2aaab2f26000 ---p 00004000 08:01 13842                      /usr/lib/gtk-2.0/2.10.0/loaders/libpixbufloader-png.so
2aaab2f26000-2aaab2f27000 rwxp 00004000 08:01 13842                      /usr/lib/gtk-2.0/2.10.0/loaders/libpixbufloader-png.so
2b2f8db5e000-2b2f8db7a000 r-xp 00000000 08:01 177673                     /lib/ld-2.4.so
2b2f8db7a000-2b2f8db7d000 rwxp 2b2f8db7a000 00:00 0 
2b2f8dc79000-2b2f8dc7b000 rwxp 0001b000 08:01 177673                     /lib/ld-2.4.so
2b2f8dc7b000-2b2f8dc8c000 r-xp 00000000 08:01 177690                     /lib/libpthread-2.4.so
2b2f8dc8c000-2b2f8dd8b000 ---p 00011000 08:01 177690                     /lib/libpthread-2.4.so
2b2f8dd8b000-2b2f8dd8d000 rwxp 00010000 08:01 177690                     /lib/libpthread-2.4.so
2b2f8dd8d000-2b2f8dd91000 rwxp 2b2f8dd8d000 00:00 0 
2b2f8dd91000-2b2f8dd93000 r-xp 00000000 08:01 177679                     /lib/libdl-2.4.so
2b2f8dd93000-2b2f8de93000 ---p 00002000 08:01 177679                     /lib/libdl-2.4.so
2b2f8de93000-2b2f8de95000 rwxp 00002000 08:01 177679                     /lib/libdl-2.4.so
2b2f8de95000-2b2f8dfcb000 r-xp 00000000 08:01 177676                     /lib/libc-2.4.so
2b2f8dfcb000-2b2f8e0cb000 ---p 00136000 08:01 177676                     /lib/libc-2.4.so
2b2f8e0cb000-2b2f8e0ce000 r-xp 00136000 08:01 177676                     /lib/libc-2.4.so
2b2f8e0ce000-2b2f8e0d0000 rwxp 00139000 08:01 177676                     /lib/libc-2.4.so
2b2f8e0d0000-2b2f8e0d7000 rwxp 2b2f8e0d0000 00:00 0 
2b2f8e0d7000-2b2f8e7a2000 r-xp 00000000 08:02 8585218                    /home/sorenm/jdk1.5.0_08/jre/lib/amd64/server/libjvm.so
2b2f8e7a2000-2b2f8e8a1000 ---p 006cb000 08:02 8585218                    /home/sorenm/jdk1.5.0_08/jre/lib/amd64/server/libjvm.so
2b2f8e8a1000-2b2f8ea1c000 rwxp 006ca000 08:02 8585218                    /home/sorenm/jdk1.5.0_08/jre/lib/amd64/server/libjvm.so
2b2f8ea1c000-2b2f8ea4b000 rwxp 2b2f8ea1c000 00:00 0 
2b2f8ea4b000-2b2f8ea4c000 r-xp 2b2f8ea4b000 00:00 0 
2b2f8ea4c000-2b2f8ea4d000 rwxp 2b2f8ea4c000 00:00 0 
2b2f8ea5d000-2b2f8eadd000 r-xp 00000000 08:01 177680                     /lib/libm-2.4.so
2b2f8eadd000-2b2f8ebdc000 ---p 00080000 08:01 177680                     /lib/libm-2.4.so
2b2f8ebdc000-2b2f8ebde000 rwxp 0007f000 08:01 177680                     /lib/libm-2.4.so
2b2f8ebde000-2b2f8ebe7000 r-xp 00000000 08:02 9601026                    /home/sorenm/jdk1.5.0_08/jre/lib/amd64/native_threads/libhpi.so
2b2f8ebe7000-2b2f8ece6000 ---p 00009000 08:02 9601026                    /home/sorenm/jdk1.5.0_08/jre/lib/amd64/native_threads/libhpi.so
2b2f8ece6000-2b2f8ecea000 rwxp 00008000 08:02 9601026                    /home/sorenm/jdk1.5.0_08/jre/lib/amd64/native_threads/libhpi.so
2b2f8ecfc000-2b2f8ed0f000 r-xp 00000000 08:01 177682                     /lib/libnsl-2.4.so
2b2f8ed0f000-2b2f8ee0f000 ---p 00013000 08:01 177682                     /lib/libnsl-2.4.so
2b2f8ee0f000-2b2f8ee11000 rwxp 00013000 08:01 177682                     /lib/libnsl-2.4.so
2b2f8ee11000-2b2f8ee13000 rwxp 2b2f8ee11000 00:00 0 
2b2f8ee25000-2b2f8ee2c000 r-xp 00000000 08:01 177683                     /lib/libnss_compat-2.4.so
2b2f8ee2c000-2b2f8ef2c000 ---p 00007000 08:01 177683                     /lib/libnss_compat-2.4.so
2b2f8ef2c000-2b2f8ef2e000 rwxp 00007000 08:01 177683                     /lib/libnss_compat-2.4.so
2b2f8ef2e000-2b2f8ef37000 r-xp 00000000 08:01 177687                     /lib/libnss_nis-2.4.so
2b2f8ef37000-2b2f8f037000 ---p 00009000 08:01 177687                     /lib/libnss_nis-2.4.so
2b2f8f037000-2b2f8f039000 rwxp 00009000 08:01 177687                     /lib/libnss_nis-2.4.so
2b2f8f039000-2b2f8f043000 r-xp 00000000 08:01 177685                     /lib/libnss_files-2.4.so
2b2f8f043000-2b2f8f142000 ---p 0000a000 08:01 177685                     /lib/libnss_files-2.4.so
2b2f8f142000-2b2f8f144000 rwxp 00009000 08:01 177685                     /lib/libnss_files-2.4.so
2b2f8f144000-2b2f8f14c000 rwxs 00000000 08:01 21082                      /tmp/hsperfdata_sorenm/27010
2b2f8f14c000-2b2f8f159000 r-xp 00000000 08:02 7995398                    /home/sorenm/jdk1.5.0_08/jre/lib/amd64/libverify.so
2b2f8f159000-2b2f8f258000 ---p 0000d000 08:02 7995398                    /home/sorenm/jdk1.5.0_08/jre/lib/amd64/libverify.so
2b2f8f258000-2b2f8f25b000 rwxp 0000c000 08:02 7995398                    /home/sorenm/jdk1.5.0_08/jre/lib/amd64/libverify.so
2b2f8f25b000-2b2f8f280000 r-xp 00000000 08:02 7995411                    /home/sorenm/jdk1.5.0_08/jre/lib/amd64/libjava.so
2b2f8f280000-2b2f8f37f000 ---p 00025000 08:02 7995411                    /home/sorenm/jdk1.5.0_08/jre/lib/amd64/libjava.so
2b2f8f37f000-2b2f8f385000 rwxp 00024000 08:02 7995411                    /home/sorenm/jdk1.5.0_08/jre/lib/amd64/libjava.so
2b2f8f385000-2b2f8f394000 r-xp 00000000 08:02 7995404                    /home/sorenm/jdk1.5.0_08/jre/lib/amd64/libzip.so
2b2f8f394000-2b2f8f495000 ---p 0000f000 08:02 7995404                    /home/sorenm/jdk1.5.0_08/jre/lib/amd64/libzip.so
2b2f8f495000-2b2f8f499000 rwxp 00010000 08:02 7995404                    /home/sorenm/jdk1.5.0_08/jre/lib/amd64/libzip.so
2b2f8f499000-2b2f91aaf000 r-xs 00000000 08:02 11321381                   /home/sorenm/jdk1.5.0_08/jre/lib/rt.jar
2b2f91aaf000-2b2f91b18000 rwxp 2b2f91aaf000 00:00 0 
2b2f91b18000-2b2f91b9d000 r-xs 00000000 08:02 11321350                   /home/sorenm/jdk1.5.0_08/jre/lib/jsse.jar
2b2f91b9d000-2b2f91bb2000 r-xs 00000000 08:02 11321378                   /home/sorenm/jdk1.5.0_08/jre/lib/jce.jar
2b2f91bb2000-2b2f92422000 r-xs 00000000 08:02 11321356                   /home/sorenm/jdk1.5.0_08/jre/lib/charsets.jar
2b2f92422000-2b2f92692000 rwxp 2b2f92422000 00:00 0 
2b2f92692000-2b2f95422000 rwxp 2b2f92692000 00:00 0 
2b2f95422000-2b2f9542c000 rwxp 2b2f95422000 00:00 0 
2b2f9542c000-2b2f954e2000 rwxp 2b2f9542c000 00:00 0 
2b2f954f0000-2b2f969b0000 rwxp 2b2f954f0000 00:00 0 
2b2f969b0000-2b2f9a6f0000 rwxp 2b2f969b0000 00:00 0 
2b2f9a6f0000-2b2f9bbf0000 rwxp 2b2f9a6f0000 00:00 0 
2b2f9bbf0000-2b2faf6f0000 rwxp 2b2f9bbf0000 00:00 0 
2b2faf6f0000-2b2fb0160000 rwxp 2b2faf6f0000 00:00 0 
2b2fb0160000-2b2fb9ef0000 rwxp 2b2fb0160000 00:00 0 
2b2fb9ef0000-2b2fb9efb000 rwxp 2b2fb9ef0000 00:00 0 
2b2fb9efb000-2b2fb9f19000 rwxp 2b2fb9efb000 00:00 0 
2b2fb9f19000-2b2fb9f24000 rwxp 2b2fb9f19000 00:00 0 
2b2fb9f24000-2b2fb9fc1000 rwxp 2b2fb9f24000 00:00 0 
2b2fb9fc1000-2b2fb9fc7000 rwxp 2b2fb9fc1000 00:00 0 
2b2fb9fc7000-2b2fba015000 rwxp 2b2fb9fc7000 00:00 0 
2b2fba015000-2b2fba021000 rwxp 2b2fba015000 00:00 0 
2b2fba021000-2b2fba0be000 rwxp 2b2fba021000 00:00 0 
2b2fba0be000-2b2fba0c9000 rwxp 2b2fba0be000 00:00 0 
2b2fba0c9000-2b2fba0e7000 rwxp 2b2fba0c9000 00:00 0 
7fff1cd4c000-7fff1cd4f000 ---p 7fff1cd4c000 00:00 0 
7fff1cd4f000-7fff1cf4c000 rwxp 7fff1cd4f000 00:00 0                      [stack]
ffffffffff600000-ffffffffffe00000 ---p 00000000 00:00 0                  [vdso]

VM Arguments:
jvm_args: -Djava.library.path=/home/sorenm/JIndex/libs/native/amd64 -DHOME=/home/sorenm
java_command: org.jindex.client.JIndexClient
Launcher Type: SUN_STANDARD

Environment Variables:
JAVA_HOME=/home/sorenm/jdk1.5.0_08
PATH=/home/sorenm/jdk1.5.0_08/bin:/home/sorenm/jdk1.5.0_08/bin:/usr/local/sbin:/usr/local/bin:/usr/sbin:/usr/bin:/sbin:/bin:/usr/bin/X11:/usr/games
USERNAME=sorenm
LD_LIBRARY_PATH=/home/sorenm/jdk1.5.0_08/jre/lib/amd64/server:/home/sorenm/jdk1.5.0_08/jre/lib/amd64:/home/sorenm/jdk1.5.0_08/jre/../lib/amd64
SHELL=/bin/bash
DISPLAY=:0.0

Signal Handlers:
SIGSEGV: [libjvm.so+0x656380], sa_mask[0]=0x7ffbfeff, sa_flags=0x14000004
SIGBUS: [libjvm.so+0x656380], sa_mask[0]=0x7ffbfeff, sa_flags=0x14000004
SIGFPE: [libjvm.so+0x55dd50], sa_mask[0]=0x7ffbfeff, sa_flags=0x14000004
SIGPIPE: [libjvm.so+0x55dd50], sa_mask[0]=0x7ffbfeff, sa_flags=0x14000004
SIGILL: [libjvm.so+0x55dd50], sa_mask[0]=0x7ffbfeff, sa_flags=0x14000004
SIGUSR1: SIG_DFL, sa_mask[0]=0x00000000, sa_flags=0x00000000
SIGUSR2: [libjvm.so+0x55fc00], sa_mask[0]=0x00000004, sa_flags=0x14000004
SIGHUP: [libjvm.so+0x55f6d0], sa_mask[0]=0x7ffbfeff, sa_flags=0x14000004
SIGINT: [libjvm.so+0x55f6d0], sa_mask[0]=0x7ffbfeff, sa_flags=0x14000004
SIGQUIT: [libjvm.so+0x55f6d0], sa_mask[0]=0x7ffbfeff, sa_flags=0x14000004
SIGTERM: [libjvm.so+0x55f6d0], sa_mask[0]=0x7ffbfeff, sa_flags=0x14000004


---------------  S Y S T E M  ---------------

OS:testing/unstable

uname:Linux 2.6.17-10-generic #2 SMP Wed Oct 11 20:20:51 UTC 2006 x86_64
libc:glibc 2.4 NPTL 2.4 
rlimit: STACK 8192k, CORE 0k, NPROC infinity, NOFILE 1024, AS infinity
load average:0.98 1.11 0.91

CPU:total 2 em64t ht

Memory: 4k page, physical 2057956k(15852k free), swap 3903784k(3133376k free)

vm_info: Java HotSpot(TM) 64-Bit Server VM (1.5.0_08-b03) for linux-amd64, built on Jun 28 2006 00:27:03 by java_re with gcc 3.2.2 (SuSE Linux)

