#
# An unexpected error has been detected by HotSpot Virtual Machine:
#
#  SIGSEGV (0xb) at pc=0x00002ae0db3c04a4, pid=25679, tid=47145168567008
#
# Java VM: Java HotSpot(TM) 64-Bit Server VM (1.5.0_08-b03 mixed mode)
# Problematic frame:
# j  org.gnu.gtk.StatusIcon.gtk_status_icon_new_from_pixbuf(Lorg/gnu/glib/Handle;)Lorg/gnu/glib/Handle;+0
#

---------------  T H R E A D  ---------------

Current thread (0x0000000040116640):  JavaThread "main" [_thread_in_Java, id=25679]

siginfo:si_signo=11, si_errno=0, si_code=1, si_addr=0xffffffffaab60fc0

Registers:
RAX=0xffffffffaab60fc0, RBX=0x00002ae0deaceee0, RCX=0x00002ae0d78c0fc0, RDX=0x00002ae0d78c4870
RSP=0x00007fffd3fb6b68, RBP=0x00007fffd3fb6bb0, RSI=0x00002ae0d78c0fb8, RDI=0x00000000401187a0
R8 =0x00002ae0d78b0668, R9 =0x0000000000000cc8, R10=0x00002ae0d79de000, R11=0x0000000000000cc8
R12=0x00002ae0db3c049b, R13=0x00002ae0deaceee0, R14=0x00007fffd3fb6bd0, R15=0x0000000040116640
RIP=0x00002ae0db3c04a4, EFL=0x0000000000010286, CSGSFS=0x0000000000000033, ERR=0x0000000000000005
  TRAPNO=0x000000000000000e

Top of Stack: (sp=0x00007fffd3fb6b68)
0x00007fffd3fb6b68:   00002ae0db3c3a4e 0000000040116640
0x00007fffd3fb6b78:   00007fffd3fb6b78 00002ae0deaceee0
0x00007fffd3fb6b88:   00007fffd3fb6bd0 00002ae0dead0a18
0x00007fffd3fb6b98:   0000000000000000 00002ae0deaceee0
0x00007fffd3fb6ba8:   00007fffd3fb6bd0 00007fffd3fb6c18
0x00007fffd3fb6bb8:   00002ae0db3b9de1 00002ae0dead0288
0x00007fffd3fb6bc8:   00002ae0db3c049b 00002ae0f8d362d8
0x00007fffd3fb6bd8:   00002ae0f8d36198 00007fffd3fb6be0
0x00007fffd3fb6be8:   00002ae0deacd6dd 00007fffd3fb6c30
0x00007fffd3fb6bf8:   00002ae0dead0a18 0000000000000000
0x00007fffd3fb6c08:   00002ae0deacd6f8 00007fffd3fb6c28
0x00007fffd3fb6c18:   00007fffd3fb6c78 00002ae0db3b9efe
0x00007fffd3fb6c28:   00002ae0f8d38020 00002ae0f8d36198
0x00007fffd3fb6c38:   00002ae0f8d36198 00007fffd3fb6c40
0x00007fffd3fb6c48:   00002ae0de6d842a 00007fffd3fb6c98
0x00007fffd3fb6c58:   00002ae0de746c70 0000000000000000
0x00007fffd3fb6c68:   00002ae0de6d8478 00007fffd3fb6c98
0x00007fffd3fb6c78:   00007fffd3fb6cd8 00002ae0db3b9efe
0x00007fffd3fb6c88:   0000000000000000 00002ae0f8d27c10
0x00007fffd3fb6c98:   00002ae0f8b2d570 00007fffd3fb6ca0
0x00007fffd3fb6ca8:   00002ae0de6d82d8 00007fffd3fb6d00
0x00007fffd3fb6cb8:   00002ae0de746c70 0000000000000000
0x00007fffd3fb6cc8:   00002ae0de6d8360 00007fffd3fb6d00
0x00007fffd3fb6cd8:   00007fffd3fb6d48 00002ae0db3b9efe
0x00007fffd3fb6ce8:   0000000000000000 00002ae0f8c9a0c8
0x00007fffd3fb6cf8:   00002ae0f8b2e6b8 00002ae0f8b2d570
0x00007fffd3fb6d08:   00002ae0f8b2d570 00007fffd3fb6d10
0x00007fffd3fb6d18:   00002ae0de6d8658 00007fffd3fb6d68
0x00007fffd3fb6d28:   00002ae0de746c70 0000000000000000
0x00007fffd3fb6d38:   00002ae0de6d86b8 00007fffd3fb6d68
0x00007fffd3fb6d48:   00007fffd3fb6dd0 00002ae0db3b732d
0x00007fffd3fb6d58:   0000000000000000 0000000000000000 

Instructions: (pc=0x00002ae0db3c04a4)
0x00002ae0db3c0494:   c0 c3 c3 c3 c3 c3 c3 48 85 c0 0f 84 03 00 00 00
0x00002ae0db3c04a4:   48 8b 00 c3 00 00 00 00 00 00 00 00 00 00 00 00 

Stack: [0x00007fffd3dba000,0x00007fffd3fba000),  sp=0x00007fffd3fb6b68,  free space=2034k
Native frames: (J=compiled Java code, j=interpreted, Vv=VM code, C=native code)
j  org.gnu.gtk.StatusIcon.gtk_status_icon_new_from_pixbuf(Lorg/gnu/glib/Handle;)Lorg/gnu/glib/Handle;+0
j  org.gnu.gtk.StatusIcon.<init>(Lorg/gnu/gdk/Pixbuf;)V+5
j  org.jindex.client.JIndexClient.registerTrayIcon()V+26
j  org.jindex.client.JIndexClient.<init>()V+176
j  org.jindex.client.JIndexClient.main([Ljava/lang/String;)V+8
v  ~StubRoutines::call_stub
V  [libjvm.so+0x3848e5]
V  [libjvm.so+0x55eae9]
V  [libjvm.so+0x3846f5]
V  [libjvm.so+0x3b1d55]
V  [libjvm.so+0x3a2c65]
C  [java+0x1fd6]  strcmp+0x796


---------------  P R O C E S S  ---------------

Java Threads: ( => current thread )
  0x00002aaaaab7dac0 JavaThread "Low Memory Detector" daemon [_thread_blocked, id=25692]
  0x00002aaaaab7bea0 JavaThread "CompilerThread1" daemon [_thread_blocked, id=25691]
  0x00002aaaaab7a900 JavaThread "CompilerThread0" daemon [_thread_blocked, id=25690]
  0x00002aaaaab791b0 JavaThread "AdapterThread" daemon [_thread_blocked, id=25689]
  0x00002aaaaab77ee0 JavaThread "Signal Dispatcher" daemon [_thread_blocked, id=25688]
  0x00002aaaaab652f0 JavaThread "Finalizer" daemon [_thread_blocked, id=25687]
  0x00002aaaaab64ad0 JavaThread "Reference Handler" daemon [_thread_blocked, id=25686]
=>0x0000000040116640 JavaThread "main" [_thread_in_Java, id=25679]

Other Threads:
  0x00002aaaaab605e0 VMThread [id=25685]
  0x00002aaaaab7f700 WatcherThread [id=25693]

VM state:not at safepoint (normal execution)

VM Mutex/Monitor currently owned by a thread: None

Heap
 PSYoungGen      total 9408K, used 6944K [0x00002ae0f8680000, 0x00002ae0f90f0000, 0x00002ae102e80000)
  eden space 8128K, 85% used [0x00002ae0f8680000,0x00002ae0f8d48198,0x00002ae0f8e70000)
  from space 1280K, 0% used [0x00002ae0f8fb0000,0x00002ae0f8fb0000,0x00002ae0f90f0000)
  to   space 1280K, 0% used [0x00002ae0f8e70000,0x00002ae0f8e70000,0x00002ae0f8fb0000)
 PSOldGen        total 21504K, used 0K [0x00002ae0e3680000, 0x00002ae0e4b80000, 0x00002ae0f8680000)
  object space 21504K, 0% used [0x00002ae0e3680000,0x00002ae0e3680000,0x00002ae0e4b80000)
 PSPermGen       total 21248K, used 6472K [0x00002ae0de480000, 0x00002ae0df940000, 0x00002ae0e3680000)
  object space 21248K, 30% used [0x00002ae0de480000,0x00002ae0dead2358,0x00002ae0df940000)

Dynamic libraries:
40000000-4000e000 r-xp 00000000 08:02 8159238                            /home/sorenm/jdk1.5.0_08/jre/bin/java
4010d000-40110000 rwxp 0000d000 08:02 8159238                            /home/sorenm/jdk1.5.0_08/jre/bin/java
40110000-40154000 rwxp 40110000 00:00 0                                  [heap]
40154000-40155000 ---p 40154000 00:00 0 
40155000-40255000 rwxp 40155000 00:00 0 
40255000-40256000 ---p 40255000 00:00 0 
40256000-40356000 rwxp 40256000 00:00 0 
40356000-40357000 ---p 40356000 00:00 0 
40357000-40457000 rwxp 40357000 00:00 0 
40457000-4045a000 ---p 40457000 00:00 0 
4045a000-40558000 rwxp 4045a000 00:00 0 
40558000-4055b000 ---p 40558000 00:00 0 
4055b000-40659000 rwxp 4055b000 00:00 0 
40659000-4065c000 ---p 40659000 00:00 0 
4065c000-4075a000 rwxp 4065c000 00:00 0 
4075a000-4075d000 ---p 4075a000 00:00 0 
4075d000-4085b000 rwxp 4075d000 00:00 0 
4085b000-4085e000 ---p 4085b000 00:00 0 
4085e000-4095c000 rwxp 4085e000 00:00 0 
4095c000-4095f000 ---p 4095c000 00:00 0 
4095f000-40a5d000 rwxp 4095f000 00:00 0 
40a5d000-40a60000 ---p 40a5d000 00:00 0 
40a60000-40b5e000 rwxp 40a60000 00:00 0 
40b5e000-40b5f000 ---p 40b5e000 00:00 0 
40b5f000-40c5f000 rwxp 40b5f000 00:00 0 
2aaaaaaab000-2aaaaabd3000 rwxp 2aaaaaaab000 00:00 0 
2aaaaabd3000-2aaaaabd5000 r-xs 00000000 08:02 7962626                    /home/sorenm/jdk1.5.0_08/jre/lib/ext/dnsns.jar
2aaaaabd5000-2aaaaabfc000 r-xs 00000000 08:02 9535490                    /home/sorenm/jdk1.5.0_08/jre/lib/ext/sunjce_provider.jar
2aaaaac00000-2aaaaacf5000 rwxp 2aaaaac00000 00:00 0 
2aaaaacf5000-2aaaaad00000 ---p 2aaaaacf5000 00:00 0 
2aaaaad00000-2aaaaad33000 r-xp 00000000 08:01 6284                       /usr/lib/locale/en_AU.utf8/LC_CTYPE
2aaaaad33000-2aaaaad3a000 r-xs 00000000 08:01 15026                      /usr/lib/gconv/gconv-modules.cache
2aaaaad3a000-2aaaaadfe000 r-xs 00000000 08:02 9535494                    /home/sorenm/jdk1.5.0_08/jre/lib/ext/localedata.jar
2aaaaadfe000-2aaaaae0a000 r-xs 00000000 08:02 11681970                   /home/sorenm/JIndex/libs/commons-codec.jar
2aaaaae0a000-2aaaaae91000 r-xs 00000000 08:02 11681971                   /home/sorenm/JIndex/libs/commons-collections.jar
2aaaaae91000-2aaaaaeb5000 r-xs 00000000 08:02 11681972                   /home/sorenm/JIndex/libs/commons-lang.jar
2aaaaaeb5000-2aaaaafcd000 r-xs 00000000 08:02 11681975                   /home/sorenm/JIndex/libs/itext-1.3.jar
2aaaaafcd000-2aaaaafdd000 r-xs 00000000 08:02 11681976                   /home/sorenm/JIndex/libs/jakarta-oro.jar
2aaaaafdd000-2aaaaafde000 r-xs 00000000 08:02 11681977                   /home/sorenm/JIndex/libs/java-fam.jar
2aaaaafde000-2aaaab19a000 r-xs 00000000 08:02 11682036                   /home/sorenm/JIndex/libs/jmf.jar
2aaaab19a000-2aaaab29a000 rwxp 2aaaab19a000 00:00 0 
2aaaab29a000-2aaaab2ab000 r-xs 00000000 08:02 11682037                   /home/sorenm/JIndex/libs/junit-3.8.1.1.jar
2aaaab2ab000-2aaaab341000 r-xs 00000000 08:02 11682038                   /home/sorenm/JIndex/libs/jxl.jar
2aaaab341000-2aaaab396000 r-xs 00000000 08:02 11682042                   /home/sorenm/JIndex/libs/log4j.jar
2aaaab396000-2aaaab3c9000 r-xs 00000000 08:02 11682039                   /home/sorenm/JIndex/libs/libdb4.4-java-4.4.20.jar
2aaaab3c9000-2aaaab419000 r-xs 00000000 08:02 11682043                   /home/sorenm/JIndex/libs/lucene-1.4.3.jar
2aaaab419000-2aaaab72a000 r-xs 00000000 08:02 11681969                   /home/sorenm/JIndex/libs/PDFBox-0.7.1.jar
2aaaab72a000-2aaaab738000 r-xs 00000000 08:02 11682045                   /home/sorenm/JIndex/libs/poi-contrib.jar
2aaaab738000-2aaaab767000 r-xs 00000000 08:02 11682046                   /home/sorenm/JIndex/libs/poi-scratchpad.jar
2aaaab767000-2aaaab829000 r-xs 00000000 08:02 11682047                   /home/sorenm/JIndex/libs/poi.jar
2aaaab829000-2aaaab82c000 r-xs 00000000 08:02 11682048                   /home/sorenm/JIndex/libs/sabercat.jar
2aaaab82c000-2aaaabb1e000 r-xs 00000000 08:02 11682049                   /home/sorenm/JIndex/libs/xalan.jar
2aaaabb1e000-2aaaabc11000 r-xs 00000000 08:02 11682050                   /home/sorenm/JIndex/libs/xercesImpl.jar
2aaaabc11000-2aaaabc2c000 r-xs 00000000 08:02 11682044                   /home/sorenm/JIndex/libs/xml-apis.jar
2aaaabc2c000-2aaaabc69000 r-xs 00000000 08:02 11682053                   /home/sorenm/JIndex/libs/xstream-1.1.2.jar
2aaaabc69000-2aaaabc75000 r-xs 00000000 08:02 11845969                   /home/sorenm/JIndex/libs/mail/activation.jar
2aaaabc75000-2aaaabc8b000 r-xs 00000000 08:02 11845970                   /home/sorenm/JIndex/libs/mail/gnumail-providers.jar
2aaaabc8b000-2aaaabcb5000 r-xs 00000000 08:02 11845971                   /home/sorenm/JIndex/libs/mail/gnumail.jar
2aaaabcb5000-2aaaabce2000 r-xs 00000000 08:02 11845972                   /home/sorenm/JIndex/libs/mail/inetlib.jar
2aaaabce2000-2aaaabce8000 r-xs 00000000 08:02 11747591                   /home/sorenm/JIndex/libs/gnome-libs/amd64/glib0.4.jar
2aaaabce8000-2aaaabde8000 rwxp 2aaaabce8000 00:00 0 
2aaaabde8000-2aaaabdff000 r-xs 00000000 08:02 11747592                   /home/sorenm/JIndex/libs/gnome-libs/amd64/gnome2.12-2.12.1.jar
2aaaabdff000-2aaaabea2000 r-xs 00000000 08:02 11747594                   /home/sorenm/JIndex/libs/gnome-libs/amd64/gtk2.10.jar
2aaaabea2000-2aaaabeaa000 r-xs 00000000 08:02 11747596                   /home/sorenm/JIndex/libs/gnome-libs/amd64/libglade-java-2.12.1.jar
2aaaabeaa000-2aaaabfaa000 rwxp 2aaaabeaa000 00:00 0 
2aaaac000000-2aaaac0fc000 rwxp 2aaaac000000 00:00 0 
2aaaac0fc000-2aaaac100000 ---p 2aaaac0fc000 00:00 0 
2aaaac100000-2aaaac200000 rwxp 2aaaac100000 00:00 0 
2aaaac300000-2aaaac3c3000 rwxp 2aaaac300000 00:00 0 
2aaaac3c3000-2aaaac400000 ---p 2aaaac3c3000 00:00 0 
2aaaac400000-2aaaac4d0000 r-xp 00000000 08:02 11911232                   /home/sorenm/JIndex/libs/native/amd64/libgtkjni-2.10.so
2aaaac4d0000-2aaaac5cf000 ---p 000d0000 08:02 11911232                   /home/sorenm/JIndex/libs/native/amd64/libgtkjni-2.10.so
2aaaac5cf000-2aaaac5d5000 rwxp 000cf000 08:02 11911232                   /home/sorenm/JIndex/libs/native/amd64/libgtkjni-2.10.so
2aaaac5e8000-2aaaac5ec000 r-xp 00000000 08:01 65034                      /usr/lib/libgthread-2.0.so.0.1200.4
2aaaac5ec000-2aaaac6eb000 ---p 00004000 08:01 65034                      /usr/lib/libgthread-2.0.so.0.1200.4
2aaaac6eb000-2aaaac6ec000 rwxp 00003000 08:01 65034                      /usr/lib/libgthread-2.0.so.0.1200.4
2aaaac6ec000-2aaaaca72000 r-xp 00000000 08:01 67317                      /usr/lib/libgtk-x11-2.0.so.0.1000.6
2aaaaca72000-2aaaacb72000 ---p 00386000 08:01 67317                      /usr/lib/libgtk-x11-2.0.so.0.1000.6
2aaaacb72000-2aaaacb7d000 rwxp 00386000 08:01 67317                      /usr/lib/libgtk-x11-2.0.so.0.1000.6
2aaaacb7d000-2aaaacb7f000 rwxp 2aaaacb7d000 00:00 0 
2aaaacb7f000-2aaaacc12000 r-xp 00000000 08:01 67316                      /usr/lib/libgdk-x11-2.0.so.0.1000.6
2aaaacc12000-2aaaacd12000 ---p 00093000 08:01 67316                      /usr/lib/libgdk-x11-2.0.so.0.1000.6
2aaaacd12000-2aaaacd17000 rwxp 00093000 08:01 67316                      /usr/lib/libgdk-x11-2.0.so.0.1000.6
2aaaacd17000-2aaaacd34000 r-xp 00000000 08:01 66901                      /usr/lib/libatk-1.0.so.0.1213.0
2aaaacd34000-2aaaace34000 ---p 0001d000 08:01 66901                      /usr/lib/libatk-1.0.so.0.1213.0
2aaaace34000-2aaaace37000 rwxp 0001d000 08:01 66901                      /usr/lib/libatk-1.0.so.0.1213.0
2aaaace37000-2aaaace4e000 r-xp 00000000 08:01 67315                      /usr/lib/libgdk_pixbuf-2.0.so.0.1000.6
2aaaace4e000-2aaaacf4e000 ---p 00017000 08:01 67315                      /usr/lib/libgdk_pixbuf-2.0.so.0.1000.6
2aaaacf4e000-2aaaacf4f000 rwxp 00017000 08:01 67315                      /usr/lib/libgdk_pixbuf-2.0.so.0.1000.6
2aaaacf4f000-2aaaacf57000 r-xp 00000000 08:01 13339                      /usr/lib/libpangocairo-1.0.so.0.1400.5
2aaaacf57000-2aaaad057000 ---p 00008000 08:01 13339                      /usr/lib/libpangocairo-1.0.so.0.1400.5
2aaaad057000-2aaaad058000 rwxp 00008000 08:01 13339                      /usr/lib/libpangocairo-1.0.so.0.1400.5
2aaaad058000-2aaaad08e000 r-xp 00000000 08:01 13300                      /usr/lib/libfontconfig.so.1.0.4
2aaaad08e000-2aaaad18d000 ---p 00036000 08:01 13300                      /usr/lib/libfontconfig.so.1.0.4
2aaaad18d000-2aaaad195000 rwxp 00035000 08:01 13300                      /usr/lib/libfontconfig.so.1.0.4
2aaaad195000-2aaaad197000 rwxp 2aaaad195000 00:00 0 
2aaaad197000-2aaaad1a7000 r-xp 00000000 08:01 84246                      /usr/lib/libXext.so.6.4.0
2aaaad1a7000-2aaaad2a7000 ---p 00010000 08:01 84246                      /usr/lib/libXext.so.6.4.0
2aaaad2a7000-2aaaad2a8000 rwxp 00010000 08:01 84246                      /usr/lib/libXext.so.6.4.0
2aaaad2a8000-2aaaad2b1000 r-xp 00000000 08:01 79523                      /usr/lib/libXrender.so.1.3.0
2aaaad2b1000-2aaaad3b0000 ---p 00009000 08:01 79523                      /usr/lib/libXrender.so.1.3.0
2aaaad3b0000-2aaaad3b1000 rwxp 00008000 08:01 79523                      /usr/lib/libXrender.so.1.3.0
2aaaad3b1000-2aaaad3b3000 r-xp 00000000 08:01 84566                      /usr/lib/libXinerama.so.1.0.0
2aaaad3b3000-2aaaad4b2000 ---p 00002000 08:01 84566                      /usr/lib/libXinerama.so.1.0.0
2aaaad4b2000-2aaaad4b3000 rwxp 00001000 08:01 84566                      /usr/lib/libXinerama.so.1.0.0
2aaaad4b3000-2aaaad4bb000 r-xp 00000000 08:01 84490                      /usr/lib/libXi.so.6.0.0
2aaaad4bb000-2aaaad5ba000 ---p 00008000 08:01 84490                      /usr/lib/libXi.so.6.0.0
2aaaad5ba000-2aaaad5bb000 rwxp 00007000 08:01 84490                      /usr/lib/libXi.so.6.0.0
2aaaad5bb000-2aaaad5be000 r-xp 00000000 08:01 89972                      /usr/lib/libXrandr.so.2.0.0
2aaaad5be000-2aaaad6bd000 ---p 00003000 08:01 89972                      /usr/lib/libXrandr.so.2.0.0
2aaaad6bd000-2aaaad6be000 rwxp 00002000 08:01 89972                      /usr/lib/libXrandr.so.2.0.0
2aaaad6be000-2aaaad6c8000 r-xp 00000000 08:01 83981                      /usr/lib/libXcursor.so.1.0.2
2aaaad6c8000-2aaaad7c7000 ---p 0000a000 08:01 83981                      /usr/lib/libXcursor.so.1.0.2
2aaaad7c7000-2aaaad7c8000 rwxp 00009000 08:01 83981                      /usr/lib/libXcursor.so.1.0.2
2aaaad7c8000-2aaaad7cd000 r-xp 00000000 08:01 82917                      /usr/lib/libXfixes.so.3.1.0
2aaaad7cd000-2aaaad8cc000 ---p 00005000 08:01 82917                      /usr/lib/libXfixes.so.3.1.0
2aaaad8cc000-2aaaad8cd000 rwxp 00004000 08:01 82917                      /usr/lib/libXfixes.so.3.1.0
2aaaad8cd000-2aaaad90b000 r-xp 00000000 08:01 13310                      /usr/lib/libpango-1.0.so.0.1400.5
2aaaad90b000-2aaaada0a000 ---p 0003e000 08:01 13310                      /usr/lib/libpango-1.0.so.0.1400.5
2aaaada0a000-2aaaada0d000 rwxp 0003d000 08:01 13310                      /usr/lib/libpango-1.0.so.0.1400.5
2aaaada0d000-2aaaadae7000 r-xp 00000000 08:01 148497                     /usr/lib/libX11.so.6.2.0
2aaaadae7000-2aaaadbe6000 ---p 000da000 08:01 148497                     /usr/lib/libX11.so.6.2.0
2aaaadbe6000-2aaaadbeb000 rwxp 000d9000 08:01 148497                     /usr/lib/libX11.so.6.2.0
2aaaadbeb000-2aaaadc2a000 r-xp 00000000 08:01 65029                      /usr/lib/libgobject-2.0.so.0.1200.4
2aaaadc2a000-2aaaadd2a000 ---p 0003f000 08:01 65029                      /usr/lib/libgobject-2.0.so.0.1200.4
2aaaadd2a000-2aaaadd2c000 rwxp 0003f000 08:01 65029                      /usr/lib/libgobject-2.0.so.0.1200.4
2aaaadd2c000-2aaaadd2f000 r-xp 00000000 08:01 65033                      /usr/lib/libgmodule-2.0.so.0.1200.4
2aaaadd2f000-2aaaade2e000 ---p 00003000 08:01 65033                      /usr/lib/libgmodule-2.0.so.0.1200.4
2aaaade2e000-2aaaade2f000 rwxp 00002000 08:01 65033                      /usr/lib/libgmodule-2.0.so.0.1200.4
2aaaade2f000-2aaaadecc000 r-xp 00000000 08:01 65023                      /usr/lib/libglib-2.0.so.0.1200.4
2aaaadecc000-2aaaadfcb000 ---p 0009d000 08:01 65023                      /usr/lib/libglib-2.0.so.0.1200.4
2aaaadfcb000-2aaaadfcc000 rwxp 0009c000 08:01 65023                      /usr/lib/libglib-2.0.so.0.1200.4
2aaaadfcc000-2aaaadfcd000 rwxp 2aaaadfcc000 00:00 0 
2aaaadfcd000-2aaaae034000 r-xp 00000000 08:01 180144                     /usr/lib/libcairo.so.2.9.2
2aaaae034000-2aaaae133000 ---p 00067000 08:01 180144                     /usr/lib/libcairo.so.2.9.2
2aaaae133000-2aaaae136000 rwxp 00066000 08:01 180144                     /usr/lib/libcairo.so.2.9.2
2aaaae136000-2aaaae145000 r-xp 00000000 08:01 2847                       /usr/local/lib/libglibjni-0.4.so
2aaaae145000-2aaaae244000 ---p 0000f000 08:01 2847                       /usr/local/lib/libglibjni-0.4.so
2aaaae244000-2aaaae245000 rwxp 0000e000 08:01 2847                       /usr/local/lib/libglibjni-0.4.so
2aaaae245000-2aaaae24d000 r-xp 00000000 08:01 177692                     /lib/librt-2.4.so
2aaaae24d000-2aaaae34c000 ---p 00008000 08:01 177692                     /lib/librt-2.4.so
2aaaae34c000-2aaaae34e000 rwxp 00007000 08:01 177692                     /lib/librt-2.4.so
2aaaae34e000-2aaaae37b000 r-xp 00000000 08:01 13325                      /usr/lib/libpangoft2-1.0.so.0.1400.5
2aaaae37b000-2aaaae47b000 ---p 0002d000 08:01 13325                      /usr/lib/libpangoft2-1.0.so.0.1400.5
2aaaae47b000-2aaaae47c000 rwxp 0002d000 08:01 13325                      /usr/lib/libpangoft2-1.0.so.0.1400.5
2aaaae47c000-2aaaae4f0000 r-xp 00000000 08:01 77953                      /usr/lib/libfreetype.so.6.3.10
2aaaae4f0000-2aaaae5f0000 ---p 00074000 08:01 77953                      /usr/lib/libfreetype.so.6.3.10
2aaaae5f0000-2aaaae5f5000 rwxp 00074000 08:01 77953                      /usr/lib/libfreetype.so.6.3.10
2aaaae5f5000-2aaaae60b000 r-xp 00000000 08:01 13019                      /usr/lib/libz.so.1.2.3
2aaaae60b000-2aaaae70a000 ---p 00016000 08:01 13019                      /usr/lib/libz.so.1.2.3
2aaaae70a000-2aaaae70b000 rwxp 00015000 08:01 13019                      /usr/lib/libz.so.1.2.3
2aaaae70b000-2aaaae72b000 r-xp 00000000 08:01 37913                      /usr/lib/libexpat.so.1.0.0
2aaaae72b000-2aaaae82b000 ---p 00020000 08:01 37913                      /usr/lib/libexpat.so.1.0.0
2aaaae82b000-2aaaae82d000 rwxp 00020000 08:01 37913                      /usr/lib/libexpat.so.1.0.0
2aaaae82d000-2aaaae82f000 r-xp 00000000 08:01 83996                      /usr/lib/libXau.so.6.0.0
2aaaae82f000-2aaaae92f000 ---p 00002000 08:01 83996                      /usr/lib/libXau.so.6.0.0
2aaaae92f000-2aaaae930000 rwxp 00002000 08:01 83996                      /usr/lib/libXau.so.6.0.0
2aaaae930000-2aaaae935000 r-xp 00000000 08:01 32334                      /usr/lib/libXdmcp.so.6.0.0
2aaaae935000-2aaaaea34000 ---p 00005000 08:01 32334                      /usr/lib/libXdmcp.so.6.0.0
2aaaaea34000-2aaaaea35000 rwxp 00004000 08:01 32334                      /usr/lib/libXdmcp.so.6.0.0
2aaaaea35000-2aaaaea58000 r-xp 00000000 08:01 79517                      /usr/lib/libpng12.so.0.1.2.8
2aaaaea58000-2aaaaeb57000 ---p 00023000 08:01 79517                      /usr/lib/libpng12.so.0.1.2.8
2aaaaeb57000-2aaaaeb58000 rwxp 00022000 08:01 79517                      /usr/lib/libpng12.so.0.1.2.8
2aaaaeb58000-2aaaaeb59000 r-xp 00000000 08:01 67059                      /usr/lib/locale/en_AU.utf8/LC_IDENTIFICATION
2aaaaeb59000-2aaaaeb5a000 r-xp 00000000 08:01 10167                      /usr/lib/locale/en_AU.utf8/LC_MEASUREMENT
2aaaaeb5a000-2aaaaeb5b000 r-xp 00000000 08:01 67058                      /usr/lib/locale/en_AU.utf8/LC_TELEPHONE
2aaaaeb5b000-2aaaaeb5c000 r-xp 00000000 08:01 61055                      /usr/lib/locale/en_AU.utf8/LC_ADDRESS
2aaaaeb5c000-2aaaaeb5d000 r-xp 00000000 08:01 10164                      /usr/lib/locale/en_AU.utf8/LC_NAME
2aaaaeb5d000-2aaaaeb5e000 r-xp 00000000 08:01 10163                      /usr/lib/locale/en_AU.utf8/LC_PAPER
2aaaaeb5e000-2aaaaeb5f000 r-xp 00000000 08:01 10162                      /usr/lib/locale/en_AU.utf8/LC_MESSAGES/SYS_LC_MESSAGES
2aaaaeb5f000-2aaaaeb60000 r-xp 00000000 08:01 55742                      /usr/lib/locale/en_AU.utf8/LC_MONETARY
2aaaaeb60000-2aaaaec37000 r-xp 00000000 08:01 10159                      /usr/lib/locale/en_AU.utf8/LC_COLLATE
2aaaaec37000-2aaaaec38000 r-xp 00000000 08:01 10158                      /usr/lib/locale/en_AU.utf8/LC_TIME
2aaaaec38000-2aaaaec39000 r-xp 00000000 08:01 10157                      /usr/lib/locale/en_AU.utf8/LC_NUMERIC
2aaaaec39000-2aaaaec3a000 r-xp 00000000 08:01 148501                     /usr/lib/X11/locale/common/xlcUTF8Load.so.2.0.0
2aaaaec3a000-2aaaaed39000 ---p 00001000 08:01 148501                     /usr/lib/X11/locale/common/xlcUTF8Load.so.2.0.0
2aaaaed39000-2aaaaed3a000 rwxp 00000000 08:01 148501                     /usr/lib/X11/locale/common/xlcUTF8Load.so.2.0.0
2aaaaed3a000-2aaaaed49000 r-xp 00000000 08:01 82021                      /usr/share/locale-langpack/en_AU/LC_MESSAGES/gtk20.mo
2aaaaed49000-2aaaaed4e000 r-xp 00000000 08:01 82022                      /usr/share/locale-langpack/en_AU/LC_MESSAGES/gtk20-properties.mo
2aaaaed4e000-2aaaaed50000 r-xp 00000000 08:01 177878                     /usr/lib/gconv/ISO8859-1.so
2aaaaed50000-2aaaaee4f000 ---p 00002000 08:01 177878                     /usr/lib/gconv/ISO8859-1.so
2aaaaee4f000-2aaaaee51000 rwxp 00001000 08:01 177878                     /usr/lib/gconv/ISO8859-1.so
2aaaaee51000-2aaaaee53000 r-xp 00000000 08:02 11911229                   /home/sorenm/JIndex/libs/native/amd64/libgladejni-2.12.so
2aaaaee53000-2aaaaef52000 ---p 00002000 08:02 11911229                   /home/sorenm/JIndex/libs/native/amd64/libgladejni-2.12.so
2aaaaef52000-2aaaaef53000 rwxp 00001000 08:02 11911229                   /home/sorenm/JIndex/libs/native/amd64/libgladejni-2.12.so
2aaaaef66000-2aaaaef7f000 r-xp 00000000 08:01 70591                      /usr/lib/libglade-2.0.so.0.0.7
2aaaaef7f000-2aaaaf07e000 ---p 00019000 08:01 70591                      /usr/lib/libglade-2.0.so.0.0.7
2aaaaf07e000-2aaaaf080000 rwxp 00018000 08:01 70591                      /usr/lib/libglade-2.0.so.0.0.7
2aaaaf080000-2aaaaf1b3000 r-xp 00000000 08:01 18014                      /usr/lib/libxml2.so.2.6.26
2aaaaf1b3000-2aaaaf2b3000 ---p 00133000 08:01 18014                      /usr/lib/libxml2.so.2.6.26
2aaaaf2b3000-2aaaaf2bc000 rwxp 00133000 08:01 18014                      /usr/lib/libxml2.so.2.6.26
2aaaaf2bc000-2aaaaf3bd000 rwxp 2aaaaf2bc000 00:00 0 
2aaaaf3cf000-2aaaaf3d7000 r-xp 00000000 08:01 21310                      /usr/lib/libglade/2.0/libgnome.so
2aaaaf3d7000-2aaaaf4d6000 ---p 00008000 08:01 21310                      /usr/lib/libglade/2.0/libgnome.so
2aaaaf4d6000-2aaaaf4d8000 rwxp 00007000 08:01 21310                      /usr/lib/libglade/2.0/libgnome.so
2aaaaf4d8000-2aaaaf56c000 r-xp 00000000 08:01 17286                      /usr/lib/libgnomeui-2.so.0.1600.1
2aaaaf56c000-2aaaaf66c000 ---p 00094000 08:01 17286                      /usr/lib/libgnomeui-2.so.0.1600.1
2aaaaf66c000-2aaaaf672000 rwxp 00094000 08:01 17286                      /usr/lib/libgnomeui-2.so.0.1600.1
2aaaaf672000-2aaaaf6dc000 r-xp 00000000 08:01 63491                      /usr/lib/libbonoboui-2.so.0.0.0
2aaaaf6dc000-2aaaaf7dc000 ---p 0006a000 08:01 63491                      /usr/lib/libbonoboui-2.so.0.0.0
2aaaaf7dc000-2aaaaf7e1000 rwxp 0006a000 08:01 63491                      /usr/lib/libbonoboui-2.so.0.0.0
2aaaaf7e1000-2aaaaf80e000 r-xp 00000000 08:01 41185                      /usr/lib/libgnomecanvas-2.so.0.1400.0
2aaaaf80e000-2aaaaf90d000 ---p 0002d000 08:01 41185                      /usr/lib/libgnomecanvas-2.so.0.1400.0
2aaaaf90d000-2aaaaf90f000 rwxp 0002c000 08:01 41185                      /usr/lib/libgnomecanvas-2.so.0.1400.0
2aaaaf90f000-2aaaaf925000 r-xp 00000000 08:01 61274                      /usr/lib/libgnome-2.so.0.1600.0
2aaaaf925000-2aaaafa25000 ---p 00016000 08:01 61274                      /usr/lib/libgnome-2.so.0.1600.0
2aaaafa25000-2aaaafa27000 rwxp 00016000 08:01 61274                      /usr/lib/libgnome-2.so.0.1600.0
2aaaafa27000-2aaaafa3c000 r-xp 00000000 08:01 7362                       /usr/lib/libart_lgpl_2.so.2.3.17
2aaaafa3c000-2aaaafb3b000 ---p 00015000 08:01 7362                       /usr/lib/libart_lgpl_2.so.2.3.17
2aaaafb3b000-2aaaafb3e000 rwxp 00014000 08:01 7362                       /usr/lib/libart_lgpl_2.so.2.3.17
2aaaafb3e000-2aaaafba2000 r-xp 00000000 08:01 23186                      /usr/lib/libbonobo-2.so.0.0.0
2aaaafba2000-2aaaafca1000 ---p 00064000 08:01 23186                      /usr/lib/libbonobo-2.so.0.0.0
2aaaafca1000-2aaaafcb2000 rwxp 00063000 08:01 23186                      /usr/lib/libbonobo-2.so.0.0.0
2aaaafcb2000-2aaaafcc9000 r-xp 00000000 08:01 23187                      /usr/lib/libbonobo-activation.so.4.0.0
2aaaafcc9000-2aaaafdc9000 ---p 00017000 08:01 23187                      /usr/lib/libbonobo-activation.so.4.0.0
2aaaafdc9000-2aaaafdcd000 rwxp 00017000 08:01 23187                      /usr/lib/libbonobo-activation.so.4.0.0
2aaaafdcd000-2aaaafe2e000 r-xp 00000000 08:01 24544                      /usr/lib/libgnomevfs-2.so.0.1600.1
2aaaafe2e000-2aaaaff2e000 ---p 00061000 08:01 24544                      /usr/lib/libgnomevfs-2.so.0.1600.1
2aaaaff2e000-2aaaaff33000 rwxp 00061000 08:01 24544                      /usr/lib/libgnomevfs-2.so.0.1600.1
2aaaaff33000-2aaaaff6b000 r-xp 00000000 08:01 24552                      /usr/lib/libgconf-2.so.4.1.0
2aaaaff6b000-2aaab006a000 ---p 00038000 08:01 24552                      /usr/lib/libgconf-2.so.4.1.0
2aaab006a000-2aaab006f000 rwxp 00037000 08:01 24552                      /usr/lib/libgconf-2.so.4.1.0
2aaab006f000-2aaab00c9000 r-xp 00000000 08:01 182291                     /usr/lib/libORBit-2.so.0.1.0
2aaab00c9000-2aaab01c9000 ---p 0005a000 08:01 182291                     /usr/lib/libORBit-2.so.0.1.0
2aaab01c9000-2aaab01db000 rwxp 0005a000 08:01 182291                     /usr/lib/libORBit-2.so.0.1.0
2aaab01db000-2aaab01dc000 rwxp 2aaab01db000 00:00 0 
2aaab01dc000-2aaab01e9000 r-xp 00000000 08:01 42914                      /usr/lib/libgnome-keyring.so.0.0.1
2aaab01e9000-2aaab02e8000 ---p 0000d000 08:01 42914                      /usr/lib/libgnome-keyring.so.0.0.1
2aaab02e8000-2aaab02e9000 rwxp 0000c000 08:01 42914                      /usr/lib/libgnome-keyring.so.0.0.1
2aaab02fc000-2aaab0303000 r-xp 00000000 08:01 34007                      /lib/libpopt.so.0.0.0
2aaab0303000-2aaab0403000 ---p 00007000 08:01 34007                      /lib/libpopt.so.0.0.0
2aaab0403000-2aaab0404000 rwxp 00007000 08:01 34007                      /lib/libpopt.so.0.0.0
2aaab0404000-2aaab0425000 r-xp 00000000 08:01 30742                      /usr/lib/libjpeg.so.62.0.0
2aaab0425000-2aaab0525000 ---p 00021000 08:01 30742                      /usr/lib/libjpeg.so.62.0.0
2aaab0525000-2aaab0526000 rwxp 00021000 08:01 30742                      /usr/lib/libjpeg.so.62.0.0
2aaab0526000-2aaab052f000 r-xp 00000000 08:01 79569                      /usr/lib/libSM.so.6.0.0
2aaab052f000-2aaab062f000 ---p 00009000 08:01 79569                      /usr/lib/libSM.so.6.0.0
2aaab062f000-2aaab0630000 rwxp 00009000 08:01 79569                      /usr/lib/libSM.so.6.0.0
2aaab0630000-2aaab0647000 r-xp 00000000 08:01 79557                      /usr/lib/libICE.so.6.3.0
2aaab0647000-2aaab0746000 ---p 00017000 08:01 79557                      /usr/lib/libICE.so.6.3.0
2aaab0746000-2aaab0747000 rwxp 00016000 08:01 79557                      /usr/lib/libICE.so.6.3.0
2aaab0747000-2aaab074b000 rwxp 2aaab0747000 00:00 0 
2aaab074b000-2aaab0755000 r-xp 00000000 08:01 7470                       /usr/lib/libesd.so.0.2.36
2aaab0755000-2aaab0855000 ---p 0000a000 08:01 7470                       /usr/lib/libesd.so.0.2.36
2aaab0855000-2aaab0856000 rwxp 0000a000 08:01 7470                       /usr/lib/libesd.so.0.2.36
2aaab0856000-2aaab087b000 r-xp 00000000 08:01 7377                       /usr/lib/libaudiofile.so.0.0.2
2aaab087b000-2aaab097a000 ---p 00025000 08:01 7377                       /usr/lib/libaudiofile.so.0.0.2
2aaab097a000-2aaab097e000 rwxp 00024000 08:01 7377                       /usr/lib/libaudiofile.so.0.0.2
2aaab097e000-2aaab0983000 r-xp 00000000 08:01 182293                     /usr/lib/libORBitCosNaming-2.so.0.1.0
2aaab0983000-2aaab0a82000 ---p 00005000 08:01 182293                     /usr/lib/libORBitCosNaming-2.so.0.1.0
2aaab0a82000-2aaab0a84000 rwxp 00004000 08:01 182293                     /usr/lib/libORBitCosNaming-2.so.0.1.0
2aaab0a84000-2aaab0aa2000 r-xp 00000000 08:01 79929                      /usr/lib/libdbus-glib-1.so.2.0.0
2aaab0aa2000-2aaab0ba1000 ---p 0001e000 08:01 79929                      /usr/lib/libdbus-glib-1.so.2.0.0
2aaab0ba1000-2aaab0ba3000 rwxp 0001d000 08:01 79929                      /usr/lib/libdbus-glib-1.so.2.0.0
2aaab0ba3000-2aaab0bd7000 r-xp 00000000 08:01 17925                      /usr/lib/libdbus-1.so.3.0.0
2aaab0bd7000-2aaab0cd6000 ---p 00034000 08:01 17925                      /usr/lib/libdbus-1.so.3.0.0
2aaab0cd6000-2aaab0cd8000 rwxp 00033000 08:01 17925                      /usr/lib/libdbus-1.so.3.0.0
2aaab0cd8000-2aaab0d4c000 r-xp 00000000 08:01 45755                      /usr/lib/libgnutls.so.13.0.5
2aaab0d4c000-2aaab0e4b000 ---p 00074000 08:01 45755                      /usr/lib/libgnutls.so.13.0.5
2aaab0e4b000-2aaab0e56000 rwxp 00073000 08:01 45755                      /usr/lib/libgnutls.so.13.0.5
2aaab0e56000-2aaab0e59000 r-xp 00000000 08:01 63806                      /usr/lib/libavahi-glib.so.1.0.1
2aaab0e59000-2aaab0f58000 ---p 00003000 08:01 63806                      /usr/lib/libavahi-glib.so.1.0.1
2aaab0f58000-2aaab0f59000 rwxp 00002000 08:01 63806                      /usr/lib/libavahi-glib.so.1.0.1
2aaab0f59000-2aaab0f64000 r-xp 00000000 08:01 29757                      /usr/lib/libavahi-common.so.3.4.2
2aaab0f64000-2aaab1064000 ---p 0000b000 08:01 29757                      /usr/lib/libavahi-common.so.3.4.2
2aaab1064000-2aaab1065000 rwxp 0000b000 08:01 29757                      /usr/lib/libavahi-common.so.3.4.2
2aaab1065000-2aaab1075000 r-xp 00000000 08:01 41243                      /usr/lib/libavahi-client.so.3.2.0
2aaab1075000-2aaab1174000 ---p 00010000 08:01 41243                      /usr/lib/libavahi-client.so.3.2.0
2aaab1174000-2aaab1175000 rwxp 0000f000 08:01 41243                      /usr/lib/libavahi-client.so.3.2.0
2aaab1175000-2aaab1186000 r-xp 00000000 08:01 177691                     /lib/libresolv-2.4.so
2aaab1186000-2aaab1286000 ---p 00011000 08:01 177691                     /lib/libresolv-2.4.so
2aaab1286000-2aaab1288000 rwxp 00011000 08:01 177691                     /lib/libresolv-2.4.so
2aaab1288000-2aaab128a000 rwxp 2aaab1288000 00:00 0 
2aaab128a000-2aaab129e000 r-xp 00000000 08:01 140212                     /lib/libselinux.so.1
2aaab129e000-2aaab139d000 ---p 00014000 08:01 140212                     /lib/libselinux.so.1
2aaab139d000-2aaab139f000 rwxp 00013000 08:01 140212                     /lib/libselinux.so.1
2aaab139f000-2aaab13a0000 rwxp 2aaab139f000 00:00 0 
2aaab13a0000-2aaab13a2000 r-xp 00000000 08:01 177695                     /lib/libutil-2.4.so
2aaab13a2000-2aaab14a1000 ---p 00002000 08:01 177695                     /lib/libutil-2.4.so
2aaab14a1000-2aaab14a3000 rwxp 00001000 08:01 177695                     /lib/libutil-2.4.so
2aaab14a3000-2aaab1573000 r-xp 00000000 08:01 122077                     /usr/lib/libasound.so.2.0.0
2aaab1573000-2aaab1673000 ---p 000d0000 08:01 122077                     /usr/lib/libasound.so.2.0.0
2aaab1673000-2aaab167b000 rwxp 000d0000 08:01 122077                     /usr/lib/libasound.so.2.0.0
2aaab167b000-2aaab168f000 r-xp 00000000 08:01 79608                      /usr/lib/libtasn1.so.3.0.5
2aaab168f000-2aaab178e000 ---p 00014000 08:01 79608                      /usr/lib/libtasn1.so.3.0.5
2aaab178e000-2aaab178f000 rwxp 00013000 08:01 79608                      /usr/lib/libtasn1.so.3.0.5
2aaab178f000-2aaab17d9000 r-xp 00000000 08:01 7321                       /usr/lib/libgcrypt.so.11.2.1
2aaab17d9000-2aaab18d8000 ---p 0004a000 08:01 7321                       /usr/lib/libgcrypt.so.11.2.1
2aaab18d8000-2aaab18db000 rwxp 00049000 08:01 7321                       /usr/lib/libgcrypt.so.11.2.1
2aaab18db000-2aaab18de000 r-xp 00000000 08:01 64224                      /usr/lib/libgpg-error.so.0.2.0
2aaab18de000-2aaab19dd000 ---p 00003000 08:01 64224                      /usr/lib/libgpg-error.so.0.2.0
2aaab19dd000-2aaab19de000 rwxp 00002000 08:01 64224                      /usr/lib/libgpg-error.so.0.2.0
2aaab19de000-2aaab1a16000 r-xp 00000000 08:01 14819                      /lib/libsepol.so.1
2aaab1a16000-2aaab1b16000 ---p 00038000 08:01 14819                      /lib/libsepol.so.1
2aaab1b16000-2aaab1b17000 rwxp 00038000 08:01 14819                      /lib/libsepol.so.1
2aaab1b17000-2aaab1b21000 rwxp 2aaab1b17000 00:00 0 
2aaab1b4f000-2aaab1c4f000 rwxp 2aaab1b4f000 00:00 0 
2aaab1c4f000-2aaab1c52000 r-xp 00000000 08:01 63492                      /usr/lib/libglade/2.0/libbonobo.so
2aaab1c52000-2aaab1d51000 ---p 00003000 08:01 63492                      /usr/lib/libglade/2.0/libbonobo.so
2aaab1d51000-2aaab1d52000 rwxp 00002000 08:01 63492                      /usr/lib/libglade/2.0/libbonobo.so
2aaab1d52000-2aaab1d65000 r-xp 00000000 08:01 6342                       /usr/lib/gtk-2.0/2.10.0/engines/libubuntulooks.so
2aaab1d65000-2aaab1e65000 ---p 00013000 08:01 6342                       /usr/lib/gtk-2.0/2.10.0/engines/libubuntulooks.so
2aaab1e65000-2aaab1e66000 rwxp 00013000 08:01 6342                       /usr/lib/gtk-2.0/2.10.0/engines/libubuntulooks.so
2aaab1e66000-2aaab1e6c000 r-xp 00000000 08:01 82058                      /usr/share/locale-langpack/en_AU/LC_MESSAGES/libgnomeui-2.0.mo
2aaab1e6c000-2aaab1edd000 r-xp 00000000 08:01 28742                      /usr/share/fonts/truetype/ttf-dejavu/DejaVuSans.ttf
2aaab1edd000-2aaab1ee0000 r-xp 00000000 08:01 9136                       /usr/lib/pango/1.5.0/modules/pango-basic-fc.so
2aaab1ee0000-2aaab1fdf000 ---p 00003000 08:01 9136                       /usr/lib/pango/1.5.0/modules/pango-basic-fc.so
2aaab1fdf000-2aaab1fe0000 rwxp 00002000 08:01 9136                       /usr/lib/pango/1.5.0/modules/pango-basic-fc.so
2aaab1fe0000-2aaab1fe4000 r-xp 00000000 08:01 82056                      /usr/share/locale-langpack/en_AU/LC_MESSAGES/glib20.mo
2aaab1fe4000-2aaab2145000 r-xp 00000000 08:01 1485                       /usr/share/icons/Human/icon-theme.cache
2aaab2145000-2aaab2245000 rwxp 2aaab2145000 00:00 0 
2aaab2245000-2aaab2296000 r-xp 00000000 08:01 61107                      /usr/share/icons/Tangerine/icon-theme.cache
2aaab2296000-2aaab24ee000 r-xp 00000000 08:01 34397                      /usr/share/icons/Tango/icon-theme.cache
2aaab24ee000-2aaab2b4d000 r-xp 00000000 08:01 3070                       /usr/share/icons/gnome/icon-theme.cache
2aaab2b4d000-2aaab2cfa000 r-xp 00000000 08:01 23518                      /usr/share/icons/hicolor/icon-theme.cache
2aaab2cfa000-2aaab2d09000 r-xp 00000000 08:02 11911230                   /home/sorenm/JIndex/libs/native/amd64/libglibjni-0.4.so
2aaab2d09000-2aaab2e08000 ---p 0000f000 08:02 11911230                   /home/sorenm/JIndex/libs/native/amd64/libglibjni-0.4.so
2aaab2e08000-2aaab2e09000 rwxp 0000e000 08:02 11911230                   /home/sorenm/JIndex/libs/native/amd64/libglibjni-0.4.so
2aaab2e46000-2aaab2e4a000 r-xp 00000000 08:01 13842                      /usr/lib/gtk-2.0/2.10.0/loaders/libpixbufloader-png.so
2aaab2e4a000-2aaab2f4a000 ---p 00004000 08:01 13842                      /usr/lib/gtk-2.0/2.10.0/loaders/libpixbufloader-png.so
2aaab2f4a000-2aaab2f4b000 rwxp 00004000 08:01 13842                      /usr/lib/gtk-2.0/2.10.0/loaders/libpixbufloader-png.so
2ae0d6af0000-2ae0d6b0c000 r-xp 00000000 08:01 177673                     /lib/ld-2.4.so
2ae0d6b0c000-2ae0d6b0f000 rwxp 2ae0d6b0c000 00:00 0 
2ae0d6c0b000-2ae0d6c0d000 rwxp 0001b000 08:01 177673                     /lib/ld-2.4.so
2ae0d6c0d000-2ae0d6c1e000 r-xp 00000000 08:01 177690                     /lib/libpthread-2.4.so
2ae0d6c1e000-2ae0d6d1d000 ---p 00011000 08:01 177690                     /lib/libpthread-2.4.so
2ae0d6d1d000-2ae0d6d1f000 rwxp 00010000 08:01 177690                     /lib/libpthread-2.4.so
2ae0d6d1f000-2ae0d6d23000 rwxp 2ae0d6d1f000 00:00 0 
2ae0d6d23000-2ae0d6d25000 r-xp 00000000 08:01 177679                     /lib/libdl-2.4.so
2ae0d6d25000-2ae0d6e25000 ---p 00002000 08:01 177679                     /lib/libdl-2.4.so
2ae0d6e25000-2ae0d6e27000 rwxp 00002000 08:01 177679                     /lib/libdl-2.4.so
2ae0d6e27000-2ae0d6f5d000 r-xp 00000000 08:01 177676                     /lib/libc-2.4.so
2ae0d6f5d000-2ae0d705d000 ---p 00136000 08:01 177676                     /lib/libc-2.4.so
2ae0d705d000-2ae0d7060000 r-xp 00136000 08:01 177676                     /lib/libc-2.4.so
2ae0d7060000-2ae0d7062000 rwxp 00139000 08:01 177676                     /lib/libc-2.4.so
2ae0d7062000-2ae0d7069000 rwxp 2ae0d7062000 00:00 0 
2ae0d7069000-2ae0d7734000 r-xp 00000000 08:02 8585218                    /home/sorenm/jdk1.5.0_08/jre/lib/amd64/server/libjvm.so
2ae0d7734000-2ae0d7833000 ---p 006cb000 08:02 8585218                    /home/sorenm/jdk1.5.0_08/jre/lib/amd64/server/libjvm.so
2ae0d7833000-2ae0d79ae000 rwxp 006ca000 08:02 8585218                    /home/sorenm/jdk1.5.0_08/jre/lib/amd64/server/libjvm.so
2ae0d79ae000-2ae0d79dd000 rwxp 2ae0d79ae000 00:00 0 
2ae0d79dd000-2ae0d79de000 r-xp 2ae0d79dd000 00:00 0 
2ae0d79de000-2ae0d79df000 rwxp 2ae0d79de000 00:00 0 
2ae0d79f0000-2ae0d7a70000 r-xp 00000000 08:01 177680                     /lib/libm-2.4.so
2ae0d7a70000-2ae0d7b6f000 ---p 00080000 08:01 177680                     /lib/libm-2.4.so
2ae0d7b6f000-2ae0d7b71000 rwxp 0007f000 08:01 177680                     /lib/libm-2.4.so
2ae0d7b71000-2ae0d7b7a000 r-xp 00000000 08:02 9601026                    /home/sorenm/jdk1.5.0_08/jre/lib/amd64/native_threads/libhpi.so
2ae0d7b7a000-2ae0d7c79000 ---p 00009000 08:02 9601026                    /home/sorenm/jdk1.5.0_08/jre/lib/amd64/native_threads/libhpi.so
2ae0d7c79000-2ae0d7c7d000 rwxp 00008000 08:02 9601026                    /home/sorenm/jdk1.5.0_08/jre/lib/amd64/native_threads/libhpi.so
2ae0d7c90000-2ae0d7ca3000 r-xp 00000000 08:01 177682                     /lib/libnsl-2.4.so
2ae0d7ca3000-2ae0d7da3000 ---p 00013000 08:01 177682                     /lib/libnsl-2.4.so
2ae0d7da3000-2ae0d7da5000 rwxp 00013000 08:01 177682                     /lib/libnsl-2.4.so
2ae0d7da5000-2ae0d7da7000 rwxp 2ae0d7da5000 00:00 0 
2ae0d7dba000-2ae0d7dc1000 r-xp 00000000 08:01 177683                     /lib/libnss_compat-2.4.so
2ae0d7dc1000-2ae0d7ec1000 ---p 00007000 08:01 177683                     /lib/libnss_compat-2.4.so
2ae0d7ec1000-2ae0d7ec3000 rwxp 00007000 08:01 177683                     /lib/libnss_compat-2.4.so
2ae0d7ec3000-2ae0d7ecc000 r-xp 00000000 08:01 177687                     /lib/libnss_nis-2.4.so
2ae0d7ecc000-2ae0d7fcc000 ---p 00009000 08:01 177687                     /lib/libnss_nis-2.4.so
2ae0d7fcc000-2ae0d7fce000 rwxp 00009000 08:01 177687                     /lib/libnss_nis-2.4.so
2ae0d7fce000-2ae0d7fd8000 r-xp 00000000 08:01 177685                     /lib/libnss_files-2.4.so
2ae0d7fd8000-2ae0d80d7000 ---p 0000a000 08:01 177685                     /lib/libnss_files-2.4.so
2ae0d80d7000-2ae0d80d9000 rwxp 00009000 08:01 177685                     /lib/libnss_files-2.4.so
2ae0d80d9000-2ae0d80e1000 rwxs 00000000 08:01 11174                      /tmp/hsperfdata_sorenm/25679
2ae0d80e1000-2ae0d80ee000 r-xp 00000000 08:02 7995398                    /home/sorenm/jdk1.5.0_08/jre/lib/amd64/libverify.so
2ae0d80ee000-2ae0d81ed000 ---p 0000d000 08:02 7995398                    /home/sorenm/jdk1.5.0_08/jre/lib/amd64/libverify.so
2ae0d81ed000-2ae0d81f0000 rwxp 0000c000 08:02 7995398                    /home/sorenm/jdk1.5.0_08/jre/lib/amd64/libverify.so
2ae0d81f0000-2ae0d8215000 r-xp 00000000 08:02 7995411                    /home/sorenm/jdk1.5.0_08/jre/lib/amd64/libjava.so
2ae0d8215000-2ae0d8314000 ---p 00025000 08:02 7995411                    /home/sorenm/jdk1.5.0_08/jre/lib/amd64/libjava.so
2ae0d8314000-2ae0d831a000 rwxp 00024000 08:02 7995411                    /home/sorenm/jdk1.5.0_08/jre/lib/amd64/libjava.so
2ae0d831a000-2ae0d8329000 r-xp 00000000 08:02 7995404                    /home/sorenm/jdk1.5.0_08/jre/lib/amd64/libzip.so
2ae0d8329000-2ae0d842a000 ---p 0000f000 08:02 7995404                    /home/sorenm/jdk1.5.0_08/jre/lib/amd64/libzip.so
2ae0d842a000-2ae0d842e000 rwxp 00010000 08:02 7995404                    /home/sorenm/jdk1.5.0_08/jre/lib/amd64/libzip.so
2ae0d842e000-2ae0daa44000 r-xs 00000000 08:02 11321381                   /home/sorenm/jdk1.5.0_08/jre/lib/rt.jar
2ae0daa44000-2ae0daaad000 rwxp 2ae0daa44000 00:00 0 
2ae0daaad000-2ae0dab32000 r-xs 00000000 08:02 11321350                   /home/sorenm/jdk1.5.0_08/jre/lib/jsse.jar
2ae0dab32000-2ae0dab47000 r-xs 00000000 08:02 11321378                   /home/sorenm/jdk1.5.0_08/jre/lib/jce.jar
2ae0dab47000-2ae0db3b7000 r-xs 00000000 08:02 11321356                   /home/sorenm/jdk1.5.0_08/jre/lib/charsets.jar
2ae0db3b7000-2ae0db627000 rwxp 2ae0db3b7000 00:00 0 
2ae0db627000-2ae0de3b7000 rwxp 2ae0db627000 00:00 0 
2ae0de3b7000-2ae0de3c1000 rwxp 2ae0de3b7000 00:00 0 
2ae0de3c1000-2ae0de477000 rwxp 2ae0de3c1000 00:00 0 
2ae0de480000-2ae0df940000 rwxp 2ae0de480000 00:00 0 
2ae0df940000-2ae0e3680000 rwxp 2ae0df940000 00:00 0 
2ae0e3680000-2ae0e4b80000 rwxp 2ae0e3680000 00:00 0 
2ae0e4b80000-2ae0f8680000 rwxp 2ae0e4b80000 00:00 0 
2ae0f8680000-2ae0f90f0000 rwxp 2ae0f8680000 00:00 0 
2ae0f90f0000-2ae102e80000 rwxp 2ae0f90f0000 00:00 0 
2ae102e80000-2ae102e8b000 rwxp 2ae102e80000 00:00 0 
2ae102e8b000-2ae102ea9000 rwxp 2ae102e8b000 00:00 0 
2ae102ea9000-2ae102eb4000 rwxp 2ae102ea9000 00:00 0 
2ae102eb4000-2ae102f51000 rwxp 2ae102eb4000 00:00 0 
2ae102f51000-2ae102f57000 rwxp 2ae102f51000 00:00 0 
2ae102f57000-2ae102fa5000 rwxp 2ae102f57000 00:00 0 
2ae102fa5000-2ae102fb1000 rwxp 2ae102fa5000 00:00 0 
2ae102fb1000-2ae10304e000 rwxp 2ae102fb1000 00:00 0 
2ae10304e000-2ae103059000 rwxp 2ae10304e000 00:00 0 
2ae103059000-2ae103077000 rwxp 2ae103059000 00:00 0 
7fffd3dba000-7fffd3dbd000 ---p 7fffd3dba000 00:00 0 
7fffd3dbd000-7fffd3fba000 rwxp 7fffd3dbd000 00:00 0                      [stack]
ffffffffff600000-ffffffffffe00000 ---p 00000000 00:00 0                  [vdso]

VM Arguments:
jvm_args: -Djava.library.path=/home/sorenm/JIndex/libs/native/amd64 -DHOME=/home/sorenm
java_command: org.jindex.client.JIndexClient
Launcher Type: SUN_STANDARD

Environment Variables:
JAVA_HOME=/home/sorenm/jdk1.5.0_08
PATH=/home/sorenm/jdk1.5.0_08/bin:/usr/local/sbin:/usr/local/bin:/usr/sbin:/usr/bin:/sbin:/bin:/usr/bin/X11:/usr/games
USERNAME=sorenm
LD_LIBRARY_PATH=/home/sorenm/jdk1.5.0_08/jre/lib/amd64/server:/home/sorenm/jdk1.5.0_08/jre/lib/amd64:/home/sorenm/jdk1.5.0_08/jre/../lib/amd64
SHELL=/bin/bash
DISPLAY=:0.0

Signal Handlers:
SIGSEGV: [libjvm.so+0x656380], sa_mask[0]=0x7ffbfeff, sa_flags=0x14000004
SIGBUS: [libjvm.so+0x656380], sa_mask[0]=0x7ffbfeff, sa_flags=0x14000004
SIGFPE: [libjvm.so+0x55dd50], sa_mask[0]=0x7ffbfeff, sa_flags=0x14000004
SIGPIPE: SIG_IGN, sa_mask[0]=0x00001000, sa_flags=0x14000000
SIGILL: [libjvm.so+0x55dd50], sa_mask[0]=0x7ffbfeff, sa_flags=0x14000004
SIGUSR1: SIG_DFL, sa_mask[0]=0x00000000, sa_flags=0x00000000
SIGUSR2: [libjvm.so+0x55fc00], sa_mask[0]=0x00000004, sa_flags=0x14000004
SIGHUP: [libjvm.so+0x55f6d0], sa_mask[0]=0x7ffbfeff, sa_flags=0x14000004
SIGINT: [libjvm.so+0x55f6d0], sa_mask[0]=0x7ffbfeff, sa_flags=0x14000004
SIGQUIT: [libjvm.so+0x55f6d0], sa_mask[0]=0x7ffbfeff, sa_flags=0x14000004
SIGTERM: [libjvm.so+0x55f6d0], sa_mask[0]=0x7ffbfeff, sa_flags=0x14000004


---------------  S Y S T E M  ---------------

OS:testing/unstable

uname:Linux 2.6.17-10-generic #2 SMP Wed Oct 11 20:20:51 UTC 2006 x86_64
libc:glibc 2.4 NPTL 2.4 
rlimit: STACK 8192k, CORE 0k, NPROC infinity, NOFILE 1024, AS infinity
load average:0.36 0.48 0.41

CPU:total 2 em64t ht

Memory: 4k page, physical 2057956k(143936k free), swap 3903784k(3471184k free)

vm_info: Java HotSpot(TM) 64-Bit Server VM (1.5.0_08-b03) for linux-amd64, built on Jun 28 2006 00:27:03 by java_re with gcc 3.2.2 (SuSE Linux)

