#
# An unexpected error has been detected by HotSpot Virtual Machine:
#
#  SIGSEGV (0xb) at pc=0x00002b1d5f1914a4, pid=26331, tid=47405078919904
#
# Java VM: Java HotSpot(TM) 64-Bit Server VM (1.5.0_08-b03 mixed mode)
# Problematic frame:
# j  org.gnu.gtk.StatusIcon.gtk_status_icon_new_from_pixbuf(Lorg/gnu/glib/Handle;)Lorg/gnu/glib/Handle;+0
#

---------------  T H R E A D  ---------------

Current thread (0x00000000401166b0):  JavaThread "main" [_thread_in_Java, id=26331]

siginfo:si_signo=11, si_errno=0, si_code=1, si_addr=0xffffffffaab61020

Registers:
RAX=0xffffffffaab61020, RBX=0x00002b1d62895a08, RCX=0x00002b1d5b694fc0, RDX=0x00002b1d5b698870
RSP=0x00007fff501dfd68, RBP=0x00007fff501dfdb0, RSI=0x00002b1d5b694fb8, RDI=0x0000000040118810
R8 =0x00002b1d5b684668, R9 =0x0000000000000cd4, R10=0x00002b1d5b7b2000, R11=0x0000000000000cd4
R12=0x00002b1d5f19149b, R13=0x00002b1d62895a08, R14=0x00007fff501dfdd0, R15=0x00000000401166b0
RIP=0x00002b1d5f1914a4, EFL=0x0000000000010282, CSGSFS=0x0000000000000033, ERR=0x0000000000000005
  TRAPNO=0x000000000000000e

Top of Stack: (sp=0x00007fff501dfd68)
0x00007fff501dfd68:   00002b1d5f194a4e 00000000401166b0
0x00007fff501dfd78:   00007fff501dfd78 00002b1d62895a08
0x00007fff501dfd88:   00007fff501dfdd0 00002b1d62897540
0x00007fff501dfd98:   0000000000000000 00002b1d62895a08
0x00007fff501dfda8:   00007fff501dfdd0 00007fff501dfe18
0x00007fff501dfdb8:   00002b1d5f18ade1 00002b1d62896db0
0x00007fff501dfdc8:   00002b1d5f19149b 00002b1d7caa6080
0x00007fff501dfdd8:   00002b1d7caa5f40 00007fff501dfde0
0x00007fff501dfde8:   00002b1d62894205 00007fff501dfe30
0x00007fff501dfdf8:   00002b1d62897540 0000000000000000
0x00007fff501dfe08:   00002b1d62894220 00007fff501dfe28
0x00007fff501dfe18:   00007fff501dfe78 00002b1d5f18aefe
0x00007fff501dfe28:   00002b1d7caa60a0 00002b1d7caa5f40
0x00007fff501dfe38:   00002b1d7caa5f40 00007fff501dfe40
0x00007fff501dfe48:   00002b1d624a7c9a 00007fff501dfe98
0x00007fff501dfe58:   00002b1d625161e8 0000000000000000
0x00007fff501dfe68:   00002b1d624a7ce0 00007fff501dfe98
0x00007fff501dfe78:   00007fff501dfed8 00002b1d5f18aefe
0x00007fff501dfe88:   0000000000000000 00002b1d7ca979d0
0x00007fff501dfe98:   00002b1d7c8fefb0 00007fff501dfea0
0x00007fff501dfea8:   00002b1d624a7b4d 00007fff501dff00
0x00007fff501dfeb8:   00002b1d625161e8 0000000000000000
0x00007fff501dfec8:   00002b1d624a7bd0 00007fff501dff00
0x00007fff501dfed8:   00007fff501dff48 00002b1d5f18aefe
0x00007fff501dfee8:   0000000000000000 00002b1d7ca19de0
0x00007fff501dfef8:   00002b1d7c9000f0 00002b1d7c8fefb0
0x00007fff501dff08:   00002b1d7c8fefb0 00007fff501dff10
0x00007fff501dff18:   00002b1d624a7ec0 00007fff501dff68
0x00007fff501dff28:   00002b1d625161e8 0000000000000000
0x00007fff501dff38:   00002b1d624a7f20 00007fff501dff68
0x00007fff501dff48:   00007fff501dffd0 00002b1d5f18832d
0x00007fff501dff58:   0000000000000000 0000000000000000 

Instructions: (pc=0x00002b1d5f1914a4)
0x00002b1d5f191494:   c0 c3 c3 c3 c3 c3 c3 48 85 c0 0f 84 03 00 00 00
0x00002b1d5f1914a4:   48 8b 00 c3 00 00 00 00 00 00 00 00 00 00 00 00 

Stack: [0x00007fff4ffe6000,0x00007fff501e6000),  sp=0x00007fff501dfd68,  free space=2023k
Native frames: (J=compiled Java code, j=interpreted, Vv=VM code, C=native code)
j  org.gnu.gtk.StatusIcon.gtk_status_icon_new_from_pixbuf(Lorg/gnu/glib/Handle;)Lorg/gnu/glib/Handle;+0
j  org.gnu.gtk.StatusIcon.<init>(Lorg/gnu/gdk/Pixbuf;)V+5
j  org.jindex.client.JIndexClient.registerTrayIcon()V+26
j  org.jindex.client.JIndexClient.<init>()V+141
j  org.jindex.client.JIndexClient.main([Ljava/lang/String;)V+8
v  ~StubRoutines::call_stub
V  [libjvm.so+0x3848e5]
V  [libjvm.so+0x55eae9]
V  [libjvm.so+0x3846f5]
V  [libjvm.so+0x3b1d55]
V  [libjvm.so+0x3a2c65]
C  [java+0x1fd6]  strcmp+0x796


---------------  P R O C E S S  ---------------

Java Threads: ( => current thread )
  0x00002aaaaac164b0 JavaThread "Low Memory Detector" daemon [_thread_blocked, id=26344]
  0x00002aaaaac149d0 JavaThread "CompilerThread1" daemon [_thread_blocked, id=26343]
  0x00002aaaaac135b0 JavaThread "CompilerThread0" daemon [_thread_blocked, id=26342]
  0x00002aaaaac12120 JavaThread "AdapterThread" daemon [_thread_blocked, id=26341]
  0x00002aaaaac10e00 JavaThread "Signal Dispatcher" daemon [_thread_blocked, id=26340]
  0x00002aaaaab65350 JavaThread "Finalizer" daemon [_thread_blocked, id=26339]
  0x00002aaaaab64b30 JavaThread "Reference Handler" daemon [_thread_blocked, id=26338]
=>0x00000000401166b0 JavaThread "main" [_thread_in_Java, id=26331]

Other Threads:
  0x00002aaaaab60640 VMThread [id=26337]
  0x00002aaaaac18240 WatcherThread [id=26345]

VM state:not at safepoint (normal execution)

VM Mutex/Monitor currently owned by a thread: None

Heap
 PSYoungGen      total 9408K, used 6540K [0x00002b1d7c450000, 0x00002b1d7cec0000, 0x00002b1d86c50000)
  eden space 8128K, 80% used [0x00002b1d7c450000,0x00002b1d7cab33d0,0x00002b1d7cc40000)
  from space 1280K, 0% used [0x00002b1d7cd80000,0x00002b1d7cd80000,0x00002b1d7cec0000)
  to   space 1280K, 0% used [0x00002b1d7cc40000,0x00002b1d7cc40000,0x00002b1d7cd80000)
 PSOldGen        total 21504K, used 0K [0x00002b1d67450000, 0x00002b1d68950000, 0x00002b1d7c450000)
  object space 21504K, 0% used [0x00002b1d67450000,0x00002b1d67450000,0x00002b1d68950000)
 PSPermGen       total 21248K, used 6433K [0x00002b1d62250000, 0x00002b1d63710000, 0x00002b1d67450000)
  object space 21248K, 30% used [0x00002b1d62250000,0x00002b1d628986a8,0x00002b1d63710000)

Dynamic libraries:
40000000-4000e000 r-xp 00000000 08:02 8159238                            /home/sorenm/jdk1.5.0_08/jre/bin/java
4010d000-40110000 rwxp 0000d000 08:02 8159238                            /home/sorenm/jdk1.5.0_08/jre/bin/java
40110000-40154000 rwxp 40110000 00:00 0                                  [heap]
40154000-40155000 ---p 40154000 00:00 0 
40155000-40255000 rwxp 40155000 00:00 0 
40255000-40256000 ---p 40255000 00:00 0 
40256000-40356000 rwxp 40256000 00:00 0 
40356000-40357000 ---p 40356000 00:00 0 
40357000-40457000 rwxp 40357000 00:00 0 
40457000-4045a000 ---p 40457000 00:00 0 
4045a000-40558000 rwxp 4045a000 00:00 0 
40558000-4055b000 ---p 40558000 00:00 0 
4055b000-40659000 rwxp 4055b000 00:00 0 
40659000-4065c000 ---p 40659000 00:00 0 
4065c000-4075a000 rwxp 4065c000 00:00 0 
4075a000-4075d000 ---p 4075a000 00:00 0 
4075d000-4085b000 rwxp 4075d000 00:00 0 
4085b000-4085e000 ---p 4085b000 00:00 0 
4085e000-4095c000 rwxp 4085e000 00:00 0 
4095c000-4095f000 ---p 4095c000 00:00 0 
4095f000-40a5d000 rwxp 4095f000 00:00 0 
40a5d000-40a60000 ---p 40a5d000 00:00 0 
40a60000-40b5e000 rwxp 40a60000 00:00 0 
40b5e000-40b5f000 ---p 40b5e000 00:00 0 
40b5f000-40c5f000 rwxp 40b5f000 00:00 0 
2aaaaaaab000-2aaaaabd3000 rwxp 2aaaaaaab000 00:00 0 
2aaaaabd3000-2aaaaabd5000 r-xs 00000000 08:02 7962626                    /home/sorenm/jdk1.5.0_08/jre/lib/ext/dnsns.jar
2aaaaabd5000-2aaaaabfc000 r-xs 00000000 08:02 9535490                    /home/sorenm/jdk1.5.0_08/jre/lib/ext/sunjce_provider.jar
2aaaaac00000-2aaaaacf6000 rwxp 2aaaaac00000 00:00 0 
2aaaaacf6000-2aaaaad00000 ---p 2aaaaacf6000 00:00 0 
2aaaaad00000-2aaaaad33000 r-xp 00000000 08:01 6284                       /usr/lib/locale/en_AU.utf8/LC_CTYPE
2aaaaad33000-2aaaaad3a000 r-xs 00000000 08:01 15015                      /usr/lib/gconv/gconv-modules.cache
2aaaaad3a000-2aaaaadfe000 r-xs 00000000 08:02 9535494                    /home/sorenm/jdk1.5.0_08/jre/lib/ext/localedata.jar
2aaaaadfe000-2aaaaae0a000 r-xs 00000000 08:02 11681970                   /home/sorenm/JIndex/libs/commons-codec.jar
2aaaaae0a000-2aaaaae91000 r-xs 00000000 08:02 11681971                   /home/sorenm/JIndex/libs/commons-collections.jar
2aaaaae91000-2aaaaaeb5000 r-xs 00000000 08:02 11681972                   /home/sorenm/JIndex/libs/commons-lang.jar
2aaaaaeb5000-2aaaaafcd000 r-xs 00000000 08:02 11681975                   /home/sorenm/JIndex/libs/itext-1.3.jar
2aaaaafcd000-2aaaaafdd000 r-xs 00000000 08:02 11681976                   /home/sorenm/JIndex/libs/jakarta-oro.jar
2aaaaafdd000-2aaaaafde000 r-xs 00000000 08:02 11681977                   /home/sorenm/JIndex/libs/java-fam.jar
2aaaaafde000-2aaaaaff5000 r-xs 00000000 08:02 11681978                   /home/sorenm/JIndex/libs/jdic.jar
2aaaaaff5000-2aaaab1b1000 r-xs 00000000 08:02 11682036                   /home/sorenm/JIndex/libs/jmf.jar
2aaaab1b1000-2aaaab1c2000 r-xs 00000000 08:02 11682037                   /home/sorenm/JIndex/libs/junit-3.8.1.1.jar
2aaaab1c2000-2aaaab258000 r-xs 00000000 08:02 11682038                   /home/sorenm/JIndex/libs/jxl.jar
2aaaab258000-2aaaab2ad000 r-xs 00000000 08:02 11682042                   /home/sorenm/JIndex/libs/log4j.jar
2aaaab2ad000-2aaaab2e0000 r-xs 00000000 08:02 11682039                   /home/sorenm/JIndex/libs/libdb4.4-java-4.4.20.jar
2aaaab2e0000-2aaaab330000 r-xs 00000000 08:02 11682043                   /home/sorenm/JIndex/libs/lucene-1.4.3.jar
2aaaab330000-2aaaab641000 r-xs 00000000 08:02 11681969                   /home/sorenm/JIndex/libs/PDFBox-0.7.1.jar
2aaaab641000-2aaaab64f000 r-xs 00000000 08:02 11682045                   /home/sorenm/JIndex/libs/poi-contrib.jar
2aaaab64f000-2aaaab67e000 r-xs 00000000 08:02 11682046                   /home/sorenm/JIndex/libs/poi-scratchpad.jar
2aaaab67e000-2aaaab740000 r-xs 00000000 08:02 11682047                   /home/sorenm/JIndex/libs/poi.jar
2aaaab740000-2aaaab743000 r-xs 00000000 08:02 11682048                   /home/sorenm/JIndex/libs/sabercat.jar
2aaaab743000-2aaaaba35000 r-xs 00000000 08:02 11682049                   /home/sorenm/JIndex/libs/xalan.jar
2aaaabb00000-2aaaabc00000 rwxp 2aaaabb00000 00:00 0 
2aaaabc00000-2aaaabcf3000 r-xs 00000000 08:02 11682050                   /home/sorenm/JIndex/libs/xercesImpl.jar
2aaaabcf3000-2aaaabd0e000 r-xs 00000000 08:02 11682044                   /home/sorenm/JIndex/libs/xml-apis.jar
2aaaabd0e000-2aaaabd4b000 r-xs 00000000 08:02 11682053                   /home/sorenm/JIndex/libs/xstream-1.1.2.jar
2aaaabd4b000-2aaaabd57000 r-xs 00000000 08:02 11845969                   /home/sorenm/JIndex/libs/mail/activation.jar
2aaaabd57000-2aaaabd6d000 r-xs 00000000 08:02 11845970                   /home/sorenm/JIndex/libs/mail/gnumail-providers.jar
2aaaabd6d000-2aaaabd97000 r-xs 00000000 08:02 11845971                   /home/sorenm/JIndex/libs/mail/gnumail.jar
2aaaabd97000-2aaaabdc4000 r-xs 00000000 08:02 11845972                   /home/sorenm/JIndex/libs/mail/inetlib.jar
2aaaabdc4000-2aaaabdca000 r-xs 00000000 08:02 11747591                   /home/sorenm/JIndex/libs/gnome-libs/amd64/glib0.4.jar
2aaaabdca000-2aaaabde1000 r-xs 00000000 08:02 11747592                   /home/sorenm/JIndex/libs/gnome-libs/amd64/gnome2.12-2.12.1.jar
2aaaabde1000-2aaaabe84000 r-xs 00000000 08:02 11747594                   /home/sorenm/JIndex/libs/gnome-libs/amd64/gtk2.10.jar
2aaaabe84000-2aaaabe8c000 r-xs 00000000 08:02 11747596                   /home/sorenm/JIndex/libs/gnome-libs/amd64/libglade-java-2.12.1.jar
2aaaabf00000-2aaaac000000 rwxp 2aaaabf00000 00:00 0 
2aaaac000000-2aaaac300000 rwxp 2aaaac000000 00:00 0 
2aaaac363000-2aaaac463000 rwxp 2aaaac363000 00:00 0 
2aaaac463000-2aaaac533000 r-xp 00000000 08:02 11911232                   /home/sorenm/JIndex/libs/native/amd64/libgtkjni-2.10.so
2aaaac533000-2aaaac632000 ---p 000d0000 08:02 11911232                   /home/sorenm/JIndex/libs/native/amd64/libgtkjni-2.10.so
2aaaac632000-2aaaac638000 rwxp 000cf000 08:02 11911232                   /home/sorenm/JIndex/libs/native/amd64/libgtkjni-2.10.so
2aaaac64a000-2aaaac64e000 r-xp 00000000 08:01 65034                      /usr/lib/libgthread-2.0.so.0.1200.4
2aaaac64e000-2aaaac74d000 ---p 00004000 08:01 65034                      /usr/lib/libgthread-2.0.so.0.1200.4
2aaaac74d000-2aaaac74e000 rwxp 00003000 08:01 65034                      /usr/lib/libgthread-2.0.so.0.1200.4
2aaaac74e000-2aaaacad4000 r-xp 00000000 08:01 67317                      /usr/lib/libgtk-x11-2.0.so.0.1000.6
2aaaacad4000-2aaaacbd4000 ---p 00386000 08:01 67317                      /usr/lib/libgtk-x11-2.0.so.0.1000.6
2aaaacbd4000-2aaaacbdf000 rwxp 00386000 08:01 67317                      /usr/lib/libgtk-x11-2.0.so.0.1000.6
2aaaacbdf000-2aaaacbe1000 rwxp 2aaaacbdf000 00:00 0 
2aaaacbe1000-2aaaacc74000 r-xp 00000000 08:01 67316                      /usr/lib/libgdk-x11-2.0.so.0.1000.6
2aaaacc74000-2aaaacd74000 ---p 00093000 08:01 67316                      /usr/lib/libgdk-x11-2.0.so.0.1000.6
2aaaacd74000-2aaaacd79000 rwxp 00093000 08:01 67316                      /usr/lib/libgdk-x11-2.0.so.0.1000.6
2aaaacd79000-2aaaacd96000 r-xp 00000000 08:01 66901                      /usr/lib/libatk-1.0.so.0.1213.0
2aaaacd96000-2aaaace96000 ---p 0001d000 08:01 66901                      /usr/lib/libatk-1.0.so.0.1213.0
2aaaace96000-2aaaace99000 rwxp 0001d000 08:01 66901                      /usr/lib/libatk-1.0.so.0.1213.0
2aaaace99000-2aaaaceb0000 r-xp 00000000 08:01 67315                      /usr/lib/libgdk_pixbuf-2.0.so.0.1000.6
2aaaaceb0000-2aaaacfb0000 ---p 00017000 08:01 67315                      /usr/lib/libgdk_pixbuf-2.0.so.0.1000.6
2aaaacfb0000-2aaaacfb1000 rwxp 00017000 08:01 67315                      /usr/lib/libgdk_pixbuf-2.0.so.0.1000.6
2aaaacfb1000-2aaaacfb9000 r-xp 00000000 08:01 13339                      /usr/lib/libpangocairo-1.0.so.0.1400.5
2aaaacfb9000-2aaaad0b9000 ---p 00008000 08:01 13339                      /usr/lib/libpangocairo-1.0.so.0.1400.5
2aaaad0b9000-2aaaad0ba000 rwxp 00008000 08:01 13339                      /usr/lib/libpangocairo-1.0.so.0.1400.5
2aaaad0ba000-2aaaad0f0000 r-xp 00000000 08:01 13300                      /usr/lib/libfontconfig.so.1.0.4
2aaaad0f0000-2aaaad1ef000 ---p 00036000 08:01 13300                      /usr/lib/libfontconfig.so.1.0.4
2aaaad1ef000-2aaaad1f7000 rwxp 00035000 08:01 13300                      /usr/lib/libfontconfig.so.1.0.4
2aaaad1f7000-2aaaad1f9000 rwxp 2aaaad1f7000 00:00 0 
2aaaad1f9000-2aaaad209000 r-xp 00000000 08:01 84246                      /usr/lib/libXext.so.6.4.0
2aaaad209000-2aaaad309000 ---p 00010000 08:01 84246                      /usr/lib/libXext.so.6.4.0
2aaaad309000-2aaaad30a000 rwxp 00010000 08:01 84246                      /usr/lib/libXext.so.6.4.0
2aaaad30a000-2aaaad313000 r-xp 00000000 08:01 79523                      /usr/lib/libXrender.so.1.3.0
2aaaad313000-2aaaad412000 ---p 00009000 08:01 79523                      /usr/lib/libXrender.so.1.3.0
2aaaad412000-2aaaad413000 rwxp 00008000 08:01 79523                      /usr/lib/libXrender.so.1.3.0
2aaaad413000-2aaaad415000 r-xp 00000000 08:01 84566                      /usr/lib/libXinerama.so.1.0.0
2aaaad415000-2aaaad514000 ---p 00002000 08:01 84566                      /usr/lib/libXinerama.so.1.0.0
2aaaad514000-2aaaad515000 rwxp 00001000 08:01 84566                      /usr/lib/libXinerama.so.1.0.0
2aaaad515000-2aaaad51d000 r-xp 00000000 08:01 84490                      /usr/lib/libXi.so.6.0.0
2aaaad51d000-2aaaad61c000 ---p 00008000 08:01 84490                      /usr/lib/libXi.so.6.0.0
2aaaad61c000-2aaaad61d000 rwxp 00007000 08:01 84490                      /usr/lib/libXi.so.6.0.0
2aaaad61d000-2aaaad620000 r-xp 00000000 08:01 89972                      /usr/lib/libXrandr.so.2.0.0
2aaaad620000-2aaaad71f000 ---p 00003000 08:01 89972                      /usr/lib/libXrandr.so.2.0.0
2aaaad71f000-2aaaad720000 rwxp 00002000 08:01 89972                      /usr/lib/libXrandr.so.2.0.0
2aaaad720000-2aaaad72a000 r-xp 00000000 08:01 83981                      /usr/lib/libXcursor.so.1.0.2
2aaaad72a000-2aaaad829000 ---p 0000a000 08:01 83981                      /usr/lib/libXcursor.so.1.0.2
2aaaad829000-2aaaad82a000 rwxp 00009000 08:01 83981                      /usr/lib/libXcursor.so.1.0.2
2aaaad82a000-2aaaad82f000 r-xp 00000000 08:01 82917                      /usr/lib/libXfixes.so.3.1.0
2aaaad82f000-2aaaad92e000 ---p 00005000 08:01 82917                      /usr/lib/libXfixes.so.3.1.0
2aaaad92e000-2aaaad92f000 rwxp 00004000 08:01 82917                      /usr/lib/libXfixes.so.3.1.0
2aaaad92f000-2aaaad96d000 r-xp 00000000 08:01 13310                      /usr/lib/libpango-1.0.so.0.1400.5
2aaaad96d000-2aaaada6c000 ---p 0003e000 08:01 13310                      /usr/lib/libpango-1.0.so.0.1400.5
2aaaada6c000-2aaaada6f000 rwxp 0003d000 08:01 13310                      /usr/lib/libpango-1.0.so.0.1400.5
2aaaada6f000-2aaaadb4a000 r-xp 00000000 08:01 26902                      /usr/lib/libX11.so.6.2.0
2aaaadb4a000-2aaaadc49000 ---p 000db000 08:01 26902                      /usr/lib/libX11.so.6.2.0
2aaaadc49000-2aaaadc4e000 rwxp 000da000 08:01 26902                      /usr/lib/libX11.so.6.2.0
2aaaadc4e000-2aaaadc8d000 r-xp 00000000 08:01 65029                      /usr/lib/libgobject-2.0.so.0.1200.4
2aaaadc8d000-2aaaadd8d000 ---p 0003f000 08:01 65029                      /usr/lib/libgobject-2.0.so.0.1200.4
2aaaadd8d000-2aaaadd8f000 rwxp 0003f000 08:01 65029                      /usr/lib/libgobject-2.0.so.0.1200.4
2aaaadd8f000-2aaaadd92000 r-xp 00000000 08:01 65033                      /usr/lib/libgmodule-2.0.so.0.1200.4
2aaaadd92000-2aaaade91000 ---p 00003000 08:01 65033                      /usr/lib/libgmodule-2.0.so.0.1200.4
2aaaade91000-2aaaade92000 rwxp 00002000 08:01 65033                      /usr/lib/libgmodule-2.0.so.0.1200.4
2aaaade92000-2aaaadf2f000 r-xp 00000000 08:01 65023                      /usr/lib/libglib-2.0.so.0.1200.4
2aaaadf2f000-2aaaae02e000 ---p 0009d000 08:01 65023                      /usr/lib/libglib-2.0.so.0.1200.4
2aaaae02e000-2aaaae02f000 rwxp 0009c000 08:01 65023                      /usr/lib/libglib-2.0.so.0.1200.4
2aaaae02f000-2aaaae030000 rwxp 2aaaae02f000 00:00 0 
2aaaae030000-2aaaae097000 r-xp 00000000 08:01 79534                      /usr/lib/libcairo.so.2.9.2
2aaaae097000-2aaaae196000 ---p 00067000 08:01 79534                      /usr/lib/libcairo.so.2.9.2
2aaaae196000-2aaaae199000 rwxp 00066000 08:01 79534                      /usr/lib/libcairo.so.2.9.2
2aaaae199000-2aaaae1a8000 r-xp 00000000 08:01 2847                       /usr/local/lib/libglibjni-0.4.so
2aaaae1a8000-2aaaae2a7000 ---p 0000f000 08:01 2847                       /usr/local/lib/libglibjni-0.4.so
2aaaae2a7000-2aaaae2a8000 rwxp 0000e000 08:01 2847                       /usr/local/lib/libglibjni-0.4.so
2aaaae2a8000-2aaaae2b0000 r-xp 00000000 08:01 15037                      /lib/librt-2.4.so
2aaaae2b0000-2aaaae3af000 ---p 00008000 08:01 15037                      /lib/librt-2.4.so
2aaaae3af000-2aaaae3b1000 rwxp 00007000 08:01 15037                      /lib/librt-2.4.so
2aaaae3b1000-2aaaae3de000 r-xp 00000000 08:01 13325                      /usr/lib/libpangoft2-1.0.so.0.1400.5
2aaaae3de000-2aaaae4de000 ---p 0002d000 08:01 13325                      /usr/lib/libpangoft2-1.0.so.0.1400.5
2aaaae4de000-2aaaae4df000 rwxp 0002d000 08:01 13325                      /usr/lib/libpangoft2-1.0.so.0.1400.5
2aaaae4df000-2aaaae553000 r-xp 00000000 08:01 77953                      /usr/lib/libfreetype.so.6.3.10
2aaaae553000-2aaaae653000 ---p 00074000 08:01 77953                      /usr/lib/libfreetype.so.6.3.10
2aaaae653000-2aaaae658000 rwxp 00074000 08:01 77953                      /usr/lib/libfreetype.so.6.3.10
2aaaae658000-2aaaae66e000 r-xp 00000000 08:01 5738                       /usr/lib/libz.so.1.2.3
2aaaae66e000-2aaaae76d000 ---p 00016000 08:01 5738                       /usr/lib/libz.so.1.2.3
2aaaae76d000-2aaaae76e000 rwxp 00015000 08:01 5738                       /usr/lib/libz.so.1.2.3
2aaaae76e000-2aaaae78e000 r-xp 00000000 08:01 37913                      /usr/lib/libexpat.so.1.0.0
2aaaae78e000-2aaaae88e000 ---p 00020000 08:01 37913                      /usr/lib/libexpat.so.1.0.0
2aaaae88e000-2aaaae890000 rwxp 00020000 08:01 37913                      /usr/lib/libexpat.so.1.0.0
2aaaae890000-2aaaae892000 r-xp 00000000 08:01 83996                      /usr/lib/libXau.so.6.0.0
2aaaae892000-2aaaae992000 ---p 00002000 08:01 83996                      /usr/lib/libXau.so.6.0.0
2aaaae992000-2aaaae993000 rwxp 00002000 08:01 83996                      /usr/lib/libXau.so.6.0.0
2aaaae993000-2aaaae998000 r-xp 00000000 08:01 32334                      /usr/lib/libXdmcp.so.6.0.0
2aaaae998000-2aaaaea97000 ---p 00005000 08:01 32334                      /usr/lib/libXdmcp.so.6.0.0
2aaaaea97000-2aaaaea98000 rwxp 00004000 08:01 32334                      /usr/lib/libXdmcp.so.6.0.0
2aaaaea98000-2aaaaeabb000 r-xp 00000000 08:01 79517                      /usr/lib/libpng12.so.0.1.2.8
2aaaaeabb000-2aaaaebba000 ---p 00023000 08:01 79517                      /usr/lib/libpng12.so.0.1.2.8
2aaaaebba000-2aaaaebbb000 rwxp 00022000 08:01 79517                      /usr/lib/libpng12.so.0.1.2.8
2aaaaebbb000-2aaaaebbc000 r-xp 00000000 08:01 7834                       /usr/lib/locale/en_AU.utf8/LC_IDENTIFICATION
2aaaaebbc000-2aaaaebbd000 r-xp 00000000 08:01 10167                      /usr/lib/locale/en_AU.utf8/LC_MEASUREMENT
2aaaaebbd000-2aaaaebbe000 r-xp 00000000 08:01 7648                       /usr/lib/locale/en_AU.utf8/LC_TELEPHONE
2aaaaebbe000-2aaaaebbf000 r-xp 00000000 08:01 7421                       /usr/lib/locale/en_AU.utf8/LC_ADDRESS
2aaaaebbf000-2aaaaebc0000 r-xp 00000000 08:01 10164                      /usr/lib/locale/en_AU.utf8/LC_NAME
2aaaaebc0000-2aaaaebc1000 r-xp 00000000 08:01 10163                      /usr/lib/locale/en_AU.utf8/LC_PAPER
2aaaaebc1000-2aaaaebc2000 r-xp 00000000 08:01 10162                      /usr/lib/locale/en_AU.utf8/LC_MESSAGES/SYS_LC_MESSAGES
2aaaaebc2000-2aaaaebc3000 r-xp 00000000 08:01 7078                       /usr/lib/locale/en_AU.utf8/LC_MONETARY
2aaaaebc3000-2aaaaec9a000 r-xp 00000000 08:01 10159                      /usr/lib/locale/en_AU.utf8/LC_COLLATE
2aaaaec9a000-2aaaaec9b000 r-xp 00000000 08:01 10158                      /usr/lib/locale/en_AU.utf8/LC_TIME
2aaaaec9b000-2aaaaec9c000 r-xp 00000000 08:01 10157                      /usr/lib/locale/en_AU.utf8/LC_NUMERIC
2aaaaec9c000-2aaaaec9d000 r-xp 00000000 08:01 32537                      /usr/lib/X11/locale/common/xlcUTF8Load.so.2.0.0
2aaaaec9d000-2aaaaed9c000 ---p 00001000 08:01 32537                      /usr/lib/X11/locale/common/xlcUTF8Load.so.2.0.0
2aaaaed9c000-2aaaaed9d000 rwxp 00000000 08:01 32537                      /usr/lib/X11/locale/common/xlcUTF8Load.so.2.0.0
2aaaaed9d000-2aaaaeda7000 r-xp 00000000 08:01 119432                     /usr/share/locale-langpack/en_AU/LC_MESSAGES/gtk20.mo
2aaaaeda7000-2aaaaedac000 r-xp 00000000 08:01 119433                     /usr/share/locale-langpack/en_AU/LC_MESSAGES/gtk20-properties.mo
2aaaaedac000-2aaaaedae000 r-xp 00000000 08:01 187230                     /usr/lib/gconv/ISO8859-1.so
2aaaaedae000-2aaaaeead000 ---p 00002000 08:01 187230                     /usr/lib/gconv/ISO8859-1.so
2aaaaeead000-2aaaaeeaf000 rwxp 00001000 08:01 187230                     /usr/lib/gconv/ISO8859-1.so
2aaaaeeaf000-2aaaaeeb1000 r-xp 00000000 08:02 11911229                   /home/sorenm/JIndex/libs/native/amd64/libgladejni-2.12.so
2aaaaeeb1000-2aaaaefb0000 ---p 00002000 08:02 11911229                   /home/sorenm/JIndex/libs/native/amd64/libgladejni-2.12.so
2aaaaefb0000-2aaaaefb1000 rwxp 00001000 08:02 11911229                   /home/sorenm/JIndex/libs/native/amd64/libgladejni-2.12.so
2aaaaefc3000-2aaaaefdc000 r-xp 00000000 08:01 47630                      /usr/lib/libglade-2.0.so.0.0.7
2aaaaefdc000-2aaaaf0db000 ---p 00019000 08:01 47630                      /usr/lib/libglade-2.0.so.0.0.7
2aaaaf0db000-2aaaaf0dd000 rwxp 00018000 08:01 47630                      /usr/lib/libglade-2.0.so.0.0.7
2aaaaf0dd000-2aaaaf211000 r-xp 00000000 08:01 18706                      /usr/lib/libxml2.so.2.6.26
2aaaaf211000-2aaaaf311000 ---p 00134000 08:01 18706                      /usr/lib/libxml2.so.2.6.26
2aaaaf311000-2aaaaf31a000 rwxp 00134000 08:01 18706                      /usr/lib/libxml2.so.2.6.26
2aaaaf31a000-2aaaaf41b000 rwxp 2aaaaf31a000 00:00 0 
2aaaaf41b000-2aaaaf423000 r-xp 00000000 08:01 42209                      /usr/lib/libglade/2.0/libgnome.so
2aaaaf423000-2aaaaf522000 ---p 00008000 08:01 42209                      /usr/lib/libglade/2.0/libgnome.so
2aaaaf522000-2aaaaf524000 rwxp 00007000 08:01 42209                      /usr/lib/libglade/2.0/libgnome.so
2aaaaf524000-2aaaaf5b8000 r-xp 00000000 08:01 42207                      /usr/lib/libgnomeui-2.so.0.1600.1
2aaaaf5b8000-2aaaaf6b8000 ---p 00094000 08:01 42207                      /usr/lib/libgnomeui-2.so.0.1600.1
2aaaaf6b8000-2aaaaf6be000 rwxp 00094000 08:01 42207                      /usr/lib/libgnomeui-2.so.0.1600.1
2aaaaf6be000-2aaaaf728000 r-xp 00000000 08:01 63491                      /usr/lib/libbonoboui-2.so.0.0.0
2aaaaf728000-2aaaaf828000 ---p 0006a000 08:01 63491                      /usr/lib/libbonoboui-2.so.0.0.0
2aaaaf828000-2aaaaf82d000 rwxp 0006a000 08:01 63491                      /usr/lib/libbonoboui-2.so.0.0.0
2aaaaf82d000-2aaaaf85a000 r-xp 00000000 08:01 41185                      /usr/lib/libgnomecanvas-2.so.0.1400.0
2aaaaf85a000-2aaaaf959000 ---p 0002d000 08:01 41185                      /usr/lib/libgnomecanvas-2.so.0.1400.0
2aaaaf959000-2aaaaf95b000 rwxp 0002c000 08:01 41185                      /usr/lib/libgnomecanvas-2.so.0.1400.0
2aaaaf95b000-2aaaaf971000 r-xp 00000000 08:01 61274                      /usr/lib/libgnome-2.so.0.1600.0
2aaaaf971000-2aaaafa71000 ---p 00016000 08:01 61274                      /usr/lib/libgnome-2.so.0.1600.0
2aaaafa71000-2aaaafa73000 rwxp 00016000 08:01 61274                      /usr/lib/libgnome-2.so.0.1600.0
2aaaafa73000-2aaaafa88000 r-xp 00000000 08:01 7362                       /usr/lib/libart_lgpl_2.so.2.3.17
2aaaafa88000-2aaaafb87000 ---p 00015000 08:01 7362                       /usr/lib/libart_lgpl_2.so.2.3.17
2aaaafb87000-2aaaafb8a000 rwxp 00014000 08:01 7362                       /usr/lib/libart_lgpl_2.so.2.3.17
2aaaafb8a000-2aaaafbee000 r-xp 00000000 08:01 23186                      /usr/lib/libbonobo-2.so.0.0.0
2aaaafbee000-2aaaafced000 ---p 00064000 08:01 23186                      /usr/lib/libbonobo-2.so.0.0.0
2aaaafced000-2aaaafcfe000 rwxp 00063000 08:01 23186                      /usr/lib/libbonobo-2.so.0.0.0
2aaaafcfe000-2aaaafd15000 r-xp 00000000 08:01 23187                      /usr/lib/libbonobo-activation.so.4.0.0
2aaaafd15000-2aaaafe15000 ---p 00017000 08:01 23187                      /usr/lib/libbonobo-activation.so.4.0.0
2aaaafe15000-2aaaafe19000 rwxp 00017000 08:01 23187                      /usr/lib/libbonobo-activation.so.4.0.0
2aaaafe19000-2aaaafe7a000 r-xp 00000000 08:01 24544                      /usr/lib/libgnomevfs-2.so.0.1600.1
2aaaafe7a000-2aaaaff7a000 ---p 00061000 08:01 24544                      /usr/lib/libgnomevfs-2.so.0.1600.1
2aaaaff7a000-2aaaaff7f000 rwxp 00061000 08:01 24544                      /usr/lib/libgnomevfs-2.so.0.1600.1
2aaaaff7f000-2aaaaffb7000 r-xp 00000000 08:01 24552                      /usr/lib/libgconf-2.so.4.1.0
2aaaaffb7000-2aaab00b6000 ---p 00038000 08:01 24552                      /usr/lib/libgconf-2.so.4.1.0
2aaab00b6000-2aaab00bb000 rwxp 00037000 08:01 24552                      /usr/lib/libgconf-2.so.4.1.0
2aaab00bb000-2aaab0116000 r-xp 00000000 08:01 34885                      /usr/lib/libORBit-2.so.0.1.0
2aaab0116000-2aaab0215000 ---p 0005b000 08:01 34885                      /usr/lib/libORBit-2.so.0.1.0
2aaab0215000-2aaab0228000 rwxp 0005a000 08:01 34885                      /usr/lib/libORBit-2.so.0.1.0
2aaab0228000-2aaab0235000 r-xp 00000000 08:01 29342                      /usr/lib/libgnome-keyring.so.0.0.1
2aaab0235000-2aaab0334000 ---p 0000d000 08:01 29342                      /usr/lib/libgnome-keyring.so.0.0.1
2aaab0334000-2aaab0335000 rwxp 0000c000 08:01 29342                      /usr/lib/libgnome-keyring.so.0.0.1
2aaab0347000-2aaab034e000 r-xp 00000000 08:01 34007                      /lib/libpopt.so.0.0.0
2aaab034e000-2aaab044e000 ---p 00007000 08:01 34007                      /lib/libpopt.so.0.0.0
2aaab044e000-2aaab044f000 rwxp 00007000 08:01 34007                      /lib/libpopt.so.0.0.0
2aaab044f000-2aaab0470000 r-xp 00000000 08:01 30742                      /usr/lib/libjpeg.so.62.0.0
2aaab0470000-2aaab0570000 ---p 00021000 08:01 30742                      /usr/lib/libjpeg.so.62.0.0
2aaab0570000-2aaab0571000 rwxp 00021000 08:01 30742                      /usr/lib/libjpeg.so.62.0.0
2aaab0571000-2aaab057a000 r-xp 00000000 08:01 79569                      /usr/lib/libSM.so.6.0.0
2aaab057a000-2aaab067a000 ---p 00009000 08:01 79569                      /usr/lib/libSM.so.6.0.0
2aaab067a000-2aaab067b000 rwxp 00009000 08:01 79569                      /usr/lib/libSM.so.6.0.0
2aaab067b000-2aaab0692000 r-xp 00000000 08:01 79557                      /usr/lib/libICE.so.6.3.0
2aaab0692000-2aaab0791000 ---p 00017000 08:01 79557                      /usr/lib/libICE.so.6.3.0
2aaab0791000-2aaab0792000 rwxp 00016000 08:01 79557                      /usr/lib/libICE.so.6.3.0
2aaab0792000-2aaab0796000 rwxp 2aaab0792000 00:00 0 
2aaab0796000-2aaab07a0000 r-xp 00000000 08:01 7470                       /usr/lib/libesd.so.0.2.36
2aaab07a0000-2aaab08a0000 ---p 0000a000 08:01 7470                       /usr/lib/libesd.so.0.2.36
2aaab08a0000-2aaab08a1000 rwxp 0000a000 08:01 7470                       /usr/lib/libesd.so.0.2.36
2aaab08a1000-2aaab08c6000 r-xp 00000000 08:01 7377                       /usr/lib/libaudiofile.so.0.0.2
2aaab08c6000-2aaab09c5000 ---p 00025000 08:01 7377                       /usr/lib/libaudiofile.so.0.0.2
2aaab09c5000-2aaab09c9000 rwxp 00024000 08:01 7377                       /usr/lib/libaudiofile.so.0.0.2
2aaab09c9000-2aaab09ce000 r-xp 00000000 08:01 34887                      /usr/lib/libORBitCosNaming-2.so.0.1.0
2aaab09ce000-2aaab0ace000 ---p 00005000 08:01 34887                      /usr/lib/libORBitCosNaming-2.so.0.1.0
2aaab0ace000-2aaab0ad0000 rwxp 00005000 08:01 34887                      /usr/lib/libORBitCosNaming-2.so.0.1.0
2aaab0ad0000-2aaab0aee000 r-xp 00000000 08:01 79929                      /usr/lib/libdbus-glib-1.so.2.0.0
2aaab0aee000-2aaab0bed000 ---p 0001e000 08:01 79929                      /usr/lib/libdbus-glib-1.so.2.0.0
2aaab0bed000-2aaab0bef000 rwxp 0001d000 08:01 79929                      /usr/lib/libdbus-glib-1.so.2.0.0
2aaab0bef000-2aaab0c24000 r-xp 00000000 08:01 24858                      /usr/lib/libdbus-1.so.3.0.0
2aaab0c24000-2aaab0d23000 ---p 00035000 08:01 24858                      /usr/lib/libdbus-1.so.3.0.0
2aaab0d23000-2aaab0d25000 rwxp 00034000 08:01 24858                      /usr/lib/libdbus-1.so.3.0.0
2aaab0d25000-2aaab0d99000 r-xp 00000000 08:01 45755                      /usr/lib/libgnutls.so.13.0.5
2aaab0d99000-2aaab0e98000 ---p 00074000 08:01 45755                      /usr/lib/libgnutls.so.13.0.5
2aaab0e98000-2aaab0ea3000 rwxp 00073000 08:01 45755                      /usr/lib/libgnutls.so.13.0.5
2aaab0ea3000-2aaab0ea6000 r-xp 00000000 08:01 63806                      /usr/lib/libavahi-glib.so.1.0.1
2aaab0ea6000-2aaab0fa5000 ---p 00003000 08:01 63806                      /usr/lib/libavahi-glib.so.1.0.1
2aaab0fa5000-2aaab0fa6000 rwxp 00002000 08:01 63806                      /usr/lib/libavahi-glib.so.1.0.1
2aaab0fa6000-2aaab0fb1000 r-xp 00000000 08:01 29757                      /usr/lib/libavahi-common.so.3.4.2
2aaab0fb1000-2aaab10b1000 ---p 0000b000 08:01 29757                      /usr/lib/libavahi-common.so.3.4.2
2aaab10b1000-2aaab10b2000 rwxp 0000b000 08:01 29757                      /usr/lib/libavahi-common.so.3.4.2
2aaab10b2000-2aaab10c2000 r-xp 00000000 08:01 41243                      /usr/lib/libavahi-client.so.3.2.0
2aaab10c2000-2aaab11c1000 ---p 00010000 08:01 41243                      /usr/lib/libavahi-client.so.3.2.0
2aaab11c1000-2aaab11c2000 rwxp 0000f000 08:01 41243                      /usr/lib/libavahi-client.so.3.2.0
2aaab11c2000-2aaab11d3000 r-xp 00000000 08:01 15036                      /lib/libresolv-2.4.so
2aaab11d3000-2aaab12d3000 ---p 00011000 08:01 15036                      /lib/libresolv-2.4.so
2aaab12d3000-2aaab12d5000 rwxp 00011000 08:01 15036                      /lib/libresolv-2.4.so
2aaab12d5000-2aaab12d7000 rwxp 2aaab12d5000 00:00 0 
2aaab12d7000-2aaab12eb000 r-xp 00000000 08:01 14820                      /lib/libselinux.so.1
2aaab12eb000-2aaab13ea000 ---p 00014000 08:01 14820                      /lib/libselinux.so.1
2aaab13ea000-2aaab13ec000 rwxp 00013000 08:01 14820                      /lib/libselinux.so.1
2aaab13ec000-2aaab13ed000 rwxp 2aaab13ec000 00:00 0 
2aaab13ed000-2aaab13ef000 r-xp 00000000 08:01 15040                      /lib/libutil-2.4.so
2aaab13ef000-2aaab14ee000 ---p 00002000 08:01 15040                      /lib/libutil-2.4.so
2aaab14ee000-2aaab14f0000 rwxp 00001000 08:01 15040                      /lib/libutil-2.4.so
2aaab14f0000-2aaab15c0000 r-xp 00000000 08:01 122077                     /usr/lib/libasound.so.2.0.0
2aaab15c0000-2aaab16c0000 ---p 000d0000 08:01 122077                     /usr/lib/libasound.so.2.0.0
2aaab16c0000-2aaab16c8000 rwxp 000d0000 08:01 122077                     /usr/lib/libasound.so.2.0.0
2aaab16c8000-2aaab16dc000 r-xp 00000000 08:01 79608                      /usr/lib/libtasn1.so.3.0.5
2aaab16dc000-2aaab17db000 ---p 00014000 08:01 79608                      /usr/lib/libtasn1.so.3.0.5
2aaab17db000-2aaab17dc000 rwxp 00013000 08:01 79608                      /usr/lib/libtasn1.so.3.0.5
2aaab17dc000-2aaab1826000 r-xp 00000000 08:01 7321                       /usr/lib/libgcrypt.so.11.2.1
2aaab1826000-2aaab1925000 ---p 0004a000 08:01 7321                       /usr/lib/libgcrypt.so.11.2.1
2aaab1925000-2aaab1928000 rwxp 00049000 08:01 7321                       /usr/lib/libgcrypt.so.11.2.1
2aaab1928000-2aaab192b000 r-xp 00000000 08:01 64224                      /usr/lib/libgpg-error.so.0.2.0
2aaab192b000-2aaab1a2a000 ---p 00003000 08:01 64224                      /usr/lib/libgpg-error.so.0.2.0
2aaab1a2a000-2aaab1a2b000 rwxp 00002000 08:01 64224                      /usr/lib/libgpg-error.so.0.2.0
2aaab1a2b000-2aaab1a63000 r-xp 00000000 08:01 14819                      /lib/libsepol.so.1
2aaab1a63000-2aaab1b63000 ---p 00038000 08:01 14819                      /lib/libsepol.so.1
2aaab1b63000-2aaab1b64000 rwxp 00038000 08:01 14819                      /lib/libsepol.so.1
2aaab1b64000-2aaab1b6e000 rwxp 2aaab1b64000 00:00 0 
2aaab1b6e000-2aaab1b71000 r-xp 00000000 08:01 63492                      /usr/lib/libglade/2.0/libbonobo.so
2aaab1b71000-2aaab1c70000 ---p 00003000 08:01 63492                      /usr/lib/libglade/2.0/libbonobo.so
2aaab1c70000-2aaab1c71000 rwxp 00002000 08:01 63492                      /usr/lib/libglade/2.0/libbonobo.so
2aaab1d00000-2aaab1e00000 rwxp 2aaab1d00000 00:00 0 
2aaab1e00000-2aaab1e13000 r-xp 00000000 08:01 6342                       /usr/lib/gtk-2.0/2.10.0/engines/libubuntulooks.so
2aaab1e13000-2aaab1f13000 ---p 00013000 08:01 6342                       /usr/lib/gtk-2.0/2.10.0/engines/libubuntulooks.so
2aaab1f13000-2aaab1f14000 rwxp 00013000 08:01 6342                       /usr/lib/gtk-2.0/2.10.0/engines/libubuntulooks.so
2aaab1f14000-2aaab1f85000 r-xp 00000000 08:01 28742                      /usr/share/fonts/truetype/ttf-dejavu/DejaVuSans.ttf
2aaab2000000-2aaab2100000 rwxp 2aaab2000000 00:00 0 
2aaab2100000-2aaab2103000 r-xp 00000000 08:01 9136                       /usr/lib/pango/1.5.0/modules/pango-basic-fc.so
2aaab2103000-2aaab2202000 ---p 00003000 08:01 9136                       /usr/lib/pango/1.5.0/modules/pango-basic-fc.so
2aaab2202000-2aaab2203000 rwxp 00002000 08:01 9136                       /usr/lib/pango/1.5.0/modules/pango-basic-fc.so
2aaab2203000-2aaab2207000 r-xp 00000000 08:01 119443                     /usr/share/locale-langpack/en_AU/LC_MESSAGES/glib20.mo
2aaab2207000-2aaab2365000 r-xp 00000000 08:01 15486                      /usr/share/icons/Human/icon-theme.cache
2aaab2365000-2aaab23b6000 r-xp 00000000 08:01 61107                      /usr/share/icons/Tangerine/icon-theme.cache
2aaab2400000-2aaab249d000 rwxp 2aaab2400000 00:00 0 
2aaab249d000-2aaab2500000 ---p 2aaab249d000 00:00 0 
2aaab2500000-2aaab2758000 r-xp 00000000 08:01 34397                      /usr/share/icons/Tango/icon-theme.cache
2aaab2758000-2aaab2db7000 r-xp 00000000 08:01 21936                      /usr/share/icons/gnome/icon-theme.cache
2aaab2db7000-2aaab2f64000 r-xp 00000000 08:01 22080                      /usr/share/icons/hicolor/icon-theme.cache
2aaab2f64000-2aaab2f73000 r-xp 00000000 08:02 11911230                   /home/sorenm/JIndex/libs/native/amd64/libglibjni-0.4.so
2aaab2f73000-2aaab3072000 ---p 0000f000 08:02 11911230                   /home/sorenm/JIndex/libs/native/amd64/libglibjni-0.4.so
2aaab3072000-2aaab3073000 rwxp 0000e000 08:02 11911230                   /home/sorenm/JIndex/libs/native/amd64/libglibjni-0.4.so
2aaab3073000-2aaab3077000 r-xp 00000000 08:01 13842                      /usr/lib/gtk-2.0/2.10.0/loaders/libpixbufloader-png.so
2aaab3077000-2aaab3177000 ---p 00004000 08:01 13842                      /usr/lib/gtk-2.0/2.10.0/loaders/libpixbufloader-png.so
2aaab3177000-2aaab3178000 rwxp 00004000 08:01 13842                      /usr/lib/gtk-2.0/2.10.0/loaders/libpixbufloader-png.so
2b1d5a8c4000-2b1d5a8e0000 r-xp 00000000 08:01 15018                      /lib/ld-2.4.so
2b1d5a8e0000-2b1d5a8e3000 rwxp 2b1d5a8e0000 00:00 0 
2b1d5a9df000-2b1d5a9e1000 rwxp 0001b000 08:01 15018                      /lib/ld-2.4.so
2b1d5a9e1000-2b1d5a9f2000 r-xp 00000000 08:01 15035                      /lib/libpthread-2.4.so
2b1d5a9f2000-2b1d5aaf1000 ---p 00011000 08:01 15035                      /lib/libpthread-2.4.so
2b1d5aaf1000-2b1d5aaf3000 rwxp 00010000 08:01 15035                      /lib/libpthread-2.4.so
2b1d5aaf3000-2b1d5aaf7000 rwxp 2b1d5aaf3000 00:00 0 
2b1d5aaf7000-2b1d5aaf9000 r-xp 00000000 08:01 15024                      /lib/libdl-2.4.so
2b1d5aaf9000-2b1d5abf9000 ---p 00002000 08:01 15024                      /lib/libdl-2.4.so
2b1d5abf9000-2b1d5abfb000 rwxp 00002000 08:01 15024                      /lib/libdl-2.4.so
2b1d5abfb000-2b1d5ad31000 r-xp 00000000 08:01 15021                      /lib/libc-2.4.so
2b1d5ad31000-2b1d5ae31000 ---p 00136000 08:01 15021                      /lib/libc-2.4.so
2b1d5ae31000-2b1d5ae34000 r-xp 00136000 08:01 15021                      /lib/libc-2.4.so
2b1d5ae34000-2b1d5ae36000 rwxp 00139000 08:01 15021                      /lib/libc-2.4.so
2b1d5ae36000-2b1d5ae3d000 rwxp 2b1d5ae36000 00:00 0 
2b1d5ae3d000-2b1d5b508000 r-xp 00000000 08:02 8585218                    /home/sorenm/jdk1.5.0_08/jre/lib/amd64/server/libjvm.so
2b1d5b508000-2b1d5b607000 ---p 006cb000 08:02 8585218                    /home/sorenm/jdk1.5.0_08/jre/lib/amd64/server/libjvm.so
2b1d5b607000-2b1d5b782000 rwxp 006ca000 08:02 8585218                    /home/sorenm/jdk1.5.0_08/jre/lib/amd64/server/libjvm.so
2b1d5b782000-2b1d5b7b1000 rwxp 2b1d5b782000 00:00 0 
2b1d5b7b1000-2b1d5b7b2000 r-xp 2b1d5b7b1000 00:00 0 
2b1d5b7b2000-2b1d5b7b3000 rwxp 2b1d5b7b2000 00:00 0 
2b1d5b7c3000-2b1d5b843000 r-xp 00000000 08:01 15025                      /lib/libm-2.4.so
2b1d5b843000-2b1d5b942000 ---p 00080000 08:01 15025                      /lib/libm-2.4.so
2b1d5b942000-2b1d5b944000 rwxp 0007f000 08:01 15025                      /lib/libm-2.4.so
2b1d5b944000-2b1d5b94d000 r-xp 00000000 08:02 9601026                    /home/sorenm/jdk1.5.0_08/jre/lib/amd64/native_threads/libhpi.so
2b1d5b94d000-2b1d5ba4c000 ---p 00009000 08:02 9601026                    /home/sorenm/jdk1.5.0_08/jre/lib/amd64/native_threads/libhpi.so
2b1d5ba4c000-2b1d5ba50000 rwxp 00008000 08:02 9601026                    /home/sorenm/jdk1.5.0_08/jre/lib/amd64/native_threads/libhpi.so
2b1d5ba62000-2b1d5ba75000 r-xp 00000000 08:01 15027                      /lib/libnsl-2.4.so
2b1d5ba75000-2b1d5bb75000 ---p 00013000 08:01 15027                      /lib/libnsl-2.4.so
2b1d5bb75000-2b1d5bb77000 rwxp 00013000 08:01 15027                      /lib/libnsl-2.4.so
2b1d5bb77000-2b1d5bb79000 rwxp 2b1d5bb77000 00:00 0 
2b1d5bb8b000-2b1d5bb92000 r-xp 00000000 08:01 15028                      /lib/libnss_compat-2.4.so
2b1d5bb92000-2b1d5bc92000 ---p 00007000 08:01 15028                      /lib/libnss_compat-2.4.so
2b1d5bc92000-2b1d5bc94000 rwxp 00007000 08:01 15028                      /lib/libnss_compat-2.4.so
2b1d5bc94000-2b1d5bc9d000 r-xp 00000000 08:01 15032                      /lib/libnss_nis-2.4.so
2b1d5bc9d000-2b1d5bd9d000 ---p 00009000 08:01 15032                      /lib/libnss_nis-2.4.so
2b1d5bd9d000-2b1d5bd9f000 rwxp 00009000 08:01 15032                      /lib/libnss_nis-2.4.so
2b1d5bd9f000-2b1d5bda9000 r-xp 00000000 08:01 15030                      /lib/libnss_files-2.4.so
2b1d5bda9000-2b1d5bea8000 ---p 0000a000 08:01 15030                      /lib/libnss_files-2.4.so
2b1d5bea8000-2b1d5beaa000 rwxp 00009000 08:01 15030                      /lib/libnss_files-2.4.so
2b1d5beaa000-2b1d5beb2000 rwxs 00000000 08:01 11440                      /tmp/hsperfdata_sorenm/26331
2b1d5beb2000-2b1d5bebf000 r-xp 00000000 08:02 7995398                    /home/sorenm/jdk1.5.0_08/jre/lib/amd64/libverify.so
2b1d5bebf000-2b1d5bfbe000 ---p 0000d000 08:02 7995398                    /home/sorenm/jdk1.5.0_08/jre/lib/amd64/libverify.so
2b1d5bfbe000-2b1d5bfc1000 rwxp 0000c000 08:02 7995398                    /home/sorenm/jdk1.5.0_08/jre/lib/amd64/libverify.so
2b1d5bfc1000-2b1d5bfe6000 r-xp 00000000 08:02 7995411                    /home/sorenm/jdk1.5.0_08/jre/lib/amd64/libjava.so
2b1d5bfe6000-2b1d5c0e5000 ---p 00025000 08:02 7995411                    /home/sorenm/jdk1.5.0_08/jre/lib/amd64/libjava.so
2b1d5c0e5000-2b1d5c0eb000 rwxp 00024000 08:02 7995411                    /home/sorenm/jdk1.5.0_08/jre/lib/amd64/libjava.so
2b1d5c0eb000-2b1d5c0fa000 r-xp 00000000 08:02 7995404                    /home/sorenm/jdk1.5.0_08/jre/lib/amd64/libzip.so
2b1d5c0fa000-2b1d5c1fb000 ---p 0000f000 08:02 7995404                    /home/sorenm/jdk1.5.0_08/jre/lib/amd64/libzip.so
2b1d5c1fb000-2b1d5c1ff000 rwxp 00010000 08:02 7995404                    /home/sorenm/jdk1.5.0_08/jre/lib/amd64/libzip.so
2b1d5c1ff000-2b1d5e815000 r-xs 00000000 08:02 11321381                   /home/sorenm/jdk1.5.0_08/jre/lib/rt.jar
2b1d5e815000-2b1d5e87e000 rwxp 2b1d5e815000 00:00 0 
2b1d5e87e000-2b1d5e903000 r-xs 00000000 08:02 11321350                   /home/sorenm/jdk1.5.0_08/jre/lib/jsse.jar
2b1d5e903000-2b1d5e918000 r-xs 00000000 08:02 11321378                   /home/sorenm/jdk1.5.0_08/jre/lib/jce.jar
2b1d5e918000-2b1d5f188000 r-xs 00000000 08:02 11321356                   /home/sorenm/jdk1.5.0_08/jre/lib/charsets.jar
2b1d5f188000-2b1d5f3f8000 rwxp 2b1d5f188000 00:00 0 
2b1d5f3f8000-2b1d62188000 rwxp 2b1d5f3f8000 00:00 0 
2b1d62188000-2b1d62192000 rwxp 2b1d62188000 00:00 0 
2b1d62192000-2b1d62248000 rwxp 2b1d62192000 00:00 0 
2b1d62250000-2b1d63710000 rwxp 2b1d62250000 00:00 0 
2b1d63710000-2b1d67450000 rwxp 2b1d63710000 00:00 0 
2b1d67450000-2b1d68950000 rwxp 2b1d67450000 00:00 0 
2b1d68950000-2b1d7c450000 rwxp 2b1d68950000 00:00 0 
2b1d7c450000-2b1d7cec0000 rwxp 2b1d7c450000 00:00 0 
2b1d7cec0000-2b1d86c50000 rwxp 2b1d7cec0000 00:00 0 
2b1d86c50000-2b1d86c5b000 rwxp 2b1d86c50000 00:00 0 
2b1d86c5b000-2b1d86c79000 rwxp 2b1d86c5b000 00:00 0 
2b1d86c79000-2b1d86c84000 rwxp 2b1d86c79000 00:00 0 
2b1d86c84000-2b1d86d21000 rwxp 2b1d86c84000 00:00 0 
2b1d86d21000-2b1d86d27000 rwxp 2b1d86d21000 00:00 0 
2b1d86d27000-2b1d86d75000 rwxp 2b1d86d27000 00:00 0 
2b1d86d75000-2b1d86d81000 rwxp 2b1d86d75000 00:00 0 
2b1d86d81000-2b1d86e1e000 rwxp 2b1d86d81000 00:00 0 
2b1d86e1e000-2b1d86e29000 rwxp 2b1d86e1e000 00:00 0 
2b1d86e29000-2b1d86e47000 rwxp 2b1d86e29000 00:00 0 
7fff4ffe6000-7fff4ffe9000 ---p 7fff4ffe6000 00:00 0 
7fff4ffe9000-7fff501e6000 rwxp 7fff4ffe9000 00:00 0                      [stack]
ffffffffff600000-ffffffffffe00000 ---p 00000000 00:00 0                  [vdso]

VM Arguments:
jvm_args: -Djava.library.path=/home/sorenm/JIndex/libs/native/amd64 -DHOME=/home/sorenm
java_command: org.jindex.client.JIndexClient
Launcher Type: SUN_STANDARD

Environment Variables:
JAVA_HOME=/home/sorenm/jdk1.5.0_08
PATH=/home/sorenm/jdk1.5.0_08/bin:/usr/local/sbin:/usr/local/bin:/usr/sbin:/usr/bin:/sbin:/bin:/usr/bin/X11:/usr/games
USERNAME=sorenm
LD_LIBRARY_PATH=/home/sorenm/jdk1.5.0_08/jre/lib/amd64/server:/home/sorenm/jdk1.5.0_08/jre/lib/amd64:/home/sorenm/jdk1.5.0_08/jre/../lib/amd64
SHELL=/bin/bash
DISPLAY=:0.0

Signal Handlers:
SIGSEGV: [libjvm.so+0x656380], sa_mask[0]=0x7ffbfeff, sa_flags=0x14000004
SIGBUS: [libjvm.so+0x656380], sa_mask[0]=0x7ffbfeff, sa_flags=0x14000004
SIGFPE: [libjvm.so+0x55dd50], sa_mask[0]=0x7ffbfeff, sa_flags=0x14000004
SIGPIPE: [libjvm.so+0x55dd50], sa_mask[0]=0x7ffbfeff, sa_flags=0x14000004
SIGILL: [libjvm.so+0x55dd50], sa_mask[0]=0x7ffbfeff, sa_flags=0x14000004
SIGUSR1: SIG_DFL, sa_mask[0]=0x00000000, sa_flags=0x00000000
SIGUSR2: [libjvm.so+0x55fc00], sa_mask[0]=0x00000004, sa_flags=0x14000004
SIGHUP: [libjvm.so+0x55f6d0], sa_mask[0]=0x7ffbfeff, sa_flags=0x14000004
SIGINT: [libjvm.so+0x55f6d0], sa_mask[0]=0x7ffbfeff, sa_flags=0x14000004
SIGQUIT: [libjvm.so+0x55f6d0], sa_mask[0]=0x7ffbfeff, sa_flags=0x14000004
SIGTERM: [libjvm.so+0x55f6d0], sa_mask[0]=0x7ffbfeff, sa_flags=0x14000004


---------------  S Y S T E M  ---------------

OS:testing/unstable

uname:Linux 2.6.17-10-generic #2 SMP Wed Oct 4 16:06:36 UTC 2006 x86_64
libc:glibc 2.4 NPTL 2.4 
rlimit: STACK 8192k, CORE 0k, NPROC infinity, NOFILE 1024, AS infinity
load average:0.78 1.29 1.12

CPU:total 2 em64t ht

Memory: 4k page, physical 2057956k(375872k free), swap 3903784k(2481144k free)

vm_info: Java HotSpot(TM) 64-Bit Server VM (1.5.0_08-b03) for linux-amd64, built on Jun 28 2006 00:27:03 by java_re with gcc 3.2.2 (SuSE Linux)

