#
# An unexpected error has been detected by HotSpot Virtual Machine:
#
#  SIGSEGV (0xb) at pc=0x00002b98c076a4a4, pid=16767, tid=47934993406688
#
# Java VM: Java HotSpot(TM) 64-Bit Server VM (1.5.0_08-b03 mixed mode)
# Problematic frame:
# j  org.gnu.gtk.StatusIcon.gtk_status_icon_new_from_pixbuf(Lorg/gnu/glib/Handle;)Lorg/gnu/glib/Handle;+0
#

---------------  T H R E A D  ---------------

Current thread (0x0000000040116640):  JavaThread "main" [_thread_in_Java, id=16767]

siginfo:si_signo=11, si_errno=0, si_code=1, si_addr=0xffffffffaab61000

Registers:
RAX=0xffffffffaab61000, RBX=0x00002b98c3e75e70, RCX=0x00002b98bcc6afc0, RDX=0x00002b98bcc6e870
RSP=0x00007fffeec0b3a8, RBP=0x00007fffeec0b3f0, RSI=0x00002b98bcc6afb8, RDI=0x00000000401187a0
R8 =0x00002b98bcc5a668, R9 =0x0000000000000cc8, R10=0x00002b98bcd88000, R11=0x0000000000000cc8
R12=0x00002b98c076a49b, R13=0x00002b98c3e75e70, R14=0x00007fffeec0b410, R15=0x0000000040116640
RIP=0x00002b98c076a4a4, EFL=0x0000000000010286, CSGSFS=0x0000000000000033, ERR=0x0000000000000005
  TRAPNO=0x000000000000000e

Top of Stack: (sp=0x00007fffeec0b3a8)
0x00007fffeec0b3a8:   00002b98c076da4e 0000000040116640
0x00007fffeec0b3b8:   00007fffeec0b3b8 00002b98c3e75e70
0x00007fffeec0b3c8:   00007fffeec0b410 00002b98c3e779a8
0x00007fffeec0b3d8:   0000000000000000 00002b98c3e75e70
0x00007fffeec0b3e8:   00007fffeec0b410 00007fffeec0b458
0x00007fffeec0b3f8:   00002b98c0763de1 00002b98c3e77218
0x00007fffeec0b408:   00002b98c076a49b 00002b98de084d20
0x00007fffeec0b418:   00002b98de084be0 00007fffeec0b420
0x00007fffeec0b428:   00002b98c3e7466d 00007fffeec0b470
0x00007fffeec0b438:   00002b98c3e779a8 0000000000000000
0x00007fffeec0b448:   00002b98c3e74688 00007fffeec0b468
0x00007fffeec0b458:   00007fffeec0b4b8 00002b98c0763efe
0x00007fffeec0b468:   00002b98de084d40 00002b98de084be0
0x00007fffeec0b478:   00002b98de084be0 00007fffeec0b480
0x00007fffeec0b488:   00002b98c3a87ff2 00007fffeec0b4d8
0x00007fffeec0b498:   00002b98c3af6650 0000000000000000
0x00007fffeec0b4a8:   00002b98c3a88040 00007fffeec0b4d8
0x00007fffeec0b4b8:   00007fffeec0b518 00002b98c0763efe
0x00007fffeec0b4c8:   0000000000000000 00002b98de076670
0x00007fffeec0b4d8:   00002b98ddedd4f0 00007fffeec0b4e0
0x00007fffeec0b4e8:   00002b98c3a87ea5 00007fffeec0b540
0x00007fffeec0b4f8:   00002b98c3af6650 0000000000000000
0x00007fffeec0b508:   00002b98c3a87f28 00007fffeec0b540
0x00007fffeec0b518:   00007fffeec0b588 00002b98c0763efe
0x00007fffeec0b528:   0000000000000000 00002b98ddff8480
0x00007fffeec0b538:   00002b98ddede630 00002b98ddedd4f0
0x00007fffeec0b548:   00002b98ddedd4f0 00007fffeec0b550
0x00007fffeec0b558:   00002b98c3a88220 00007fffeec0b5a8
0x00007fffeec0b568:   00002b98c3af6650 0000000000000000
0x00007fffeec0b578:   00002b98c3a88280 00007fffeec0b5a8
0x00007fffeec0b588:   00007fffeec0b610 00002b98c076132d
0x00007fffeec0b598:   0000000000000000 0000000000000000 

Instructions: (pc=0x00002b98c076a4a4)
0x00002b98c076a494:   c0 c3 c3 c3 c3 c3 c3 48 85 c0 0f 84 03 00 00 00
0x00002b98c076a4a4:   48 8b 00 c3 00 00 00 00 00 00 00 00 00 00 00 00 

Stack: [0x00007fffeea10000,0x00007fffeec10000),  sp=0x00007fffeec0b3a8,  free space=2028k
Native frames: (J=compiled Java code, j=interpreted, Vv=VM code, C=native code)
j  org.gnu.gtk.StatusIcon.gtk_status_icon_new_from_pixbuf(Lorg/gnu/glib/Handle;)Lorg/gnu/glib/Handle;+0
j  org.gnu.gtk.StatusIcon.<init>(Lorg/gnu/gdk/Pixbuf;)V+5
j  org.jindex.client.JIndexClient.registerTrayIcon()V+26
j  org.jindex.client.JIndexClient.<init>()V+141
j  org.jindex.client.JIndexClient.main([Ljava/lang/String;)V+8
v  ~StubRoutines::call_stub
V  [libjvm.so+0x3848e5]
V  [libjvm.so+0x55eae9]
V  [libjvm.so+0x3846f5]
V  [libjvm.so+0x3b1d55]
V  [libjvm.so+0x3a2c65]
C  [java+0x1fd6]  strcmp+0x796


---------------  P R O C E S S  ---------------

Java Threads: ( => current thread )
  0x00002aaaaab7fa50 JavaThread "Low Memory Detector" daemon [_thread_blocked, id=16780]
  0x00002aaaaab7de30 JavaThread "CompilerThread1" daemon [_thread_blocked, id=16779]
  0x00002aaaaab7c890 JavaThread "CompilerThread0" daemon [_thread_blocked, id=16778]
  0x00002aaaaab7b140 JavaThread "AdapterThread" daemon [_thread_blocked, id=16777]
  0x00002aaaaab79e70 JavaThread "Signal Dispatcher" daemon [_thread_blocked, id=16776]
  0x00002aaaaab652f0 JavaThread "Finalizer" daemon [_thread_blocked, id=16775]
  0x00002aaaaab64ad0 JavaThread "Reference Handler" daemon [_thread_blocked, id=16774]
=>0x0000000040116640 JavaThread "main" [_thread_in_Java, id=16767]

Other Threads:
  0x00002aaaaab605e0 VMThread [id=16773]
  0x00002aaaaab81690 WatcherThread [id=16781]

VM state:not at safepoint (normal execution)

VM Mutex/Monitor currently owned by a thread: None

Heap
 PSYoungGen      total 9408K, used 6529K [0x00002b98dda30000, 0x00002b98de4a0000, 0x00002b98e8230000)
  eden space 8128K, 80% used [0x00002b98dda30000,0x00002b98de0904c8,0x00002b98de220000)
  from space 1280K, 0% used [0x00002b98de360000,0x00002b98de360000,0x00002b98de4a0000)
  to   space 1280K, 0% used [0x00002b98de220000,0x00002b98de220000,0x00002b98de360000)
 PSOldGen        total 21504K, used 0K [0x00002b98c8a30000, 0x00002b98c9f30000, 0x00002b98dda30000)
  object space 21504K, 0% used [0x00002b98c8a30000,0x00002b98c8a30000,0x00002b98c9f30000)
 PSPermGen       total 21248K, used 6434K [0x00002b98c3830000, 0x00002b98c4cf0000, 0x00002b98c8a30000)
  object space 21248K, 30% used [0x00002b98c3830000,0x00002b98c3e78b10,0x00002b98c4cf0000)

Dynamic libraries:
40000000-4000e000 r-xp 00000000 08:02 8159238                            /home/sorenm/jdk1.5.0_08/jre/bin/java
4010d000-40110000 rwxp 0000d000 08:02 8159238                            /home/sorenm/jdk1.5.0_08/jre/bin/java
40110000-40154000 rwxp 40110000 00:00 0                                  [heap]
40154000-40155000 ---p 40154000 00:00 0 
40155000-40255000 rwxp 40155000 00:00 0 
40255000-40256000 ---p 40255000 00:00 0 
40256000-40356000 rwxp 40256000 00:00 0 
40356000-40357000 ---p 40356000 00:00 0 
40357000-40457000 rwxp 40357000 00:00 0 
40457000-4045a000 ---p 40457000 00:00 0 
4045a000-40558000 rwxp 4045a000 00:00 0 
40558000-4055b000 ---p 40558000 00:00 0 
4055b000-40659000 rwxp 4055b000 00:00 0 
40659000-4065c000 ---p 40659000 00:00 0 
4065c000-4075a000 rwxp 4065c000 00:00 0 
4075a000-4075d000 ---p 4075a000 00:00 0 
4075d000-4085b000 rwxp 4075d000 00:00 0 
4085b000-4085e000 ---p 4085b000 00:00 0 
4085e000-4095c000 rwxp 4085e000 00:00 0 
4095c000-4095f000 ---p 4095c000 00:00 0 
4095f000-40a5d000 rwxp 4095f000 00:00 0 
40a5d000-40a60000 ---p 40a5d000 00:00 0 
40a60000-40b5e000 rwxp 40a60000 00:00 0 
40b5e000-40b5f000 ---p 40b5e000 00:00 0 
40b5f000-40c5f000 rwxp 40b5f000 00:00 0 
2aaaaaaab000-2aaaaabd3000 rwxp 2aaaaaaab000 00:00 0 
2aaaaabd3000-2aaaaac06000 r-xp 00000000 08:01 6284                       /usr/lib/locale/en_AU.utf8/LC_CTYPE
2aaaaac06000-2aaaaac0d000 r-xs 00000000 08:01 15026                      /usr/lib/gconv/gconv-modules.cache
2aaaaac0d000-2aaaaac0f000 r-xs 00000000 08:02 7962626                    /home/sorenm/jdk1.5.0_08/jre/lib/ext/dnsns.jar
2aaaaac0f000-2aaaaac36000 r-xs 00000000 08:02 9535490                    /home/sorenm/jdk1.5.0_08/jre/lib/ext/sunjce_provider.jar
2aaaaac36000-2aaaaacfa000 r-xs 00000000 08:02 9535494                    /home/sorenm/jdk1.5.0_08/jre/lib/ext/localedata.jar
2aaaaacfa000-2aaaaad06000 r-xs 00000000 08:02 11681970                   /home/sorenm/JIndex/libs/commons-codec.jar
2aaaaad06000-2aaaaad8d000 r-xs 00000000 08:02 11681971                   /home/sorenm/JIndex/libs/commons-collections.jar
2aaaaad8d000-2aaaaadb1000 r-xs 00000000 08:02 11681972                   /home/sorenm/JIndex/libs/commons-lang.jar
2aaaaadb1000-2aaaaaec9000 r-xs 00000000 08:02 11681975                   /home/sorenm/JIndex/libs/itext-1.3.jar
2aaaaaec9000-2aaaaaed9000 r-xs 00000000 08:02 11681976                   /home/sorenm/JIndex/libs/jakarta-oro.jar
2aaaaaed9000-2aaaaaeda000 r-xs 00000000 08:02 11681977                   /home/sorenm/JIndex/libs/java-fam.jar
2aaaaaeda000-2aaaab096000 r-xs 00000000 08:02 11682036                   /home/sorenm/JIndex/libs/jmf.jar
2aaaab096000-2aaaab196000 rwxp 2aaaab096000 00:00 0 
2aaaab196000-2aaaab1a7000 r-xs 00000000 08:02 11682037                   /home/sorenm/JIndex/libs/junit-3.8.1.1.jar
2aaaab1a7000-2aaaab23d000 r-xs 00000000 08:02 11682038                   /home/sorenm/JIndex/libs/jxl.jar
2aaaab23d000-2aaaab292000 r-xs 00000000 08:02 11682042                   /home/sorenm/JIndex/libs/log4j.jar
2aaaab292000-2aaaab2c5000 r-xs 00000000 08:02 11682039                   /home/sorenm/JIndex/libs/libdb4.4-java-4.4.20.jar
2aaaab2c5000-2aaaab315000 r-xs 00000000 08:02 11682043                   /home/sorenm/JIndex/libs/lucene-1.4.3.jar
2aaaab315000-2aaaab626000 r-xs 00000000 08:02 11681969                   /home/sorenm/JIndex/libs/PDFBox-0.7.1.jar
2aaaab626000-2aaaab634000 r-xs 00000000 08:02 11682045                   /home/sorenm/JIndex/libs/poi-contrib.jar
2aaaab634000-2aaaab663000 r-xs 00000000 08:02 11682046                   /home/sorenm/JIndex/libs/poi-scratchpad.jar
2aaaab663000-2aaaab725000 r-xs 00000000 08:02 11682047                   /home/sorenm/JIndex/libs/poi.jar
2aaaab725000-2aaaab728000 r-xs 00000000 08:02 11682048                   /home/sorenm/JIndex/libs/sabercat.jar
2aaaab728000-2aaaaba1a000 r-xs 00000000 08:02 11682049                   /home/sorenm/JIndex/libs/xalan.jar
2aaaaba1a000-2aaaabb0d000 r-xs 00000000 08:02 11682050                   /home/sorenm/JIndex/libs/xercesImpl.jar
2aaaabb0d000-2aaaabb28000 r-xs 00000000 08:02 11682044                   /home/sorenm/JIndex/libs/xml-apis.jar
2aaaabb28000-2aaaabb65000 r-xs 00000000 08:02 11682053                   /home/sorenm/JIndex/libs/xstream-1.1.2.jar
2aaaabb65000-2aaaabb71000 r-xs 00000000 08:02 11845969                   /home/sorenm/JIndex/libs/mail/activation.jar
2aaaabb71000-2aaaabb87000 r-xs 00000000 08:02 11845970                   /home/sorenm/JIndex/libs/mail/gnumail-providers.jar
2aaaabb87000-2aaaabbb1000 r-xs 00000000 08:02 11845971                   /home/sorenm/JIndex/libs/mail/gnumail.jar
2aaaabbb1000-2aaaabbde000 r-xs 00000000 08:02 11845972                   /home/sorenm/JIndex/libs/mail/inetlib.jar
2aaaabbde000-2aaaabbe4000 r-xs 00000000 08:02 11747591                   /home/sorenm/JIndex/libs/gnome-libs/amd64/glib0.4.jar
2aaaabbe4000-2aaaabbfb000 r-xs 00000000 08:02 11747592                   /home/sorenm/JIndex/libs/gnome-libs/amd64/gnome2.12-2.12.1.jar
2aaaabc00000-2aaaabcfd000 rwxp 2aaaabc00000 00:00 0 
2aaaabcfd000-2aaaabd00000 ---p 2aaaabcfd000 00:00 0 
2aaaabd00000-2aaaabda3000 r-xs 00000000 08:02 11747594                   /home/sorenm/JIndex/libs/gnome-libs/amd64/gtk2.10.jar
2aaaabda3000-2aaaabdab000 r-xs 00000000 08:02 11747596                   /home/sorenm/JIndex/libs/gnome-libs/amd64/libglade-java-2.12.1.jar
2aaaabdab000-2aaaac1ab000 rwxp 2aaaabdab000 00:00 0 
2aaaac1ab000-2aaaac27b000 r-xp 00000000 08:02 11911232                   /home/sorenm/JIndex/libs/native/amd64/libgtkjni-2.10.so
2aaaac27b000-2aaaac37a000 ---p 000d0000 08:02 11911232                   /home/sorenm/JIndex/libs/native/amd64/libgtkjni-2.10.so
2aaaac37a000-2aaaac380000 rwxp 000cf000 08:02 11911232                   /home/sorenm/JIndex/libs/native/amd64/libgtkjni-2.10.so
2aaaac393000-2aaaac397000 r-xp 00000000 08:01 65034                      /usr/lib/libgthread-2.0.so.0.1200.4
2aaaac397000-2aaaac496000 ---p 00004000 08:01 65034                      /usr/lib/libgthread-2.0.so.0.1200.4
2aaaac496000-2aaaac497000 rwxp 00003000 08:01 65034                      /usr/lib/libgthread-2.0.so.0.1200.4
2aaaac497000-2aaaac81d000 r-xp 00000000 08:01 67317                      /usr/lib/libgtk-x11-2.0.so.0.1000.6
2aaaac81d000-2aaaac91d000 ---p 00386000 08:01 67317                      /usr/lib/libgtk-x11-2.0.so.0.1000.6
2aaaac91d000-2aaaac928000 rwxp 00386000 08:01 67317                      /usr/lib/libgtk-x11-2.0.so.0.1000.6
2aaaac928000-2aaaac92a000 rwxp 2aaaac928000 00:00 0 
2aaaac92a000-2aaaac9bd000 r-xp 00000000 08:01 67316                      /usr/lib/libgdk-x11-2.0.so.0.1000.6
2aaaac9bd000-2aaaacabd000 ---p 00093000 08:01 67316                      /usr/lib/libgdk-x11-2.0.so.0.1000.6
2aaaacabd000-2aaaacac2000 rwxp 00093000 08:01 67316                      /usr/lib/libgdk-x11-2.0.so.0.1000.6
2aaaacac2000-2aaaacadf000 r-xp 00000000 08:01 66901                      /usr/lib/libatk-1.0.so.0.1213.0
2aaaacadf000-2aaaacbdf000 ---p 0001d000 08:01 66901                      /usr/lib/libatk-1.0.so.0.1213.0
2aaaacbdf000-2aaaacbe2000 rwxp 0001d000 08:01 66901                      /usr/lib/libatk-1.0.so.0.1213.0
2aaaacbe2000-2aaaacbf9000 r-xp 00000000 08:01 67315                      /usr/lib/libgdk_pixbuf-2.0.so.0.1000.6
2aaaacbf9000-2aaaaccf9000 ---p 00017000 08:01 67315                      /usr/lib/libgdk_pixbuf-2.0.so.0.1000.6
2aaaaccf9000-2aaaaccfa000 rwxp 00017000 08:01 67315                      /usr/lib/libgdk_pixbuf-2.0.so.0.1000.6
2aaaaccfa000-2aaaacd02000 r-xp 00000000 08:01 13339                      /usr/lib/libpangocairo-1.0.so.0.1400.5
2aaaacd02000-2aaaace02000 ---p 00008000 08:01 13339                      /usr/lib/libpangocairo-1.0.so.0.1400.5
2aaaace02000-2aaaace03000 rwxp 00008000 08:01 13339                      /usr/lib/libpangocairo-1.0.so.0.1400.5
2aaaace03000-2aaaace39000 r-xp 00000000 08:01 13300                      /usr/lib/libfontconfig.so.1.0.4
2aaaace39000-2aaaacf38000 ---p 00036000 08:01 13300                      /usr/lib/libfontconfig.so.1.0.4
2aaaacf38000-2aaaacf40000 rwxp 00035000 08:01 13300                      /usr/lib/libfontconfig.so.1.0.4
2aaaacf40000-2aaaacf42000 rwxp 2aaaacf40000 00:00 0 
2aaaacf42000-2aaaacf52000 r-xp 00000000 08:01 84246                      /usr/lib/libXext.so.6.4.0
2aaaacf52000-2aaaad052000 ---p 00010000 08:01 84246                      /usr/lib/libXext.so.6.4.0
2aaaad052000-2aaaad053000 rwxp 00010000 08:01 84246                      /usr/lib/libXext.so.6.4.0
2aaaad053000-2aaaad05c000 r-xp 00000000 08:01 79523                      /usr/lib/libXrender.so.1.3.0
2aaaad05c000-2aaaad15b000 ---p 00009000 08:01 79523                      /usr/lib/libXrender.so.1.3.0
2aaaad15b000-2aaaad15c000 rwxp 00008000 08:01 79523                      /usr/lib/libXrender.so.1.3.0
2aaaad15c000-2aaaad15e000 r-xp 00000000 08:01 84566                      /usr/lib/libXinerama.so.1.0.0
2aaaad15e000-2aaaad25d000 ---p 00002000 08:01 84566                      /usr/lib/libXinerama.so.1.0.0
2aaaad25d000-2aaaad25e000 rwxp 00001000 08:01 84566                      /usr/lib/libXinerama.so.1.0.0
2aaaad25e000-2aaaad266000 r-xp 00000000 08:01 84490                      /usr/lib/libXi.so.6.0.0
2aaaad266000-2aaaad365000 ---p 00008000 08:01 84490                      /usr/lib/libXi.so.6.0.0
2aaaad365000-2aaaad366000 rwxp 00007000 08:01 84490                      /usr/lib/libXi.so.6.0.0
2aaaad366000-2aaaad369000 r-xp 00000000 08:01 89972                      /usr/lib/libXrandr.so.2.0.0
2aaaad369000-2aaaad468000 ---p 00003000 08:01 89972                      /usr/lib/libXrandr.so.2.0.0
2aaaad468000-2aaaad469000 rwxp 00002000 08:01 89972                      /usr/lib/libXrandr.so.2.0.0
2aaaad469000-2aaaad473000 r-xp 00000000 08:01 83981                      /usr/lib/libXcursor.so.1.0.2
2aaaad473000-2aaaad572000 ---p 0000a000 08:01 83981                      /usr/lib/libXcursor.so.1.0.2
2aaaad572000-2aaaad573000 rwxp 00009000 08:01 83981                      /usr/lib/libXcursor.so.1.0.2
2aaaad573000-2aaaad578000 r-xp 00000000 08:01 82917                      /usr/lib/libXfixes.so.3.1.0
2aaaad578000-2aaaad677000 ---p 00005000 08:01 82917                      /usr/lib/libXfixes.so.3.1.0
2aaaad677000-2aaaad678000 rwxp 00004000 08:01 82917                      /usr/lib/libXfixes.so.3.1.0
2aaaad678000-2aaaad6b6000 r-xp 00000000 08:01 13310                      /usr/lib/libpango-1.0.so.0.1400.5
2aaaad6b6000-2aaaad7b5000 ---p 0003e000 08:01 13310                      /usr/lib/libpango-1.0.so.0.1400.5
2aaaad7b5000-2aaaad7b8000 rwxp 0003d000 08:01 13310                      /usr/lib/libpango-1.0.so.0.1400.5
2aaaad7b8000-2aaaad892000 r-xp 00000000 08:01 148497                     /usr/lib/libX11.so.6.2.0
2aaaad892000-2aaaad991000 ---p 000da000 08:01 148497                     /usr/lib/libX11.so.6.2.0
2aaaad991000-2aaaad996000 rwxp 000d9000 08:01 148497                     /usr/lib/libX11.so.6.2.0
2aaaad996000-2aaaad9d5000 r-xp 00000000 08:01 65029                      /usr/lib/libgobject-2.0.so.0.1200.4
2aaaad9d5000-2aaaadad5000 ---p 0003f000 08:01 65029                      /usr/lib/libgobject-2.0.so.0.1200.4
2aaaadad5000-2aaaadad7000 rwxp 0003f000 08:01 65029                      /usr/lib/libgobject-2.0.so.0.1200.4
2aaaadad7000-2aaaadada000 r-xp 00000000 08:01 65033                      /usr/lib/libgmodule-2.0.so.0.1200.4
2aaaadada000-2aaaadbd9000 ---p 00003000 08:01 65033                      /usr/lib/libgmodule-2.0.so.0.1200.4
2aaaadbd9000-2aaaadbda000 rwxp 00002000 08:01 65033                      /usr/lib/libgmodule-2.0.so.0.1200.4
2aaaadbda000-2aaaadc77000 r-xp 00000000 08:01 65023                      /usr/lib/libglib-2.0.so.0.1200.4
2aaaadc77000-2aaaadd76000 ---p 0009d000 08:01 65023                      /usr/lib/libglib-2.0.so.0.1200.4
2aaaadd76000-2aaaadd77000 rwxp 0009c000 08:01 65023                      /usr/lib/libglib-2.0.so.0.1200.4
2aaaadd77000-2aaaadd78000 rwxp 2aaaadd77000 00:00 0 
2aaaadd78000-2aaaadddf000 r-xp 00000000 08:01 180144                     /usr/lib/libcairo.so.2.9.2
2aaaadddf000-2aaaadede000 ---p 00067000 08:01 180144                     /usr/lib/libcairo.so.2.9.2
2aaaadede000-2aaaadee1000 rwxp 00066000 08:01 180144                     /usr/lib/libcairo.so.2.9.2
2aaaadee1000-2aaaadef0000 r-xp 00000000 08:01 2847                       /usr/local/lib/libglibjni-0.4.so
2aaaadef0000-2aaaadfef000 ---p 0000f000 08:01 2847                       /usr/local/lib/libglibjni-0.4.so
2aaaadfef000-2aaaadff0000 rwxp 0000e000 08:01 2847                       /usr/local/lib/libglibjni-0.4.so
2aaaadff0000-2aaaadff8000 r-xp 00000000 08:01 177692                     /lib/librt-2.4.so
2aaaadff8000-2aaaae0f7000 ---p 00008000 08:01 177692                     /lib/librt-2.4.so
2aaaae0f7000-2aaaae0f9000 rwxp 00007000 08:01 177692                     /lib/librt-2.4.so
2aaaae0f9000-2aaaae126000 r-xp 00000000 08:01 13325                      /usr/lib/libpangoft2-1.0.so.0.1400.5
2aaaae126000-2aaaae226000 ---p 0002d000 08:01 13325                      /usr/lib/libpangoft2-1.0.so.0.1400.5
2aaaae226000-2aaaae227000 rwxp 0002d000 08:01 13325                      /usr/lib/libpangoft2-1.0.so.0.1400.5
2aaaae227000-2aaaae29b000 r-xp 00000000 08:01 77953                      /usr/lib/libfreetype.so.6.3.10
2aaaae29b000-2aaaae39b000 ---p 00074000 08:01 77953                      /usr/lib/libfreetype.so.6.3.10
2aaaae39b000-2aaaae3a0000 rwxp 00074000 08:01 77953                      /usr/lib/libfreetype.so.6.3.10
2aaaae3a0000-2aaaae3b6000 r-xp 00000000 08:01 13019                      /usr/lib/libz.so.1.2.3
2aaaae3b6000-2aaaae4b5000 ---p 00016000 08:01 13019                      /usr/lib/libz.so.1.2.3
2aaaae4b5000-2aaaae4b6000 rwxp 00015000 08:01 13019                      /usr/lib/libz.so.1.2.3
2aaaae4b6000-2aaaae4d6000 r-xp 00000000 08:01 37913                      /usr/lib/libexpat.so.1.0.0
2aaaae4d6000-2aaaae5d6000 ---p 00020000 08:01 37913                      /usr/lib/libexpat.so.1.0.0
2aaaae5d6000-2aaaae5d8000 rwxp 00020000 08:01 37913                      /usr/lib/libexpat.so.1.0.0
2aaaae5d8000-2aaaae5da000 r-xp 00000000 08:01 83996                      /usr/lib/libXau.so.6.0.0
2aaaae5da000-2aaaae6da000 ---p 00002000 08:01 83996                      /usr/lib/libXau.so.6.0.0
2aaaae6da000-2aaaae6db000 rwxp 00002000 08:01 83996                      /usr/lib/libXau.so.6.0.0
2aaaae6db000-2aaaae6e0000 r-xp 00000000 08:01 32334                      /usr/lib/libXdmcp.so.6.0.0
2aaaae6e0000-2aaaae7df000 ---p 00005000 08:01 32334                      /usr/lib/libXdmcp.so.6.0.0
2aaaae7df000-2aaaae7e0000 rwxp 00004000 08:01 32334                      /usr/lib/libXdmcp.so.6.0.0
2aaaae7e0000-2aaaae803000 r-xp 00000000 08:01 79517                      /usr/lib/libpng12.so.0.1.2.8
2aaaae803000-2aaaae902000 ---p 00023000 08:01 79517                      /usr/lib/libpng12.so.0.1.2.8
2aaaae902000-2aaaae903000 rwxp 00022000 08:01 79517                      /usr/lib/libpng12.so.0.1.2.8
2aaaae903000-2aaaae904000 r-xp 00000000 08:01 67059                      /usr/lib/locale/en_AU.utf8/LC_IDENTIFICATION
2aaaae904000-2aaaae905000 r-xp 00000000 08:01 10167                      /usr/lib/locale/en_AU.utf8/LC_MEASUREMENT
2aaaae905000-2aaaae906000 r-xp 00000000 08:01 67058                      /usr/lib/locale/en_AU.utf8/LC_TELEPHONE
2aaaae906000-2aaaae907000 r-xp 00000000 08:01 61055                      /usr/lib/locale/en_AU.utf8/LC_ADDRESS
2aaaae907000-2aaaae908000 r-xp 00000000 08:01 10164                      /usr/lib/locale/en_AU.utf8/LC_NAME
2aaaae908000-2aaaae909000 r-xp 00000000 08:01 10163                      /usr/lib/locale/en_AU.utf8/LC_PAPER
2aaaae909000-2aaaae90a000 r-xp 00000000 08:01 10162                      /usr/lib/locale/en_AU.utf8/LC_MESSAGES/SYS_LC_MESSAGES
2aaaae90a000-2aaaae90b000 r-xp 00000000 08:01 55742                      /usr/lib/locale/en_AU.utf8/LC_MONETARY
2aaaae90b000-2aaaae9e2000 r-xp 00000000 08:01 10159                      /usr/lib/locale/en_AU.utf8/LC_COLLATE
2aaaae9e2000-2aaaae9e3000 r-xp 00000000 08:01 10158                      /usr/lib/locale/en_AU.utf8/LC_TIME
2aaaae9e3000-2aaaae9e4000 r-xp 00000000 08:01 10157                      /usr/lib/locale/en_AU.utf8/LC_NUMERIC
2aaaae9e4000-2aaaae9e5000 r-xp 00000000 08:01 148501                     /usr/lib/X11/locale/common/xlcUTF8Load.so.2.0.0
2aaaae9e5000-2aaaaeae4000 ---p 00001000 08:01 148501                     /usr/lib/X11/locale/common/xlcUTF8Load.so.2.0.0
2aaaaeae4000-2aaaaeae5000 rwxp 00000000 08:01 148501                     /usr/lib/X11/locale/common/xlcUTF8Load.so.2.0.0
2aaaaeae5000-2aaaaeaf4000 r-xp 00000000 08:01 82021                      /usr/share/locale-langpack/en_AU/LC_MESSAGES/gtk20.mo
2aaaaeaf4000-2aaaaeaf9000 r-xp 00000000 08:01 82022                      /usr/share/locale-langpack/en_AU/LC_MESSAGES/gtk20-properties.mo
2aaaaeb00000-2aaaaebfe000 rwxp 2aaaaeb00000 00:00 0 
2aaaaebfe000-2aaaaec00000 ---p 2aaaaebfe000 00:00 0 
2aaaaec00000-2aaaaec02000 r-xp 00000000 08:01 177878                     /usr/lib/gconv/ISO8859-1.so
2aaaaec02000-2aaaaed01000 ---p 00002000 08:01 177878                     /usr/lib/gconv/ISO8859-1.so
2aaaaed01000-2aaaaed03000 rwxp 00001000 08:01 177878                     /usr/lib/gconv/ISO8859-1.so
2aaaaed03000-2aaaaed05000 r-xp 00000000 08:02 11911229                   /home/sorenm/JIndex/libs/native/amd64/libgladejni-2.12.so
2aaaaed05000-2aaaaee04000 ---p 00002000 08:02 11911229                   /home/sorenm/JIndex/libs/native/amd64/libgladejni-2.12.so
2aaaaee04000-2aaaaee05000 rwxp 00001000 08:02 11911229                   /home/sorenm/JIndex/libs/native/amd64/libgladejni-2.12.so
2aaaaee18000-2aaaaee31000 r-xp 00000000 08:01 70591                      /usr/lib/libglade-2.0.so.0.0.7
2aaaaee31000-2aaaaef30000 ---p 00019000 08:01 70591                      /usr/lib/libglade-2.0.so.0.0.7
2aaaaef30000-2aaaaef32000 rwxp 00018000 08:01 70591                      /usr/lib/libglade-2.0.so.0.0.7
2aaaaef32000-2aaaaf065000 r-xp 00000000 08:01 18014                      /usr/lib/libxml2.so.2.6.26
2aaaaf065000-2aaaaf165000 ---p 00133000 08:01 18014                      /usr/lib/libxml2.so.2.6.26
2aaaaf165000-2aaaaf16e000 rwxp 00133000 08:01 18014                      /usr/lib/libxml2.so.2.6.26
2aaaaf16e000-2aaaaf16f000 rwxp 2aaaaf16e000 00:00 0 
2aaaaf20e000-2aaaaf30e000 rwxp 2aaaaf20e000 00:00 0 
2aaaaf30e000-2aaaaf316000 r-xp 00000000 08:01 21310                      /usr/lib/libglade/2.0/libgnome.so
2aaaaf316000-2aaaaf415000 ---p 00008000 08:01 21310                      /usr/lib/libglade/2.0/libgnome.so
2aaaaf415000-2aaaaf417000 rwxp 00007000 08:01 21310                      /usr/lib/libglade/2.0/libgnome.so
2aaaaf417000-2aaaaf4ab000 r-xp 00000000 08:01 17286                      /usr/lib/libgnomeui-2.so.0.1600.1
2aaaaf4ab000-2aaaaf5ab000 ---p 00094000 08:01 17286                      /usr/lib/libgnomeui-2.so.0.1600.1
2aaaaf5ab000-2aaaaf5b1000 rwxp 00094000 08:01 17286                      /usr/lib/libgnomeui-2.so.0.1600.1
2aaaaf5b1000-2aaaaf61b000 r-xp 00000000 08:01 63491                      /usr/lib/libbonoboui-2.so.0.0.0
2aaaaf61b000-2aaaaf71b000 ---p 0006a000 08:01 63491                      /usr/lib/libbonoboui-2.so.0.0.0
2aaaaf71b000-2aaaaf720000 rwxp 0006a000 08:01 63491                      /usr/lib/libbonoboui-2.so.0.0.0
2aaaaf720000-2aaaaf74d000 r-xp 00000000 08:01 41185                      /usr/lib/libgnomecanvas-2.so.0.1400.0
2aaaaf74d000-2aaaaf84c000 ---p 0002d000 08:01 41185                      /usr/lib/libgnomecanvas-2.so.0.1400.0
2aaaaf84c000-2aaaaf84e000 rwxp 0002c000 08:01 41185                      /usr/lib/libgnomecanvas-2.so.0.1400.0
2aaaaf84e000-2aaaaf864000 r-xp 00000000 08:01 61274                      /usr/lib/libgnome-2.so.0.1600.0
2aaaaf864000-2aaaaf964000 ---p 00016000 08:01 61274                      /usr/lib/libgnome-2.so.0.1600.0
2aaaaf964000-2aaaaf966000 rwxp 00016000 08:01 61274                      /usr/lib/libgnome-2.so.0.1600.0
2aaaaf966000-2aaaaf97b000 r-xp 00000000 08:01 7362                       /usr/lib/libart_lgpl_2.so.2.3.17
2aaaaf97b000-2aaaafa7a000 ---p 00015000 08:01 7362                       /usr/lib/libart_lgpl_2.so.2.3.17
2aaaafa7a000-2aaaafa7d000 rwxp 00014000 08:01 7362                       /usr/lib/libart_lgpl_2.so.2.3.17
2aaaafa7d000-2aaaafae1000 r-xp 00000000 08:01 23186                      /usr/lib/libbonobo-2.so.0.0.0
2aaaafae1000-2aaaafbe0000 ---p 00064000 08:01 23186                      /usr/lib/libbonobo-2.so.0.0.0
2aaaafbe0000-2aaaafbf1000 rwxp 00063000 08:01 23186                      /usr/lib/libbonobo-2.so.0.0.0
2aaaafbf1000-2aaaafc08000 r-xp 00000000 08:01 23187                      /usr/lib/libbonobo-activation.so.4.0.0
2aaaafc08000-2aaaafd08000 ---p 00017000 08:01 23187                      /usr/lib/libbonobo-activation.so.4.0.0
2aaaafd08000-2aaaafd0c000 rwxp 00017000 08:01 23187                      /usr/lib/libbonobo-activation.so.4.0.0
2aaaafd0c000-2aaaafd6d000 r-xp 00000000 08:01 24544                      /usr/lib/libgnomevfs-2.so.0.1600.1
2aaaafd6d000-2aaaafe6d000 ---p 00061000 08:01 24544                      /usr/lib/libgnomevfs-2.so.0.1600.1
2aaaafe6d000-2aaaafe72000 rwxp 00061000 08:01 24544                      /usr/lib/libgnomevfs-2.so.0.1600.1
2aaaafe72000-2aaaafeaa000 r-xp 00000000 08:01 24552                      /usr/lib/libgconf-2.so.4.1.0
2aaaafeaa000-2aaaaffa9000 ---p 00038000 08:01 24552                      /usr/lib/libgconf-2.so.4.1.0
2aaaaffa9000-2aaaaffae000 rwxp 00037000 08:01 24552                      /usr/lib/libgconf-2.so.4.1.0
2aaaaffae000-2aaab0008000 r-xp 00000000 08:01 182291                     /usr/lib/libORBit-2.so.0.1.0
2aaab0008000-2aaab0108000 ---p 0005a000 08:01 182291                     /usr/lib/libORBit-2.so.0.1.0
2aaab0108000-2aaab011a000 rwxp 0005a000 08:01 182291                     /usr/lib/libORBit-2.so.0.1.0
2aaab011a000-2aaab011b000 rwxp 2aaab011a000 00:00 0 
2aaab011b000-2aaab0128000 r-xp 00000000 08:01 42914                      /usr/lib/libgnome-keyring.so.0.0.1
2aaab0128000-2aaab0227000 ---p 0000d000 08:01 42914                      /usr/lib/libgnome-keyring.so.0.0.1
2aaab0227000-2aaab0228000 rwxp 0000c000 08:01 42914                      /usr/lib/libgnome-keyring.so.0.0.1
2aaab023b000-2aaab0242000 r-xp 00000000 08:01 34007                      /lib/libpopt.so.0.0.0
2aaab0242000-2aaab0342000 ---p 00007000 08:01 34007                      /lib/libpopt.so.0.0.0
2aaab0342000-2aaab0343000 rwxp 00007000 08:01 34007                      /lib/libpopt.so.0.0.0
2aaab0343000-2aaab0364000 r-xp 00000000 08:01 30742                      /usr/lib/libjpeg.so.62.0.0
2aaab0364000-2aaab0464000 ---p 00021000 08:01 30742                      /usr/lib/libjpeg.so.62.0.0
2aaab0464000-2aaab0465000 rwxp 00021000 08:01 30742                      /usr/lib/libjpeg.so.62.0.0
2aaab0465000-2aaab046e000 r-xp 00000000 08:01 79569                      /usr/lib/libSM.so.6.0.0
2aaab046e000-2aaab056e000 ---p 00009000 08:01 79569                      /usr/lib/libSM.so.6.0.0
2aaab056e000-2aaab056f000 rwxp 00009000 08:01 79569                      /usr/lib/libSM.so.6.0.0
2aaab056f000-2aaab0586000 r-xp 00000000 08:01 79557                      /usr/lib/libICE.so.6.3.0
2aaab0586000-2aaab0685000 ---p 00017000 08:01 79557                      /usr/lib/libICE.so.6.3.0
2aaab0685000-2aaab0686000 rwxp 00016000 08:01 79557                      /usr/lib/libICE.so.6.3.0
2aaab0686000-2aaab068a000 rwxp 2aaab0686000 00:00 0 
2aaab068a000-2aaab0694000 r-xp 00000000 08:01 7470                       /usr/lib/libesd.so.0.2.36
2aaab0694000-2aaab0794000 ---p 0000a000 08:01 7470                       /usr/lib/libesd.so.0.2.36
2aaab0794000-2aaab0795000 rwxp 0000a000 08:01 7470                       /usr/lib/libesd.so.0.2.36
2aaab0795000-2aaab07ba000 r-xp 00000000 08:01 7377                       /usr/lib/libaudiofile.so.0.0.2
2aaab07ba000-2aaab08b9000 ---p 00025000 08:01 7377                       /usr/lib/libaudiofile.so.0.0.2
2aaab08b9000-2aaab08bd000 rwxp 00024000 08:01 7377                       /usr/lib/libaudiofile.so.0.0.2
2aaab08bd000-2aaab08c2000 r-xp 00000000 08:01 182293                     /usr/lib/libORBitCosNaming-2.so.0.1.0
2aaab08c2000-2aaab09c1000 ---p 00005000 08:01 182293                     /usr/lib/libORBitCosNaming-2.so.0.1.0
2aaab09c1000-2aaab09c3000 rwxp 00004000 08:01 182293                     /usr/lib/libORBitCosNaming-2.so.0.1.0
2aaab09c3000-2aaab09e1000 r-xp 00000000 08:01 79929                      /usr/lib/libdbus-glib-1.so.2.0.0
2aaab09e1000-2aaab0ae0000 ---p 0001e000 08:01 79929                      /usr/lib/libdbus-glib-1.so.2.0.0
2aaab0ae0000-2aaab0ae2000 rwxp 0001d000 08:01 79929                      /usr/lib/libdbus-glib-1.so.2.0.0
2aaab0ae2000-2aaab0b16000 r-xp 00000000 08:01 17925                      /usr/lib/libdbus-1.so.3.0.0
2aaab0b16000-2aaab0c15000 ---p 00034000 08:01 17925                      /usr/lib/libdbus-1.so.3.0.0
2aaab0c15000-2aaab0c17000 rwxp 00033000 08:01 17925                      /usr/lib/libdbus-1.so.3.0.0
2aaab0c17000-2aaab0c8b000 r-xp 00000000 08:01 45755                      /usr/lib/libgnutls.so.13.0.5
2aaab0c8b000-2aaab0d8a000 ---p 00074000 08:01 45755                      /usr/lib/libgnutls.so.13.0.5
2aaab0d8a000-2aaab0d95000 rwxp 00073000 08:01 45755                      /usr/lib/libgnutls.so.13.0.5
2aaab0d95000-2aaab0d98000 r-xp 00000000 08:01 63806                      /usr/lib/libavahi-glib.so.1.0.1
2aaab0d98000-2aaab0e97000 ---p 00003000 08:01 63806                      /usr/lib/libavahi-glib.so.1.0.1
2aaab0e97000-2aaab0e98000 rwxp 00002000 08:01 63806                      /usr/lib/libavahi-glib.so.1.0.1
2aaab0e98000-2aaab0ea3000 r-xp 00000000 08:01 29757                      /usr/lib/libavahi-common.so.3.4.2
2aaab0ea3000-2aaab0fa3000 ---p 0000b000 08:01 29757                      /usr/lib/libavahi-common.so.3.4.2
2aaab0fa3000-2aaab0fa4000 rwxp 0000b000 08:01 29757                      /usr/lib/libavahi-common.so.3.4.2
2aaab0fa4000-2aaab0fb4000 r-xp 00000000 08:01 41243                      /usr/lib/libavahi-client.so.3.2.0
2aaab0fb4000-2aaab10b3000 ---p 00010000 08:01 41243                      /usr/lib/libavahi-client.so.3.2.0
2aaab10b3000-2aaab10b4000 rwxp 0000f000 08:01 41243                      /usr/lib/libavahi-client.so.3.2.0
2aaab10b4000-2aaab10c5000 r-xp 00000000 08:01 177691                     /lib/libresolv-2.4.so
2aaab10c5000-2aaab11c5000 ---p 00011000 08:01 177691                     /lib/libresolv-2.4.so
2aaab11c5000-2aaab11c7000 rwxp 00011000 08:01 177691                     /lib/libresolv-2.4.so
2aaab11c7000-2aaab11c9000 rwxp 2aaab11c7000 00:00 0 
2aaab11c9000-2aaab11dd000 r-xp 00000000 08:01 140212                     /lib/libselinux.so.1
2aaab11dd000-2aaab12dc000 ---p 00014000 08:01 140212                     /lib/libselinux.so.1
2aaab12dc000-2aaab12de000 rwxp 00013000 08:01 140212                     /lib/libselinux.so.1
2aaab12de000-2aaab12df000 rwxp 2aaab12de000 00:00 0 
2aaab12df000-2aaab12e1000 r-xp 00000000 08:01 177695                     /lib/libutil-2.4.so
2aaab12e1000-2aaab13e0000 ---p 00002000 08:01 177695                     /lib/libutil-2.4.so
2aaab13e0000-2aaab13e2000 rwxp 00001000 08:01 177695                     /lib/libutil-2.4.so
2aaab13e2000-2aaab14b2000 r-xp 00000000 08:01 122077                     /usr/lib/libasound.so.2.0.0
2aaab14b2000-2aaab15b2000 ---p 000d0000 08:01 122077                     /usr/lib/libasound.so.2.0.0
2aaab15b2000-2aaab15ba000 rwxp 000d0000 08:01 122077                     /usr/lib/libasound.so.2.0.0
2aaab15ba000-2aaab15ce000 r-xp 00000000 08:01 79608                      /usr/lib/libtasn1.so.3.0.5
2aaab15ce000-2aaab16cd000 ---p 00014000 08:01 79608                      /usr/lib/libtasn1.so.3.0.5
2aaab16cd000-2aaab16ce000 rwxp 00013000 08:01 79608                      /usr/lib/libtasn1.so.3.0.5
2aaab16ce000-2aaab1718000 r-xp 00000000 08:01 7321                       /usr/lib/libgcrypt.so.11.2.1
2aaab1718000-2aaab1817000 ---p 0004a000 08:01 7321                       /usr/lib/libgcrypt.so.11.2.1
2aaab1817000-2aaab181a000 rwxp 00049000 08:01 7321                       /usr/lib/libgcrypt.so.11.2.1
2aaab181a000-2aaab181d000 r-xp 00000000 08:01 64224                      /usr/lib/libgpg-error.so.0.2.0
2aaab181d000-2aaab191c000 ---p 00003000 08:01 64224                      /usr/lib/libgpg-error.so.0.2.0
2aaab191c000-2aaab191d000 rwxp 00002000 08:01 64224                      /usr/lib/libgpg-error.so.0.2.0
2aaab191d000-2aaab1955000 r-xp 00000000 08:01 14819                      /lib/libsepol.so.1
2aaab1955000-2aaab1a55000 ---p 00038000 08:01 14819                      /lib/libsepol.so.1
2aaab1a55000-2aaab1a56000 rwxp 00038000 08:01 14819                      /lib/libsepol.so.1
2aaab1a56000-2aaab1a60000 rwxp 2aaab1a56000 00:00 0 
2aaab1a60000-2aaab1a63000 r-xp 00000000 08:01 63492                      /usr/lib/libglade/2.0/libbonobo.so
2aaab1a63000-2aaab1b62000 ---p 00003000 08:01 63492                      /usr/lib/libglade/2.0/libbonobo.so
2aaab1b62000-2aaab1b63000 rwxp 00002000 08:01 63492                      /usr/lib/libglade/2.0/libbonobo.so
2aaab1b63000-2aaab1b76000 r-xp 00000000 08:01 6342                       /usr/lib/gtk-2.0/2.10.0/engines/libubuntulooks.so
2aaab1b76000-2aaab1c76000 ---p 00013000 08:01 6342                       /usr/lib/gtk-2.0/2.10.0/engines/libubuntulooks.so
2aaab1c76000-2aaab1c77000 rwxp 00013000 08:01 6342                       /usr/lib/gtk-2.0/2.10.0/engines/libubuntulooks.so
2aaab1c77000-2aaab1ce8000 r-xp 00000000 08:01 28742                      /usr/share/fonts/truetype/ttf-dejavu/DejaVuSans.ttf
2aaab1d00000-2aaab1e00000 rwxp 2aaab1d00000 00:00 0 
2aaab1e00000-2aaab1e03000 r-xp 00000000 08:01 9136                       /usr/lib/pango/1.5.0/modules/pango-basic-fc.so
2aaab1e03000-2aaab1f02000 ---p 00003000 08:01 9136                       /usr/lib/pango/1.5.0/modules/pango-basic-fc.so
2aaab1f02000-2aaab1f03000 rwxp 00002000 08:01 9136                       /usr/lib/pango/1.5.0/modules/pango-basic-fc.so
2aaab1f03000-2aaab1f07000 r-xp 00000000 08:01 82056                      /usr/share/locale-langpack/en_AU/LC_MESSAGES/glib20.mo
2aaab2000000-2aaab20e3000 rwxp 2aaab2000000 00:00 0 
2aaab20e3000-2aaab2100000 ---p 2aaab20e3000 00:00 0 
2aaab2100000-2aaab2261000 r-xp 00000000 08:01 1485                       /usr/share/icons/Human/icon-theme.cache
2aaab2261000-2aaab22b2000 r-xp 00000000 08:01 61107                      /usr/share/icons/Tangerine/icon-theme.cache
2aaab22b2000-2aaab250a000 r-xp 00000000 08:01 34397                      /usr/share/icons/Tango/icon-theme.cache
2aaab250a000-2aaab2b69000 r-xp 00000000 08:01 3070                       /usr/share/icons/gnome/icon-theme.cache
2aaab2b69000-2aaab2d16000 r-xp 00000000 08:01 23518                      /usr/share/icons/hicolor/icon-theme.cache
2aaab2d16000-2aaab2d25000 r-xp 00000000 08:02 11911230                   /home/sorenm/JIndex/libs/native/amd64/libglibjni-0.4.so
2aaab2d25000-2aaab2e24000 ---p 0000f000 08:02 11911230                   /home/sorenm/JIndex/libs/native/amd64/libglibjni-0.4.so
2aaab2e24000-2aaab2e25000 rwxp 0000e000 08:02 11911230                   /home/sorenm/JIndex/libs/native/amd64/libglibjni-0.4.so
2aaab2e25000-2aaab2f25000 rwxp 2aaab2e25000 00:00 0 
2aaab2f25000-2aaab2f29000 r-xp 00000000 08:01 13842                      /usr/lib/gtk-2.0/2.10.0/loaders/libpixbufloader-png.so
2aaab2f29000-2aaab3029000 ---p 00004000 08:01 13842                      /usr/lib/gtk-2.0/2.10.0/loaders/libpixbufloader-png.so
2aaab3029000-2aaab302a000 rwxp 00004000 08:01 13842                      /usr/lib/gtk-2.0/2.10.0/loaders/libpixbufloader-png.so
2b98bbe9a000-2b98bbeb6000 r-xp 00000000 08:01 177673                     /lib/ld-2.4.so
2b98bbeb6000-2b98bbeb9000 rwxp 2b98bbeb6000 00:00 0 
2b98bbfb5000-2b98bbfb7000 rwxp 0001b000 08:01 177673                     /lib/ld-2.4.so
2b98bbfb7000-2b98bbfc8000 r-xp 00000000 08:01 177690                     /lib/libpthread-2.4.so
2b98bbfc8000-2b98bc0c7000 ---p 00011000 08:01 177690                     /lib/libpthread-2.4.so
2b98bc0c7000-2b98bc0c9000 rwxp 00010000 08:01 177690                     /lib/libpthread-2.4.so
2b98bc0c9000-2b98bc0cd000 rwxp 2b98bc0c9000 00:00 0 
2b98bc0cd000-2b98bc0cf000 r-xp 00000000 08:01 177679                     /lib/libdl-2.4.so
2b98bc0cf000-2b98bc1cf000 ---p 00002000 08:01 177679                     /lib/libdl-2.4.so
2b98bc1cf000-2b98bc1d1000 rwxp 00002000 08:01 177679                     /lib/libdl-2.4.so
2b98bc1d1000-2b98bc307000 r-xp 00000000 08:01 177676                     /lib/libc-2.4.so
2b98bc307000-2b98bc407000 ---p 00136000 08:01 177676                     /lib/libc-2.4.so
2b98bc407000-2b98bc40a000 r-xp 00136000 08:01 177676                     /lib/libc-2.4.so
2b98bc40a000-2b98bc40c000 rwxp 00139000 08:01 177676                     /lib/libc-2.4.so
2b98bc40c000-2b98bc413000 rwxp 2b98bc40c000 00:00 0 
2b98bc413000-2b98bcade000 r-xp 00000000 08:02 8585218                    /home/sorenm/jdk1.5.0_08/jre/lib/amd64/server/libjvm.so
2b98bcade000-2b98bcbdd000 ---p 006cb000 08:02 8585218                    /home/sorenm/jdk1.5.0_08/jre/lib/amd64/server/libjvm.so
2b98bcbdd000-2b98bcd58000 rwxp 006ca000 08:02 8585218                    /home/sorenm/jdk1.5.0_08/jre/lib/amd64/server/libjvm.so
2b98bcd58000-2b98bcd87000 rwxp 2b98bcd58000 00:00 0 
2b98bcd87000-2b98bcd88000 r-xp 2b98bcd87000 00:00 0 
2b98bcd88000-2b98bcd89000 rwxp 2b98bcd88000 00:00 0 
2b98bcd9a000-2b98bce1a000 r-xp 00000000 08:01 177680                     /lib/libm-2.4.so
2b98bce1a000-2b98bcf19000 ---p 00080000 08:01 177680                     /lib/libm-2.4.so
2b98bcf19000-2b98bcf1b000 rwxp 0007f000 08:01 177680                     /lib/libm-2.4.so
2b98bcf1b000-2b98bcf24000 r-xp 00000000 08:02 9601026                    /home/sorenm/jdk1.5.0_08/jre/lib/amd64/native_threads/libhpi.so
2b98bcf24000-2b98bd023000 ---p 00009000 08:02 9601026                    /home/sorenm/jdk1.5.0_08/jre/lib/amd64/native_threads/libhpi.so
2b98bd023000-2b98bd027000 rwxp 00008000 08:02 9601026                    /home/sorenm/jdk1.5.0_08/jre/lib/amd64/native_threads/libhpi.so
2b98bd03a000-2b98bd04d000 r-xp 00000000 08:01 177682                     /lib/libnsl-2.4.so
2b98bd04d000-2b98bd14d000 ---p 00013000 08:01 177682                     /lib/libnsl-2.4.so
2b98bd14d000-2b98bd14f000 rwxp 00013000 08:01 177682                     /lib/libnsl-2.4.so
2b98bd14f000-2b98bd151000 rwxp 2b98bd14f000 00:00 0 
2b98bd164000-2b98bd16b000 r-xp 00000000 08:01 177683                     /lib/libnss_compat-2.4.so
2b98bd16b000-2b98bd26b000 ---p 00007000 08:01 177683                     /lib/libnss_compat-2.4.so
2b98bd26b000-2b98bd26d000 rwxp 00007000 08:01 177683                     /lib/libnss_compat-2.4.so
2b98bd26d000-2b98bd276000 r-xp 00000000 08:01 177687                     /lib/libnss_nis-2.4.so
2b98bd276000-2b98bd376000 ---p 00009000 08:01 177687                     /lib/libnss_nis-2.4.so
2b98bd376000-2b98bd378000 rwxp 00009000 08:01 177687                     /lib/libnss_nis-2.4.so
2b98bd378000-2b98bd382000 r-xp 00000000 08:01 177685                     /lib/libnss_files-2.4.so
2b98bd382000-2b98bd481000 ---p 0000a000 08:01 177685                     /lib/libnss_files-2.4.so
2b98bd481000-2b98bd483000 rwxp 00009000 08:01 177685                     /lib/libnss_files-2.4.so
2b98bd483000-2b98bd48b000 rwxs 00000000 08:01 174592                     /tmp/hsperfdata_sorenm/16767
2b98bd48b000-2b98bd498000 r-xp 00000000 08:02 7995398                    /home/sorenm/jdk1.5.0_08/jre/lib/amd64/libverify.so
2b98bd498000-2b98bd597000 ---p 0000d000 08:02 7995398                    /home/sorenm/jdk1.5.0_08/jre/lib/amd64/libverify.so
2b98bd597000-2b98bd59a000 rwxp 0000c000 08:02 7995398                    /home/sorenm/jdk1.5.0_08/jre/lib/amd64/libverify.so
2b98bd59a000-2b98bd5bf000 r-xp 00000000 08:02 7995411                    /home/sorenm/jdk1.5.0_08/jre/lib/amd64/libjava.so
2b98bd5bf000-2b98bd6be000 ---p 00025000 08:02 7995411                    /home/sorenm/jdk1.5.0_08/jre/lib/amd64/libjava.so
2b98bd6be000-2b98bd6c4000 rwxp 00024000 08:02 7995411                    /home/sorenm/jdk1.5.0_08/jre/lib/amd64/libjava.so
2b98bd6c4000-2b98bd6d3000 r-xp 00000000 08:02 7995404                    /home/sorenm/jdk1.5.0_08/jre/lib/amd64/libzip.so
2b98bd6d3000-2b98bd7d4000 ---p 0000f000 08:02 7995404                    /home/sorenm/jdk1.5.0_08/jre/lib/amd64/libzip.so
2b98bd7d4000-2b98bd7d8000 rwxp 00010000 08:02 7995404                    /home/sorenm/jdk1.5.0_08/jre/lib/amd64/libzip.so
2b98bd7d8000-2b98bfdee000 r-xs 00000000 08:02 11321381                   /home/sorenm/jdk1.5.0_08/jre/lib/rt.jar
2b98bfdee000-2b98bfe57000 rwxp 2b98bfdee000 00:00 0 
2b98bfe57000-2b98bfedc000 r-xs 00000000 08:02 11321350                   /home/sorenm/jdk1.5.0_08/jre/lib/jsse.jar
2b98bfedc000-2b98bfef1000 r-xs 00000000 08:02 11321378                   /home/sorenm/jdk1.5.0_08/jre/lib/jce.jar
2b98bfef1000-2b98c0761000 r-xs 00000000 08:02 11321356                   /home/sorenm/jdk1.5.0_08/jre/lib/charsets.jar
2b98c0761000-2b98c09d1000 rwxp 2b98c0761000 00:00 0 
2b98c09d1000-2b98c3761000 rwxp 2b98c09d1000 00:00 0 
2b98c3761000-2b98c376b000 rwxp 2b98c3761000 00:00 0 
2b98c376b000-2b98c3821000 rwxp 2b98c376b000 00:00 0 
2b98c3830000-2b98c4cf0000 rwxp 2b98c3830000 00:00 0 
2b98c4cf0000-2b98c8a30000 rwxp 2b98c4cf0000 00:00 0 
2b98c8a30000-2b98c9f30000 rwxp 2b98c8a30000 00:00 0 
2b98c9f30000-2b98dda30000 rwxp 2b98c9f30000 00:00 0 
2b98dda30000-2b98de4a0000 rwxp 2b98dda30000 00:00 0 
2b98de4a0000-2b98e8230000 rwxp 2b98de4a0000 00:00 0 
2b98e8230000-2b98e823b000 rwxp 2b98e8230000 00:00 0 
2b98e823b000-2b98e8259000 rwxp 2b98e823b000 00:00 0 
2b98e8259000-2b98e8264000 rwxp 2b98e8259000 00:00 0 
2b98e8264000-2b98e8301000 rwxp 2b98e8264000 00:00 0 
2b98e8301000-2b98e8307000 rwxp 2b98e8301000 00:00 0 
2b98e8307000-2b98e8355000 rwxp 2b98e8307000 00:00 0 
2b98e8355000-2b98e8361000 rwxp 2b98e8355000 00:00 0 
2b98e8361000-2b98e83fe000 rwxp 2b98e8361000 00:00 0 
2b98e83fe000-2b98e8409000 rwxp 2b98e83fe000 00:00 0 
2b98e8409000-2b98e8427000 rwxp 2b98e8409000 00:00 0 
7fffeea10000-7fffeea13000 ---p 7fffeea10000 00:00 0 
7fffeea13000-7fffeec10000 rwxp 7fffeea13000 00:00 0                      [stack]
ffffffffff600000-ffffffffffe00000 ---p 00000000 00:00 0                  [vdso]

VM Arguments:
jvm_args: -Djava.library.path=/home/sorenm/JIndex/libs/native/amd64 -DHOME=/home/sorenm
java_command: org.jindex.client.JIndexClient
Launcher Type: SUN_STANDARD

Environment Variables:
JAVA_HOME=/home/sorenm/jdk1.5.0_08
PATH=/home/sorenm/jdk1.5.0_08/bin:/usr/local/sbin:/usr/local/bin:/usr/sbin:/usr/bin:/sbin:/bin:/usr/bin/X11:/usr/games
USERNAME=sorenm
LD_LIBRARY_PATH=/home/sorenm/jdk1.5.0_08/jre/lib/amd64/server:/home/sorenm/jdk1.5.0_08/jre/lib/amd64:/home/sorenm/jdk1.5.0_08/jre/../lib/amd64
SHELL=/bin/bash
DISPLAY=:0.0

Signal Handlers:
SIGSEGV: [libjvm.so+0x656380], sa_mask[0]=0x7ffbfeff, sa_flags=0x14000004
SIGBUS: [libjvm.so+0x656380], sa_mask[0]=0x7ffbfeff, sa_flags=0x14000004
SIGFPE: [libjvm.so+0x55dd50], sa_mask[0]=0x7ffbfeff, sa_flags=0x14000004
SIGPIPE: [libjvm.so+0x55dd50], sa_mask[0]=0x7ffbfeff, sa_flags=0x14000004
SIGILL: [libjvm.so+0x55dd50], sa_mask[0]=0x7ffbfeff, sa_flags=0x14000004
SIGUSR1: SIG_DFL, sa_mask[0]=0x00000000, sa_flags=0x00000000
SIGUSR2: [libjvm.so+0x55fc00], sa_mask[0]=0x00000004, sa_flags=0x14000004
SIGHUP: [libjvm.so+0x55f6d0], sa_mask[0]=0x7ffbfeff, sa_flags=0x14000004
SIGINT: [libjvm.so+0x55f6d0], sa_mask[0]=0x7ffbfeff, sa_flags=0x14000004
SIGQUIT: [libjvm.so+0x55f6d0], sa_mask[0]=0x7ffbfeff, sa_flags=0x14000004
SIGTERM: [libjvm.so+0x55f6d0], sa_mask[0]=0x7ffbfeff, sa_flags=0x14000004


---------------  S Y S T E M  ---------------

OS:testing/unstable

uname:Linux 2.6.17-10-generic #2 SMP Wed Oct 11 20:20:51 UTC 2006 x86_64
libc:glibc 2.4 NPTL 2.4 
rlimit: STACK 8192k, CORE 0k, NPROC infinity, NOFILE 1024, AS infinity
load average:0.59 0.34 0.29

CPU:total 2 em64t ht

Memory: 4k page, physical 2057956k(16792k free), swap 3903784k(3562448k free)

vm_info: Java HotSpot(TM) 64-Bit Server VM (1.5.0_08-b03) for linux-amd64, built on Jun 28 2006 00:27:03 by java_re with gcc 3.2.2 (SuSE Linux)

